<?xml version="1.0" encoding="UTF-8"?>
<!-- Generated by org.testng.reporters.JUnitXMLReporter -->
<testsuite hostname="LT-34679A" name="Report Test" tests="4" failures="1" timestamp="11 Dec 2020 06:07:05 GMT" time="5.198" errors="0">
  <testcase name="EngagementType_Add" time="3.091" classname="restassured.automation.testcases.Restassured_Automation_Engagementtype"/>
  <testcase name="Organizations_Add" time="0.972" classname="restassured.automation.testcases.Restassured_Automation_Engagementtype">
    <failure type="java.lang.AssertionError" message="expected [&amp;quot;GER&amp;quot;] but found [&amp;quot;065&amp;quot;]">
      <![CDATA[java.lang.AssertionError: expected ["GER"] but found ["065"]
	at restassured.automation.testcases.Restassured_Automation_Engagementtype.Organizations_Add(Restassured_Automation_Engagementtype.java:66)
... Removed 29 stack frames]]>
    </failure>
  </testcase> <!-- Organizations_Add -->
  <testcase name="Organizations_Delete" time="0.566" classname="restassured.automation.testcases.Restassured_Automation_Engagementtype"/>
  <testcase name="Organizations_Update" time="0.486" classname="restassured.automation.testcases.Restassured_Automation_Engagementtype"/>
</testsuite> <!-- Report Test -->
