<?xml version="1.0" encoding="UTF-8"?>
<!-- Generated by org.testng.reporters.JUnitXMLReporter -->
<testsuite hostname="LT-CHN-33875" ignored="15" name="Test(failed)(failed)" tests="9" failures="9" timestamp="01 Jul 2021 07:43:49 GMT" time="33.159" errors="0">
  <testcase name="EngagementTeamRoles_PostCreateAnEngagementRoleForAnOrganization_status200" time="5.728" classname="restassured.automation.testcases.Restassured_Automation_EngagementTeamRoles">
    <failure type="java.lang.AssertionError" message="expected [200] but found [400]">
      <![CDATA[java.lang.AssertionError: expected [200] but found [400]
at restassured.automation.testcases.Restassured_Automation_EngagementTeamRoles.EngagementTeamRoles_PostCreateAnEngagementRoleForAnOrganization_status200(Restassured_Automation_EngagementTeamRoles.java:129)
... Removed 31 stack frames]]>
    </failure>
  </testcase> <!-- EngagementTeamRoles_PostCreateAnEngagementRoleForAnOrganization_status200 -->
  <testcase name="EngagementTeamRoles_PostCreateAnEngagementRoleForAnOrganization_status409" time="2.826" classname="restassured.automation.testcases.Restassured_Automation_EngagementTeamRoles">
    <failure type="java.lang.AssertionError" message="expected [409] but found [400]">
      <![CDATA[java.lang.AssertionError: expected [409] but found [400]
at restassured.automation.testcases.Restassured_Automation_EngagementTeamRoles.EngagementTeamRoles_PostCreateAnEngagementRoleForAnOrganization_status409(Restassured_Automation_EngagementTeamRoles.java:208)
... Removed 31 stack frames]]>
    </failure>
  </testcase> <!-- EngagementTeamRoles_PostCreateAnEngagementRoleForAnOrganization_status409 -->
  <testcase name="EngagementTeamRoles_PatchUpdateAnEngagementRoleForAnOrganization_status204" time="2.865" classname="restassured.automation.testcases.Restassured_Automation_EngagementTeamRoles">
    <failure type="java.lang.IndexOutOfBoundsException" message="Index: 0, Size: 0">
      <![CDATA[java.lang.IndexOutOfBoundsException: Index: 0, Size: 0
at java.util.ArrayList.rangeCheck(Unknown Source)
at java.util.ArrayList.get(Unknown Source)
at restassured.automation.testcases.Restassured_Automation_EngagementTeamRoles.EngagementTeamRoles_PatchUpdateAnEngagementRoleForAnOrganization_status204(Restassured_Automation_EngagementTeamRoles.java:289)
... Removed 25 stack frames]]>
    </failure>
  </testcase> <!-- EngagementTeamRoles_PatchUpdateAnEngagementRoleForAnOrganization_status204 -->
  <testcase name="EngagementTeamRoles_PatchUpdateAnEngagementRoleForAnOrganization_status404" time="2.82" classname="restassured.automation.testcases.Restassured_Automation_EngagementTeamRoles">
    <failure type="java.lang.IndexOutOfBoundsException" message="Index: 0, Size: 0">
      <![CDATA[java.lang.IndexOutOfBoundsException: Index: 0, Size: 0
at java.util.ArrayList.rangeCheck(Unknown Source)
at java.util.ArrayList.get(Unknown Source)
at restassured.automation.testcases.Restassured_Automation_EngagementTeamRoles.EngagementTeamRoles_PatchUpdateAnEngagementRoleForAnOrganization_status404(Restassured_Automation_EngagementTeamRoles.java:333)
... Removed 25 stack frames]]>
    </failure>
  </testcase> <!-- EngagementTeamRoles_PatchUpdateAnEngagementRoleForAnOrganization_status404 -->
  <testcase name="EngagementTeamRoles_PatchUpdateAnEngagementRoleForAnOrganization_status409" time="2.814" classname="restassured.automation.testcases.Restassured_Automation_EngagementTeamRoles">
    <failure type="java.lang.IndexOutOfBoundsException" message="Index: 0, Size: 0">
      <![CDATA[java.lang.IndexOutOfBoundsException: Index: 0, Size: 0
at java.util.ArrayList.rangeCheck(Unknown Source)
at java.util.ArrayList.get(Unknown Source)
at restassured.automation.testcases.Restassured_Automation_EngagementTeamRoles.EngagementTeamRoles_PatchUpdateAnEngagementRoleForAnOrganization_status409(Restassured_Automation_EngagementTeamRoles.java:376)
... Removed 25 stack frames]]>
    </failure>
  </testcase> <!-- EngagementTeamRoles_PatchUpdateAnEngagementRoleForAnOrganization_status409 -->
  <testcase name="EngagementTeamRoles_PatchUpdateAnEngagementRoleForAnOrganization_status400" time="2.836" classname="restassured.automation.testcases.Restassured_Automation_EngagementTeamRoles">
    <failure type="java.lang.IndexOutOfBoundsException" message="Index: 0, Size: 0">
      <![CDATA[java.lang.IndexOutOfBoundsException: Index: 0, Size: 0
at java.util.ArrayList.rangeCheck(Unknown Source)
at java.util.ArrayList.get(Unknown Source)
at restassured.automation.testcases.Restassured_Automation_EngagementTeamRoles.EngagementTeamRoles_PatchUpdateAnEngagementRoleForAnOrganization_status400(Restassured_Automation_EngagementTeamRoles.java:425)
... Removed 25 stack frames]]>
    </failure>
  </testcase> <!-- EngagementTeamRoles_PatchUpdateAnEngagementRoleForAnOrganization_status400 -->
  <testcase name="EngagementTeamRoles_DeleteDeleteAnEngagementRoleForAnOrganization_status204" time="2.858" classname="restassured.automation.testcases.Restassured_Automation_EngagementTeamRoles">
    <failure type="java.lang.IndexOutOfBoundsException" message="Index: 0, Size: 0">
      <![CDATA[java.lang.IndexOutOfBoundsException: Index: 0, Size: 0
at java.util.ArrayList.rangeCheck(Unknown Source)
at java.util.ArrayList.get(Unknown Source)
at restassured.automation.testcases.Restassured_Automation_EngagementTeamRoles.EngagementTeamRoles_DeleteDeleteAnEngagementRoleForAnOrganization_status204(Restassured_Automation_EngagementTeamRoles.java:461)
... Removed 25 stack frames]]>
    </failure>
  </testcase> <!-- EngagementTeamRoles_DeleteDeleteAnEngagementRoleForAnOrganization_status204 -->
  <testcase name="EngagementTeamRoles_DeleteDeleteAnEngagementRoleForAnOrganization_status404" time="2.877" classname="restassured.automation.testcases.Restassured_Automation_EngagementTeamRoles">
    <failure type="java.lang.IndexOutOfBoundsException" message="Index: 0, Size: 0">
      <![CDATA[java.lang.IndexOutOfBoundsException: Index: 0, Size: 0
at java.util.ArrayList.rangeCheck(Unknown Source)
at java.util.ArrayList.get(Unknown Source)
at restassured.automation.testcases.Restassured_Automation_EngagementTeamRoles.EngagementTeamRoles_DeleteDeleteAnEngagementRoleForAnOrganization_status404(Restassured_Automation_EngagementTeamRoles.java:495)
... Removed 25 stack frames]]>
    </failure>
  </testcase> <!-- EngagementTeamRoles_DeleteDeleteAnEngagementRoleForAnOrganization_status404 -->
  <testcase name="EngagementTeamRoles_DeleteAnEngagementRoleForAMethodology_status400" time="7.393" classname="restassured.automation.testcases.Restassured_Automation_EngagementTeamRoles">
    <failure type="java.lang.AssertionError" message="expected [400] but found [404]">
      <![CDATA[java.lang.AssertionError: expected [400] but found [404]
at restassured.automation.testcases.Restassured_Automation_EngagementTeamRoles.EngagementTeamRoles_DeleteAnEngagementRoleForAMethodology_status400(Restassured_Automation_EngagementTeamRoles.java:1292)
... Removed 31 stack frames]]>
    </failure>
  </testcase> <!-- EngagementTeamRoles_DeleteAnEngagementRoleForAMethodology_status400 -->
  <testcase name="EngagementTeamRoles_GetLoadAllEngagementRolesInformationForAnOrganization_status200" time="0.0" classname="restassured.automation.testcases.Restassured_Automation_EngagementTeamRoles">
    <ignored/>
  </testcase> <!-- EngagementTeamRoles_GetLoadAllEngagementRolesInformationForAnOrganization_status200 -->
  <testcase name="EngagementTeamRoles_PatchUpdateAnEngagementRoleForAMethodology_status404" time="0.0" classname="restassured.automation.testcases.Restassured_Automation_EngagementTeamRoles">
    <ignored/>
  </testcase> <!-- EngagementTeamRoles_PatchUpdateAnEngagementRoleForAMethodology_status404 -->
  <testcase name="EngagementTeamRoles_PatchUpdateAnEngagementRoleForAMethodology_status204" time="0.0" classname="restassured.automation.testcases.Restassured_Automation_EngagementTeamRoles">
    <ignored/>
  </testcase> <!-- EngagementTeamRoles_PatchUpdateAnEngagementRoleForAMethodology_status204 -->
  <testcase name="EngagementTeamRoles_DeleteAnEngagementRoleForAMethodology_status204" time="0.0" classname="restassured.automation.testcases.Restassured_Automation_EngagementTeamRoles">
    <ignored/>
  </testcase> <!-- EngagementTeamRoles_DeleteAnEngagementRoleForAMethodology_status204 -->
  <testcase name="EngagementTeamRoles_PatchUpdateAnEngagementRoleForAMethodology_status400" time="0.0" classname="restassured.automation.testcases.Restassured_Automation_EngagementTeamRoles">
    <ignored/>
  </testcase> <!-- EngagementTeamRoles_PatchUpdateAnEngagementRoleForAMethodology_status400 -->
  <testcase name="EngagementTeamRoles_DeleteAnEngagementRoleForAMethodology_status404" time="0.0" classname="restassured.automation.testcases.Restassured_Automation_EngagementTeamRoles">
    <ignored/>
  </testcase> <!-- EngagementTeamRoles_DeleteAnEngagementRoleForAMethodology_status404 -->
  <testcase name="EngagementTeamRoles_PostCreateAnEngagementRoleForAMethodology_status409" time="0.0" classname="restassured.automation.testcases.Restassured_Automation_EngagementTeamRoles">
    <ignored/>
  </testcase> <!-- EngagementTeamRoles_PostCreateAnEngagementRoleForAMethodology_status409 -->
  <testcase name="EngagementTeamRoles_PostCreateAnEngagementRoleForAnOrganization_status404" time="0.0" classname="restassured.automation.testcases.Restassured_Automation_EngagementTeamRoles">
    <ignored/>
  </testcase> <!-- EngagementTeamRoles_PostCreateAnEngagementRoleForAnOrganization_status404 -->
  <testcase name="EngagementTeamRoles_PostCreateAnEngagementRoleForAnOrganization_status400" time="0.0" classname="restassured.automation.testcases.Restassured_Automation_EngagementTeamRoles">
    <ignored/>
  </testcase> <!-- EngagementTeamRoles_PostCreateAnEngagementRoleForAnOrganization_status400 -->
  <testcase name="EngagementTeamRoles_DeleteAnEngagementRoleForAnOrganization_status400" time="0.0" classname="restassured.automation.testcases.Restassured_Automation_EngagementTeamRoles">
    <ignored/>
  </testcase> <!-- EngagementTeamRoles_DeleteAnEngagementRoleForAnOrganization_status400 -->
  <testcase name="EngagementTeamRoles_PostCreateAnEngagementRoleForAMethodology_status200" time="0.0" classname="restassured.automation.testcases.Restassured_Automation_EngagementTeamRoles">
    <ignored/>
  </testcase> <!-- EngagementTeamRoles_PostCreateAnEngagementRoleForAMethodology_status200 -->
  <testcase name="EngagementTeamRoles_PatchUpdateAnEngagementRoleForAMethodology_status409" time="0.0" classname="restassured.automation.testcases.Restassured_Automation_EngagementTeamRoles">
    <ignored/>
  </testcase> <!-- EngagementTeamRoles_PatchUpdateAnEngagementRoleForAMethodology_status409 -->
  <testcase name="EngagementTeamRoles_GetLoadAllEngagementRolesInformationForARevision_status200" time="0.0" classname="restassured.automation.testcases.Restassured_Automation_EngagementTeamRoles">
    <ignored/>
  </testcase> <!-- EngagementTeamRoles_GetLoadAllEngagementRolesInformationForARevision_status200 -->
  <testcase name="EngagementTeamRoles_PostCreateAnEngagementRoleForAMethodology_status400" time="0.0" classname="restassured.automation.testcases.Restassured_Automation_EngagementTeamRoles">
    <ignored/>
  </testcase> <!-- EngagementTeamRoles_PostCreateAnEngagementRoleForAMethodology_status400 -->
  <testcase name="EngagementTeamRoles_PostCreateAnEngagementRoleForAMethodology_status404" time="0.0" classname="restassured.automation.testcases.Restassured_Automation_EngagementTeamRoles">
    <ignored/>
  </testcase> <!-- EngagementTeamRoles_PostCreateAnEngagementRoleForAMethodology_status404 -->
</testsuite> <!-- Test(failed)(failed) -->
