<?xml version="1.0" encoding="UTF-8"?>
<!-- Generated by org.testng.reporters.JUnitXMLReporter -->
<testsuite hostname="LT-CHN-33875" ignored="0" name="Test" tests="33" failures="5" timestamp="12 May 2021 10:36:46 GMT" time="325.69" errors="0">
  <testcase name="postPublishInherit_status200" time="6.162" classname="restassured.automation.testcases.Restassured_Automation_Publish">
    <failure type="java.lang.AssertionError" message="expected [200] but found [500]">
      <![CDATA[java.lang.AssertionError: expected [200] but found [500]
at restassured.automation.testcases.Restassured_Automation_Publish.postPublishInherit_status200(Restassured_Automation_Publish.java:268)
... Removed 31 stack frames]]>
    </failure>
  </testcase> <!-- postPublishInherit_status200 -->
  <testcase name="postPublish_status200" time="6.006" classname="restassured.automation.testcases.Restassured_Automation_Publish"/>
  <testcase name="postValidate_status200" time="5.33" classname="restassured.automation.testcases.Restassured_Automation_Publish"/>
  <testcase name="deleteCreateAProcedureGroupTree_status204" time="21.963" classname="restassured.automation.testcases.Restassured_Automation_ProcedureGroups"/>
  <testcase name="deleteCreateAProcedureGroupTree_status400" time="22.097" classname="restassured.automation.testcases.Restassured_Automation_ProcedureGroups"/>
  <testcase name="getCreateAProcedureGroup_status200" time="18.14" classname="restassured.automation.testcases.Restassured_Automation_ProcedureGroups">
    <failure type="java.lang.NullPointerException">
      <![CDATA[java.lang.NullPointerException
at restassured.automation.testcases.Restassured_Automation_ProcedureGroups.getCreateAProcedureGroup_status200(Restassured_Automation_ProcedureGroups.java:345)
... Removed 25 stack frames]]>
    </failure>
  </testcase> <!-- getCreateAProcedureGroup_status200 -->
  <testcase name="postCreateAProcedureGroupTree_status204" time="20.348" classname="restassured.automation.testcases.Restassured_Automation_ProcedureGroups"/>
  <testcase name="postCreateAProcedureGroupTree_status400" time="20.807" classname="restassured.automation.testcases.Restassured_Automation_ProcedureGroups"/>
  <testcase name="postCreateAProcedureGroup_status200" time="19.049" classname="restassured.automation.testcases.Restassured_Automation_ProcedureGroups"/>
  <testcase name="postCreateAProcedureGroup_status400" time="18.677" classname="restassured.automation.testcases.Restassured_Automation_ProcedureGroups"/>
  <testcase name="postCreateAProcedureGroup_status409" time="20.591" classname="restassured.automation.testcases.Restassured_Automation_ProcedureGroups">
    <failure type="java.lang.AssertionError" message="expected [409] but found [200]">
      <![CDATA[java.lang.AssertionError: expected [409] but found [200]
at restassured.automation.testcases.Restassured_Automation_ProcedureGroups.postCreateAProcedureGroup_status409(Restassured_Automation_ProcedureGroups.java:1260)
... Removed 31 stack frames]]>
    </failure>
  </testcase> <!-- postCreateAProcedureGroup_status409 -->
  <testcase name="putCreateAProcedureGroupTree_status204" time="22.056" classname="restassured.automation.testcases.Restassured_Automation_ProcedureGroups"/>
  <testcase name="putCreateAProcedureGroupTree_status400" time="21.468" classname="restassured.automation.testcases.Restassured_Automation_ProcedureGroups"/>
  <testcase name="putCreateAProcedureGroup_status200" time="19.12" classname="restassured.automation.testcases.Restassured_Automation_ProcedureGroups"/>
  <testcase name="putCreateAProcedureGroup_status400" time="18.926" classname="restassured.automation.testcases.Restassured_Automation_ProcedureGroups"/>
  <testcase name="deleteAnEngagementRoleForAMethodology_status204" time="4.967" classname="restassured.automation.testcases.Restassured_Automation_EngagementTeamRoles"/>
  <testcase name="deleteAnEngagementRoleForAMethodology_status400" time="5.931" classname="restassured.automation.testcases.Restassured_Automation_EngagementTeamRoles"/>
  <testcase name="deleteDeleteAnEngagementRoleForAnOrganization_status204" time="3.416" classname="restassured.automation.testcases.Restassured_Automation_EngagementTeamRoles"/>
  <testcase name="deleteDeleteAnEngagementRoleForAnOrganization_status400" time="3.445" classname="restassured.automation.testcases.Restassured_Automation_EngagementTeamRoles"/>
  <testcase name="getLoadAllEngagementRolesInformationForARevision_status200" time="3.392" classname="restassured.automation.testcases.Restassured_Automation_EngagementTeamRoles"/>
  <testcase name="getLoadAllEngagementRolesInformationForAnOrganization_status200" time="2.259" classname="restassured.automation.testcases.Restassured_Automation_EngagementTeamRoles"/>
  <testcase name="patchUpdateAnEngagementRoleForAMethodology_status204" time="4.61" classname="restassured.automation.testcases.Restassured_Automation_EngagementTeamRoles"/>
  <testcase name="patchUpdateAnEngagementRoleForAMethodology_status400" time="4.492" classname="restassured.automation.testcases.Restassured_Automation_EngagementTeamRoles"/>
  <testcase name="patchUpdateAnEngagementRoleForAMethodology_status409" time="4.663" classname="restassured.automation.testcases.Restassured_Automation_EngagementTeamRoles">
    <failure type="java.lang.AssertionError" message="expected [409] but found [204]">
      <![CDATA[java.lang.AssertionError: expected [409] but found [204]
at restassured.automation.testcases.Restassured_Automation_EngagementTeamRoles.patchUpdateAnEngagementRoleForAMethodology_status409(Restassured_Automation_EngagementTeamRoles.java:778)
... Removed 31 stack frames]]>
    </failure>
  </testcase> <!-- patchUpdateAnEngagementRoleForAMethodology_status409 -->
  <testcase name="patchUpdateAnEngagementRoleForAnOrganization_status204" time="3.445" classname="restassured.automation.testcases.Restassured_Automation_EngagementTeamRoles"/>
  <testcase name="patchUpdateAnEngagementRoleForAnOrganization_status400" time="3.349" classname="restassured.automation.testcases.Restassured_Automation_EngagementTeamRoles"/>
  <testcase name="patchUpdateAnEngagementRoleForAnOrganization_status409" time="3.404" classname="restassured.automation.testcases.Restassured_Automation_EngagementTeamRoles">
    <failure type="java.lang.AssertionError" message="expected [409] but found [204]">
      <![CDATA[java.lang.AssertionError: expected [409] but found [204]
at restassured.automation.testcases.Restassured_Automation_EngagementTeamRoles.patchUpdateAnEngagementRoleForAnOrganization_status409(Restassured_Automation_EngagementTeamRoles.java:297)
... Removed 31 stack frames]]>
    </failure>
  </testcase> <!-- patchUpdateAnEngagementRoleForAnOrganization_status409 -->
  <testcase name="postCreateAnEngagementRoleForAMethodology_status200" time="3.521" classname="restassured.automation.testcases.Restassured_Automation_EngagementTeamRoles"/>
  <testcase name="postCreateAnEngagementRoleForAMethodology_status400" time="3.422" classname="restassured.automation.testcases.Restassured_Automation_EngagementTeamRoles"/>
  <testcase name="postCreateAnEngagementRoleForAMethodology_status409" time="3.471" classname="restassured.automation.testcases.Restassured_Automation_EngagementTeamRoles"/>
  <testcase name="postCreateAnEngagementRoleForAnOrganization_status200" time="2.363" classname="restassured.automation.testcases.Restassured_Automation_EngagementTeamRoles"/>
  <testcase name="postCreateAnEngagementRoleForAnOrganization_status400" time="2.278" classname="restassured.automation.testcases.Restassured_Automation_EngagementTeamRoles"/>
  <testcase name="postCreateAnEngagementRoleForAnOrganization_status409" time="2.319" classname="restassured.automation.testcases.Restassured_Automation_EngagementTeamRoles"/>
</testsuite> <!-- Test -->
