<html>
<head>
<title>TestNG:  Test</title>
<link href="../testng.css" rel="stylesheet" type="text/css" />
<link href="../my-testng.css" rel="stylesheet" type="text/css" />

<style type="text/css">
.log { display: none;} 
.stack-trace { display: none;} 
</style>
<script type="text/javascript">
<!--
function flip(e) {
  current = e.style.display;
  if (current == 'block') {
    e.style.display = 'none';
    return 0;
  }
  else {
    e.style.display = 'block';
    return 1;
  }
}

function toggleBox(szDivId, elem, msg1, msg2)
{
  var res = -1;  if (document.getElementById) {
    res = flip(document.getElementById(szDivId));
  }
  else if (document.all) {
    // this is the way old msie versions work
    res = flip(document.all[szDivId]);
  }
  if(elem) {
    if(res == 0) elem.innerHTML = msg1; else elem.innerHTML = msg2;
  }

}

function toggleAllBoxes() {
  if (document.getElementsByTagName) {
    d = document.getElementsByTagName('div');
    for (i = 0; i < d.length; i++) {
      if (d[i].className == 'log') {
        flip(d[i]);
      }
    }
  }
}

// -->
</script>

</head>
<body>
<h2 align='center'>Test</h2><table border='1' align="center">
<tr>
<td>Tests passed/Failed/Skipped:</td><td>28/5/0</td>
</tr><tr>
<td>Started on:</td><td>Wed May 12 16:01:20 IST 2021</td>
</tr>
<tr><td>Total time:</td><td>325 seconds (325690 ms)</td>
</tr><tr>
<td>Included groups:</td><td>EndToEnd IntegrationTests </td>
</tr><tr>
<td>Excluded groups:</td><td></td>
</tr>
</table><p/>
<small><i>(Hover the method name to see the test class name)</i></small><p/>
<table width='100%' border='1' class='invocation-failed'>
<tr><td colspan='4' align='center'><b>FAILED TESTS</b></td></tr>
<tr><td><b>Test method</b></td>
<td width="30%"><b>Exception</b></td>
<td width="10%"><b>Time (seconds)</b></td>
<td><b>Instance</b></td>
</tr>
<tr>
<td title='restassured.automation.testcases.Restassured_Automation_ProcedureGroups.getCreateAProcedureGroup_status200()'><b>getCreateAProcedureGroup_status200</b><br>Test class: restassured.automation.testcases.Restassured_Automation_ProcedureGroups</td>
<td><div><pre>java.lang.NullPointerException
	at restassured.automation.testcases.Restassured_Automation_ProcedureGroups.getCreateAProcedureGroup_status200(Restassured_Automation_ProcedureGroups.java:345)
... Removed 25 stack frames</pre></div><a href='#' onClick='toggleBox("stack-trace872452937", this, "Click to show all stack frames", "Click to hide stack frames")'>Click to show all stack frames</a>
<div class='stack-trace' id='stack-trace872452937'><pre>java.lang.NullPointerException
	at restassured.automation.testcases.Restassured_Automation_ProcedureGroups.getCreateAProcedureGroup_status200(Restassured_Automation_ProcedureGroups.java:345)
	at sun.reflect.NativeMethodAccessorImpl.invoke0(Native Method)
	at sun.reflect.NativeMethodAccessorImpl.invoke(Unknown Source)
	at sun.reflect.DelegatingMethodAccessorImpl.invoke(Unknown Source)
	at java.lang.reflect.Method.invoke(Unknown Source)
	at org.testng.internal.MethodInvocationHelper.invokeMethod(MethodInvocationHelper.java:124)
	at org.testng.internal.Invoker.invokeMethod(Invoker.java:583)
	at org.testng.internal.Invoker.invokeTestMethod(Invoker.java:719)
	at org.testng.internal.Invoker.invokeTestMethods(Invoker.java:989)
	at org.testng.internal.TestMethodWorker.invokeTestMethods(TestMethodWorker.java:125)
	at org.testng.internal.TestMethodWorker.run(TestMethodWorker.java:109)
	at org.testng.TestRunner.privateRun(TestRunner.java:648)
	at org.testng.TestRunner.run(TestRunner.java:505)
	at org.testng.SuiteRunner.runTest(SuiteRunner.java:455)
	at org.testng.SuiteRunner.runSequentially(SuiteRunner.java:450)
	at org.testng.SuiteRunner.privateRun(SuiteRunner.java:415)
	at org.testng.SuiteRunner.run(SuiteRunner.java:364)
	at org.testng.SuiteRunnerWorker.runSuite(SuiteRunnerWorker.java:52)
	at org.testng.SuiteRunnerWorker.run(SuiteRunnerWorker.java:84)
	at org.testng.TestNG.runSuitesSequentially(TestNG.java:1208)
	at org.testng.TestNG.runSuitesLocally(TestNG.java:1137)
	at org.testng.TestNG.runSuites(TestNG.java:1049)
	at org.testng.TestNG.run(TestNG.java:1017)
	at org.testng.remote.AbstractRemoteTestNG.run(AbstractRemoteTestNG.java:114)
	at org.testng.remote.RemoteTestNG.initAndRun(RemoteTestNG.java:251)
	at org.testng.remote.RemoteTestNG.main(RemoteTestNG.java:77)
</pre></div></td>
<td>18</td>
<td>restassured.automation.testcases.Restassured_Automation_ProcedureGroups@56235b8e</td></tr>
<tr>
<td title='restassured.automation.testcases.Restassured_Automation_EngagementTeamRoles.patchUpdateAnEngagementRoleForAMethodology_status409()'><b>patchUpdateAnEngagementRoleForAMethodology_status409</b><br>Test class: restassured.automation.testcases.Restassured_Automation_EngagementTeamRoles</td>
<td><div><pre>java.lang.AssertionError: expected [409] but found [204]
	at restassured.automation.testcases.Restassured_Automation_EngagementTeamRoles.patchUpdateAnEngagementRoleForAMethodology_status409(Restassured_Automation_EngagementTeamRoles.java:778)
... Removed 31 stack frames</pre></div><a href='#' onClick='toggleBox("stack-trace1647467332", this, "Click to show all stack frames", "Click to hide stack frames")'>Click to show all stack frames</a>
<div class='stack-trace' id='stack-trace1647467332'><pre>java.lang.AssertionError: expected [409] but found [204]
	at org.testng.Assert.fail(Assert.java:96)
	at org.testng.Assert.failNotEquals(Assert.java:776)
	at org.testng.Assert.assertEqualsImpl(Assert.java:137)
	at org.testng.Assert.assertEquals(Assert.java:118)
	at org.testng.Assert.assertEquals(Assert.java:652)
	at org.testng.Assert.assertEquals(Assert.java:662)
	at restassured.automation.testcases.Restassured_Automation_EngagementTeamRoles.patchUpdateAnEngagementRoleForAMethodology_status409(Restassured_Automation_EngagementTeamRoles.java:778)
	at sun.reflect.NativeMethodAccessorImpl.invoke0(Native Method)
	at sun.reflect.NativeMethodAccessorImpl.invoke(Unknown Source)
	at sun.reflect.DelegatingMethodAccessorImpl.invoke(Unknown Source)
	at java.lang.reflect.Method.invoke(Unknown Source)
	at org.testng.internal.MethodInvocationHelper.invokeMethod(MethodInvocationHelper.java:124)
	at org.testng.internal.Invoker.invokeMethod(Invoker.java:583)
	at org.testng.internal.Invoker.invokeTestMethod(Invoker.java:719)
	at org.testng.internal.Invoker.invokeTestMethods(Invoker.java:989)
	at org.testng.internal.TestMethodWorker.invokeTestMethods(TestMethodWorker.java:125)
	at org.testng.internal.TestMethodWorker.run(TestMethodWorker.java:109)
	at org.testng.TestRunner.privateRun(TestRunner.java:648)
	at org.testng.TestRunner.run(TestRunner.java:505)
	at org.testng.SuiteRunner.runTest(SuiteRunner.java:455)
	at org.testng.SuiteRunner.runSequentially(SuiteRunner.java:450)
	at org.testng.SuiteRunner.privateRun(SuiteRunner.java:415)
	at org.testng.SuiteRunner.run(SuiteRunner.java:364)
	at org.testng.SuiteRunnerWorker.runSuite(SuiteRunnerWorker.java:52)
	at org.testng.SuiteRunnerWorker.run(SuiteRunnerWorker.java:84)
	at org.testng.TestNG.runSuitesSequentially(TestNG.java:1208)
	at org.testng.TestNG.runSuitesLocally(TestNG.java:1137)
	at org.testng.TestNG.runSuites(TestNG.java:1049)
	at org.testng.TestNG.run(TestNG.java:1017)
	at org.testng.remote.AbstractRemoteTestNG.run(AbstractRemoteTestNG.java:114)
	at org.testng.remote.RemoteTestNG.initAndRun(RemoteTestNG.java:251)
	at org.testng.remote.RemoteTestNG.main(RemoteTestNG.java:77)
</pre></div></td>
<td>4</td>
<td>restassured.automation.testcases.Restassured_Automation_EngagementTeamRoles@3632be31</td></tr>
<tr>
<td title='restassured.automation.testcases.Restassured_Automation_EngagementTeamRoles.patchUpdateAnEngagementRoleForAnOrganization_status409()'><b>patchUpdateAnEngagementRoleForAnOrganization_status409</b><br>Test class: restassured.automation.testcases.Restassured_Automation_EngagementTeamRoles</td>
<td><div><pre>java.lang.AssertionError: expected [409] but found [204]
	at restassured.automation.testcases.Restassured_Automation_EngagementTeamRoles.patchUpdateAnEngagementRoleForAnOrganization_status409(Restassured_Automation_EngagementTeamRoles.java:297)
... Removed 31 stack frames</pre></div><a href='#' onClick='toggleBox("stack-trace1467886481", this, "Click to show all stack frames", "Click to hide stack frames")'>Click to show all stack frames</a>
<div class='stack-trace' id='stack-trace1467886481'><pre>java.lang.AssertionError: expected [409] but found [204]
	at org.testng.Assert.fail(Assert.java:96)
	at org.testng.Assert.failNotEquals(Assert.java:776)
	at org.testng.Assert.assertEqualsImpl(Assert.java:137)
	at org.testng.Assert.assertEquals(Assert.java:118)
	at org.testng.Assert.assertEquals(Assert.java:652)
	at org.testng.Assert.assertEquals(Assert.java:662)
	at restassured.automation.testcases.Restassured_Automation_EngagementTeamRoles.patchUpdateAnEngagementRoleForAnOrganization_status409(Restassured_Automation_EngagementTeamRoles.java:297)
	at sun.reflect.NativeMethodAccessorImpl.invoke0(Native Method)
	at sun.reflect.NativeMethodAccessorImpl.invoke(Unknown Source)
	at sun.reflect.DelegatingMethodAccessorImpl.invoke(Unknown Source)
	at java.lang.reflect.Method.invoke(Unknown Source)
	at org.testng.internal.MethodInvocationHelper.invokeMethod(MethodInvocationHelper.java:124)
	at org.testng.internal.Invoker.invokeMethod(Invoker.java:583)
	at org.testng.internal.Invoker.invokeTestMethod(Invoker.java:719)
	at org.testng.internal.Invoker.invokeTestMethods(Invoker.java:989)
	at org.testng.internal.TestMethodWorker.invokeTestMethods(TestMethodWorker.java:125)
	at org.testng.internal.TestMethodWorker.run(TestMethodWorker.java:109)
	at org.testng.TestRunner.privateRun(TestRunner.java:648)
	at org.testng.TestRunner.run(TestRunner.java:505)
	at org.testng.SuiteRunner.runTest(SuiteRunner.java:455)
	at org.testng.SuiteRunner.runSequentially(SuiteRunner.java:450)
	at org.testng.SuiteRunner.privateRun(SuiteRunner.java:415)
	at org.testng.SuiteRunner.run(SuiteRunner.java:364)
	at org.testng.SuiteRunnerWorker.runSuite(SuiteRunnerWorker.java:52)
	at org.testng.SuiteRunnerWorker.run(SuiteRunnerWorker.java:84)
	at org.testng.TestNG.runSuitesSequentially(TestNG.java:1208)
	at org.testng.TestNG.runSuitesLocally(TestNG.java:1137)
	at org.testng.TestNG.runSuites(TestNG.java:1049)
	at org.testng.TestNG.run(TestNG.java:1017)
	at org.testng.remote.AbstractRemoteTestNG.run(AbstractRemoteTestNG.java:114)
	at org.testng.remote.RemoteTestNG.initAndRun(RemoteTestNG.java:251)
	at org.testng.remote.RemoteTestNG.main(RemoteTestNG.java:77)
</pre></div></td>
<td>3</td>
<td>restassured.automation.testcases.Restassured_Automation_EngagementTeamRoles@3632be31</td></tr>
<tr>
<td title='restassured.automation.testcases.Restassured_Automation_ProcedureGroups.postCreateAProcedureGroup_status409()'><b>postCreateAProcedureGroup_status409</b><br>Test class: restassured.automation.testcases.Restassured_Automation_ProcedureGroups</td>
<td><div><pre>java.lang.AssertionError: expected [409] but found [200]
	at restassured.automation.testcases.Restassured_Automation_ProcedureGroups.postCreateAProcedureGroup_status409(Restassured_Automation_ProcedureGroups.java:1260)
... Removed 31 stack frames</pre></div><a href='#' onClick='toggleBox("stack-trace1358359723", this, "Click to show all stack frames", "Click to hide stack frames")'>Click to show all stack frames</a>
<div class='stack-trace' id='stack-trace1358359723'><pre>java.lang.AssertionError: expected [409] but found [200]
	at org.testng.Assert.fail(Assert.java:96)
	at org.testng.Assert.failNotEquals(Assert.java:776)
	at org.testng.Assert.assertEqualsImpl(Assert.java:137)
	at org.testng.Assert.assertEquals(Assert.java:118)
	at org.testng.Assert.assertEquals(Assert.java:652)
	at org.testng.Assert.assertEquals(Assert.java:662)
	at restassured.automation.testcases.Restassured_Automation_ProcedureGroups.postCreateAProcedureGroup_status409(Restassured_Automation_ProcedureGroups.java:1260)
	at sun.reflect.NativeMethodAccessorImpl.invoke0(Native Method)
	at sun.reflect.NativeMethodAccessorImpl.invoke(Unknown Source)
	at sun.reflect.DelegatingMethodAccessorImpl.invoke(Unknown Source)
	at java.lang.reflect.Method.invoke(Unknown Source)
	at org.testng.internal.MethodInvocationHelper.invokeMethod(MethodInvocationHelper.java:124)
	at org.testng.internal.Invoker.invokeMethod(Invoker.java:583)
	at org.testng.internal.Invoker.invokeTestMethod(Invoker.java:719)
	at org.testng.internal.Invoker.invokeTestMethods(Invoker.java:989)
	at org.testng.internal.TestMethodWorker.invokeTestMethods(TestMethodWorker.java:125)
	at org.testng.internal.TestMethodWorker.run(TestMethodWorker.java:109)
	at org.testng.TestRunner.privateRun(TestRunner.java:648)
	at org.testng.TestRunner.run(TestRunner.java:505)
	at org.testng.SuiteRunner.runTest(SuiteRunner.java:455)
	at org.testng.SuiteRunner.runSequentially(SuiteRunner.java:450)
	at org.testng.SuiteRunner.privateRun(SuiteRunner.java:415)
	at org.testng.SuiteRunner.run(SuiteRunner.java:364)
	at org.testng.SuiteRunnerWorker.runSuite(SuiteRunnerWorker.java:52)
	at org.testng.SuiteRunnerWorker.run(SuiteRunnerWorker.java:84)
	at org.testng.TestNG.runSuitesSequentially(TestNG.java:1208)
	at org.testng.TestNG.runSuitesLocally(TestNG.java:1137)
	at org.testng.TestNG.runSuites(TestNG.java:1049)
	at org.testng.TestNG.run(TestNG.java:1017)
	at org.testng.remote.AbstractRemoteTestNG.run(AbstractRemoteTestNG.java:114)
	at org.testng.remote.RemoteTestNG.initAndRun(RemoteTestNG.java:251)
	at org.testng.remote.RemoteTestNG.main(RemoteTestNG.java:77)
</pre></div></td>
<td>20</td>
<td>restassured.automation.testcases.Restassured_Automation_ProcedureGroups@56235b8e</td></tr>
<tr>
<td title='restassured.automation.testcases.Restassured_Automation_Publish.postPublishInherit_status200()'><b>postPublishInherit_status200</b><br>Test class: restassured.automation.testcases.Restassured_Automation_Publish</td>
<td><div><pre>java.lang.AssertionError: expected [200] but found [500]
	at restassured.automation.testcases.Restassured_Automation_Publish.postPublishInherit_status200(Restassured_Automation_Publish.java:268)
... Removed 31 stack frames</pre></div><a href='#' onClick='toggleBox("stack-trace1152380885", this, "Click to show all stack frames", "Click to hide stack frames")'>Click to show all stack frames</a>
<div class='stack-trace' id='stack-trace1152380885'><pre>java.lang.AssertionError: expected [200] but found [500]
	at org.testng.Assert.fail(Assert.java:96)
	at org.testng.Assert.failNotEquals(Assert.java:776)
	at org.testng.Assert.assertEqualsImpl(Assert.java:137)
	at org.testng.Assert.assertEquals(Assert.java:118)
	at org.testng.Assert.assertEquals(Assert.java:652)
	at org.testng.Assert.assertEquals(Assert.java:662)
	at restassured.automation.testcases.Restassured_Automation_Publish.postPublishInherit_status200(Restassured_Automation_Publish.java:268)
	at sun.reflect.NativeMethodAccessorImpl.invoke0(Native Method)
	at sun.reflect.NativeMethodAccessorImpl.invoke(Unknown Source)
	at sun.reflect.DelegatingMethodAccessorImpl.invoke(Unknown Source)
	at java.lang.reflect.Method.invoke(Unknown Source)
	at org.testng.internal.MethodInvocationHelper.invokeMethod(MethodInvocationHelper.java:124)
	at org.testng.internal.Invoker.invokeMethod(Invoker.java:583)
	at org.testng.internal.Invoker.invokeTestMethod(Invoker.java:719)
	at org.testng.internal.Invoker.invokeTestMethods(Invoker.java:989)
	at org.testng.internal.TestMethodWorker.invokeTestMethods(TestMethodWorker.java:125)
	at org.testng.internal.TestMethodWorker.run(TestMethodWorker.java:109)
	at org.testng.TestRunner.privateRun(TestRunner.java:648)
	at org.testng.TestRunner.run(TestRunner.java:505)
	at org.testng.SuiteRunner.runTest(SuiteRunner.java:455)
	at org.testng.SuiteRunner.runSequentially(SuiteRunner.java:450)
	at org.testng.SuiteRunner.privateRun(SuiteRunner.java:415)
	at org.testng.SuiteRunner.run(SuiteRunner.java:364)
	at org.testng.SuiteRunnerWorker.runSuite(SuiteRunnerWorker.java:52)
	at org.testng.SuiteRunnerWorker.run(SuiteRunnerWorker.java:84)
	at org.testng.TestNG.runSuitesSequentially(TestNG.java:1208)
	at org.testng.TestNG.runSuitesLocally(TestNG.java:1137)
	at org.testng.TestNG.runSuites(TestNG.java:1049)
	at org.testng.TestNG.run(TestNG.java:1017)
	at org.testng.remote.AbstractRemoteTestNG.run(AbstractRemoteTestNG.java:114)
	at org.testng.remote.RemoteTestNG.initAndRun(RemoteTestNG.java:251)
	at org.testng.remote.RemoteTestNG.main(RemoteTestNG.java:77)
</pre></div></td>
<td>6</td>
<td>restassured.automation.testcases.Restassured_Automation_Publish@6fc6f14e</td></tr>
</table><p>
<table width='100%' border='1' class='invocation-passed'>
<tr><td colspan='4' align='center'><b>PASSED TESTS</b></td></tr>
<tr><td><b>Test method</b></td>
<td width="30%"><b>Exception</b></td>
<td width="10%"><b>Time (seconds)</b></td>
<td><b>Instance</b></td>
</tr>
<tr>
<td title='restassured.automation.testcases.Restassured_Automation_EngagementTeamRoles.deleteAnEngagementRoleForAMethodology_status204()'><b>deleteAnEngagementRoleForAMethodology_status204</b><br>Test class: restassured.automation.testcases.Restassured_Automation_EngagementTeamRoles</td>
<td></td>
<td>4</td>
<td>restassured.automation.testcases.Restassured_Automation_EngagementTeamRoles@3632be31</td></tr>
<tr>
<td title='restassured.automation.testcases.Restassured_Automation_EngagementTeamRoles.deleteAnEngagementRoleForAMethodology_status400()'><b>deleteAnEngagementRoleForAMethodology_status400</b><br>Test class: restassured.automation.testcases.Restassured_Automation_EngagementTeamRoles</td>
<td></td>
<td>5</td>
<td>restassured.automation.testcases.Restassured_Automation_EngagementTeamRoles@3632be31</td></tr>
<tr>
<td title='restassured.automation.testcases.Restassured_Automation_ProcedureGroups.deleteCreateAProcedureGroupTree_status204()'><b>deleteCreateAProcedureGroupTree_status204</b><br>Test class: restassured.automation.testcases.Restassured_Automation_ProcedureGroups</td>
<td></td>
<td>21</td>
<td>restassured.automation.testcases.Restassured_Automation_ProcedureGroups@56235b8e</td></tr>
<tr>
<td title='restassured.automation.testcases.Restassured_Automation_ProcedureGroups.deleteCreateAProcedureGroupTree_status400()'><b>deleteCreateAProcedureGroupTree_status400</b><br>Test class: restassured.automation.testcases.Restassured_Automation_ProcedureGroups</td>
<td></td>
<td>22</td>
<td>restassured.automation.testcases.Restassured_Automation_ProcedureGroups@56235b8e</td></tr>
<tr>
<td title='restassured.automation.testcases.Restassured_Automation_EngagementTeamRoles.deleteDeleteAnEngagementRoleForAnOrganization_status204()'><b>deleteDeleteAnEngagementRoleForAnOrganization_status204</b><br>Test class: restassured.automation.testcases.Restassured_Automation_EngagementTeamRoles</td>
<td></td>
<td>3</td>
<td>restassured.automation.testcases.Restassured_Automation_EngagementTeamRoles@3632be31</td></tr>
<tr>
<td title='restassured.automation.testcases.Restassured_Automation_EngagementTeamRoles.deleteDeleteAnEngagementRoleForAnOrganization_status400()'><b>deleteDeleteAnEngagementRoleForAnOrganization_status400</b><br>Test class: restassured.automation.testcases.Restassured_Automation_EngagementTeamRoles</td>
<td></td>
<td>3</td>
<td>restassured.automation.testcases.Restassured_Automation_EngagementTeamRoles@3632be31</td></tr>
<tr>
<td title='restassured.automation.testcases.Restassured_Automation_EngagementTeamRoles.getLoadAllEngagementRolesInformationForARevision_status200()'><b>getLoadAllEngagementRolesInformationForARevision_status200</b><br>Test class: restassured.automation.testcases.Restassured_Automation_EngagementTeamRoles</td>
<td></td>
<td>3</td>
<td>restassured.automation.testcases.Restassured_Automation_EngagementTeamRoles@3632be31</td></tr>
<tr>
<td title='restassured.automation.testcases.Restassured_Automation_EngagementTeamRoles.getLoadAllEngagementRolesInformationForAnOrganization_status200()'><b>getLoadAllEngagementRolesInformationForAnOrganization_status200</b><br>Test class: restassured.automation.testcases.Restassured_Automation_EngagementTeamRoles</td>
<td></td>
<td>2</td>
<td>restassured.automation.testcases.Restassured_Automation_EngagementTeamRoles@3632be31</td></tr>
<tr>
<td title='restassured.automation.testcases.Restassured_Automation_EngagementTeamRoles.patchUpdateAnEngagementRoleForAMethodology_status204()'><b>patchUpdateAnEngagementRoleForAMethodology_status204</b><br>Test class: restassured.automation.testcases.Restassured_Automation_EngagementTeamRoles</td>
<td></td>
<td>4</td>
<td>restassured.automation.testcases.Restassured_Automation_EngagementTeamRoles@3632be31</td></tr>
<tr>
<td title='restassured.automation.testcases.Restassured_Automation_EngagementTeamRoles.patchUpdateAnEngagementRoleForAMethodology_status400()'><b>patchUpdateAnEngagementRoleForAMethodology_status400</b><br>Test class: restassured.automation.testcases.Restassured_Automation_EngagementTeamRoles</td>
<td></td>
<td>4</td>
<td>restassured.automation.testcases.Restassured_Automation_EngagementTeamRoles@3632be31</td></tr>
<tr>
<td title='restassured.automation.testcases.Restassured_Automation_EngagementTeamRoles.patchUpdateAnEngagementRoleForAnOrganization_status204()'><b>patchUpdateAnEngagementRoleForAnOrganization_status204</b><br>Test class: restassured.automation.testcases.Restassured_Automation_EngagementTeamRoles</td>
<td></td>
<td>3</td>
<td>restassured.automation.testcases.Restassured_Automation_EngagementTeamRoles@3632be31</td></tr>
<tr>
<td title='restassured.automation.testcases.Restassured_Automation_EngagementTeamRoles.patchUpdateAnEngagementRoleForAnOrganization_status400()'><b>patchUpdateAnEngagementRoleForAnOrganization_status400</b><br>Test class: restassured.automation.testcases.Restassured_Automation_EngagementTeamRoles</td>
<td></td>
<td>3</td>
<td>restassured.automation.testcases.Restassured_Automation_EngagementTeamRoles@3632be31</td></tr>
<tr>
<td title='restassured.automation.testcases.Restassured_Automation_ProcedureGroups.postCreateAProcedureGroupTree_status204()'><b>postCreateAProcedureGroupTree_status204</b><br>Test class: restassured.automation.testcases.Restassured_Automation_ProcedureGroups</td>
<td></td>
<td>20</td>
<td>restassured.automation.testcases.Restassured_Automation_ProcedureGroups@56235b8e</td></tr>
<tr>
<td title='restassured.automation.testcases.Restassured_Automation_ProcedureGroups.postCreateAProcedureGroupTree_status400()'><b>postCreateAProcedureGroupTree_status400</b><br>Test class: restassured.automation.testcases.Restassured_Automation_ProcedureGroups</td>
<td></td>
<td>20</td>
<td>restassured.automation.testcases.Restassured_Automation_ProcedureGroups@56235b8e</td></tr>
<tr>
<td title='restassured.automation.testcases.Restassured_Automation_ProcedureGroups.postCreateAProcedureGroup_status200()'><b>postCreateAProcedureGroup_status200</b><br>Test class: restassured.automation.testcases.Restassured_Automation_ProcedureGroups</td>
<td></td>
<td>19</td>
<td>restassured.automation.testcases.Restassured_Automation_ProcedureGroups@56235b8e</td></tr>
<tr>
<td title='restassured.automation.testcases.Restassured_Automation_ProcedureGroups.postCreateAProcedureGroup_status400()'><b>postCreateAProcedureGroup_status400</b><br>Test class: restassured.automation.testcases.Restassured_Automation_ProcedureGroups</td>
<td></td>
<td>18</td>
<td>restassured.automation.testcases.Restassured_Automation_ProcedureGroups@56235b8e</td></tr>
<tr>
<td title='restassured.automation.testcases.Restassured_Automation_EngagementTeamRoles.postCreateAnEngagementRoleForAMethodology_status200()'><b>postCreateAnEngagementRoleForAMethodology_status200</b><br>Test class: restassured.automation.testcases.Restassured_Automation_EngagementTeamRoles</td>
<td></td>
<td>3</td>
<td>restassured.automation.testcases.Restassured_Automation_EngagementTeamRoles@3632be31</td></tr>
<tr>
<td title='restassured.automation.testcases.Restassured_Automation_EngagementTeamRoles.postCreateAnEngagementRoleForAMethodology_status400()'><b>postCreateAnEngagementRoleForAMethodology_status400</b><br>Test class: restassured.automation.testcases.Restassured_Automation_EngagementTeamRoles</td>
<td></td>
<td>3</td>
<td>restassured.automation.testcases.Restassured_Automation_EngagementTeamRoles@3632be31</td></tr>
<tr>
<td title='restassured.automation.testcases.Restassured_Automation_EngagementTeamRoles.postCreateAnEngagementRoleForAMethodology_status409()'><b>postCreateAnEngagementRoleForAMethodology_status409</b><br>Test class: restassured.automation.testcases.Restassured_Automation_EngagementTeamRoles</td>
<td></td>
<td>3</td>
<td>restassured.automation.testcases.Restassured_Automation_EngagementTeamRoles@3632be31</td></tr>
<tr>
<td title='restassured.automation.testcases.Restassured_Automation_EngagementTeamRoles.postCreateAnEngagementRoleForAnOrganization_status200()'><b>postCreateAnEngagementRoleForAnOrganization_status200</b><br>Test class: restassured.automation.testcases.Restassured_Automation_EngagementTeamRoles</td>
<td></td>
<td>2</td>
<td>restassured.automation.testcases.Restassured_Automation_EngagementTeamRoles@3632be31</td></tr>
<tr>
<td title='restassured.automation.testcases.Restassured_Automation_EngagementTeamRoles.postCreateAnEngagementRoleForAnOrganization_status400()'><b>postCreateAnEngagementRoleForAnOrganization_status400</b><br>Test class: restassured.automation.testcases.Restassured_Automation_EngagementTeamRoles</td>
<td></td>
<td>2</td>
<td>restassured.automation.testcases.Restassured_Automation_EngagementTeamRoles@3632be31</td></tr>
<tr>
<td title='restassured.automation.testcases.Restassured_Automation_EngagementTeamRoles.postCreateAnEngagementRoleForAnOrganization_status409()'><b>postCreateAnEngagementRoleForAnOrganization_status409</b><br>Test class: restassured.automation.testcases.Restassured_Automation_EngagementTeamRoles</td>
<td></td>
<td>2</td>
<td>restassured.automation.testcases.Restassured_Automation_EngagementTeamRoles@3632be31</td></tr>
<tr>
<td title='restassured.automation.testcases.Restassured_Automation_Publish.postPublish_status200()'><b>postPublish_status200</b><br>Test class: restassured.automation.testcases.Restassured_Automation_Publish</td>
<td></td>
<td>6</td>
<td>restassured.automation.testcases.Restassured_Automation_Publish@6fc6f14e</td></tr>
<tr>
<td title='restassured.automation.testcases.Restassured_Automation_Publish.postValidate_status200()'><b>postValidate_status200</b><br>Test class: restassured.automation.testcases.Restassured_Automation_Publish</td>
<td></td>
<td>5</td>
<td>restassured.automation.testcases.Restassured_Automation_Publish@6fc6f14e</td></tr>
<tr>
<td title='restassured.automation.testcases.Restassured_Automation_ProcedureGroups.putCreateAProcedureGroupTree_status204()'><b>putCreateAProcedureGroupTree_status204</b><br>Test class: restassured.automation.testcases.Restassured_Automation_ProcedureGroups</td>
<td></td>
<td>22</td>
<td>restassured.automation.testcases.Restassured_Automation_ProcedureGroups@56235b8e</td></tr>
<tr>
<td title='restassured.automation.testcases.Restassured_Automation_ProcedureGroups.putCreateAProcedureGroupTree_status400()'><b>putCreateAProcedureGroupTree_status400</b><br>Test class: restassured.automation.testcases.Restassured_Automation_ProcedureGroups</td>
<td></td>
<td>21</td>
<td>restassured.automation.testcases.Restassured_Automation_ProcedureGroups@56235b8e</td></tr>
<tr>
<td title='restassured.automation.testcases.Restassured_Automation_ProcedureGroups.putCreateAProcedureGroup_status200()'><b>putCreateAProcedureGroup_status200</b><br>Test class: restassured.automation.testcases.Restassured_Automation_ProcedureGroups</td>
<td></td>
<td>19</td>
<td>restassured.automation.testcases.Restassured_Automation_ProcedureGroups@56235b8e</td></tr>
<tr>
<td title='restassured.automation.testcases.Restassured_Automation_ProcedureGroups.putCreateAProcedureGroup_status400()'><b>putCreateAProcedureGroup_status400</b><br>Test class: restassured.automation.testcases.Restassured_Automation_ProcedureGroups</td>
<td></td>
<td>18</td>
<td>restassured.automation.testcases.Restassured_Automation_ProcedureGroups@56235b8e</td></tr>
</table><p>
</body>
</html>