<?xml version="1.0" encoding="UTF-8"?>
<!-- Generated by org.testng.reporters.JUnitXMLReporter -->
<testsuite hostname="LTCH-5CD105HTG9" name="Test" tests="24" failures="4" timestamp="11 Jun 2021 10:26:34 GMT" time="122.558" errors="0">
  <testcase name="EngagementTeamRoles_DeleteAnEngagementRoleForAMethodology_status204" time="10.007" classname="restassured.automation.testcases.Restassured_Automation_EngagementTeamRoles"/>
  <testcase name="EngagementTeamRoles_DeleteAnEngagementRoleForAMethodology_status400" time="8.045" classname="restassured.automation.testcases.Restassured_Automation_EngagementTeamRoles"/>
  <testcase name="EngagementTeamRoles_DeleteAnEngagementRoleForAMethodology_status404" time="5.076" classname="restassured.automation.testcases.Restassured_Automation_EngagementTeamRoles">
    <failure type="java.lang.IndexOutOfBoundsException" message="Index: 1, Size: 1">
      <![CDATA[java.lang.IndexOutOfBoundsException: Index: 1, Size: 1
	at java.util.ArrayList.rangeCheck(Unknown Source)
	at java.util.ArrayList.get(Unknown Source)
	at restassured.automation.testcases.Restassured_Automation_EngagementTeamRoles.EngagementTeamRoles_DeleteAnEngagementRoleForAMethodology_status404(Restassured_Automation_EngagementTeamRoles.java:1206)
... Removed 24 stack frames]]>
    </failure>
  </testcase> <!-- EngagementTeamRoles_DeleteAnEngagementRoleForAMethodology_status404 -->
  <testcase name="EngagementTeamRoles_DeleteAnEngagementRoleForAnOrganization_status400" time="4.279" classname="restassured.automation.testcases.Restassured_Automation_EngagementTeamRoles"/>
  <testcase name="EngagementTeamRoles_DeleteDeleteAnEngagementRoleForAnOrganization_status204" time="4.54" classname="restassured.automation.testcases.Restassured_Automation_EngagementTeamRoles"/>
  <testcase name="EngagementTeamRoles_DeleteDeleteAnEngagementRoleForAnOrganization_status404" time="4.464" classname="restassured.automation.testcases.Restassured_Automation_EngagementTeamRoles"/>
  <testcase name="EngagementTeamRoles_GetLoadAllEngagementRolesInformationForARevision_status200" time="5.059" classname="restassured.automation.testcases.Restassured_Automation_EngagementTeamRoles"/>
  <testcase name="EngagementTeamRoles_GetLoadAllEngagementRolesInformationForAnOrganization_status200" time="2.822" classname="restassured.automation.testcases.Restassured_Automation_EngagementTeamRoles"/>
  <testcase name="EngagementTeamRoles_PatchUpdateAnEngagementRoleForAMethodology_status204" time="6.637" classname="restassured.automation.testcases.Restassured_Automation_EngagementTeamRoles"/>
  <testcase name="EngagementTeamRoles_PatchUpdateAnEngagementRoleForAMethodology_status400" time="5.966" classname="restassured.automation.testcases.Restassured_Automation_EngagementTeamRoles"/>
  <testcase name="EngagementTeamRoles_PatchUpdateAnEngagementRoleForAMethodology_status404" time="6.233" classname="restassured.automation.testcases.Restassured_Automation_EngagementTeamRoles"/>
  <testcase name="EngagementTeamRoles_PatchUpdateAnEngagementRoleForAMethodology_status409" time="6.755" classname="restassured.automation.testcases.Restassured_Automation_EngagementTeamRoles">
    <failure type="java.lang.AssertionError" message="expected [409] but found [204]">
      <![CDATA[java.lang.AssertionError: expected [409] but found [204]
	at restassured.automation.testcases.Restassured_Automation_EngagementTeamRoles.EngagementTeamRoles_PatchUpdateAnEngagementRoleForAMethodology_status409(Restassured_Automation_EngagementTeamRoles.java:1018)
... Removed 30 stack frames]]>
    </failure>
  </testcase> <!-- EngagementTeamRoles_PatchUpdateAnEngagementRoleForAMethodology_status409 -->
  <testcase name="EngagementTeamRoles_PatchUpdateAnEngagementRoleForAnOrganization_status204" time="4.375" classname="restassured.automation.testcases.Restassured_Automation_EngagementTeamRoles"/>
  <testcase name="EngagementTeamRoles_PatchUpdateAnEngagementRoleForAnOrganization_status400" time="5.653" classname="restassured.automation.testcases.Restassured_Automation_EngagementTeamRoles"/>
  <testcase name="EngagementTeamRoles_PatchUpdateAnEngagementRoleForAnOrganization_status404" time="4.318" classname="restassured.automation.testcases.Restassured_Automation_EngagementTeamRoles"/>
  <testcase name="EngagementTeamRoles_PatchUpdateAnEngagementRoleForAnOrganization_status409" time="4.437" classname="restassured.automation.testcases.Restassured_Automation_EngagementTeamRoles">
    <failure type="java.lang.AssertionError" message="expected [409] but found [204]">
      <![CDATA[java.lang.AssertionError: expected [409] but found [204]
	at restassured.automation.testcases.Restassured_Automation_EngagementTeamRoles.EngagementTeamRoles_PatchUpdateAnEngagementRoleForAnOrganization_status409(Restassured_Automation_EngagementTeamRoles.java:380)
... Removed 30 stack frames]]>
    </failure>
  </testcase> <!-- EngagementTeamRoles_PatchUpdateAnEngagementRoleForAnOrganization_status409 -->
  <testcase name="EngagementTeamRoles_PostCreateAnEngagementRoleForAMethodology_status200" time="6.191" classname="restassured.automation.testcases.Restassured_Automation_EngagementTeamRoles"/>
  <testcase name="EngagementTeamRoles_PostCreateAnEngagementRoleForAMethodology_status400" time="4.707" classname="restassured.automation.testcases.Restassured_Automation_EngagementTeamRoles"/>
  <testcase name="EngagementTeamRoles_PostCreateAnEngagementRoleForAMethodology_status404" time="5.015" classname="restassured.automation.testcases.Restassured_Automation_EngagementTeamRoles"/>
  <testcase name="EngagementTeamRoles_PostCreateAnEngagementRoleForAMethodology_status409" time="4.914" classname="restassured.automation.testcases.Restassured_Automation_EngagementTeamRoles">
    <failure type="java.lang.AssertionError" message="expected [409] but found [200]">
      <![CDATA[java.lang.AssertionError: expected [409] but found [200]
	at restassured.automation.testcases.Restassured_Automation_EngagementTeamRoles.EngagementTeamRoles_PostCreateAnEngagementRoleForAMethodology_status409(Restassured_Automation_EngagementTeamRoles.java:809)
... Removed 30 stack frames]]>
    </failure>
  </testcase> <!-- EngagementTeamRoles_PostCreateAnEngagementRoleForAMethodology_status409 -->
  <testcase name="EngagementTeamRoles_PostCreateAnEngagementRoleForAnOrganization_status200" time="3.024" classname="restassured.automation.testcases.Restassured_Automation_EngagementTeamRoles"/>
  <testcase name="EngagementTeamRoles_PostCreateAnEngagementRoleForAnOrganization_status400" time="2.91" classname="restassured.automation.testcases.Restassured_Automation_EngagementTeamRoles"/>
  <testcase name="EngagementTeamRoles_PostCreateAnEngagementRoleForAnOrganization_status404" time="4.178" classname="restassured.automation.testcases.Restassured_Automation_EngagementTeamRoles"/>
  <testcase name="EngagementTeamRoles_PostCreateAnEngagementRoleForAnOrganization_status409" time="2.809" classname="restassured.automation.testcases.Restassured_Automation_EngagementTeamRoles"/>
</testsuite> <!-- Test -->
