
<!DOCTYPE html>
<html>


<head>
	<meta charset='utf-8' /> 
	<meta name='description' content='' />
	<meta name='robots' content='noodp, noydir' />
	<meta name='viewport' content='width=device-width, initial-scale=1' />
	<meta id="timeStampFormat" name="timeStampFormat" content='MMM d, yyyy hh:mm:ss a'/>
	
	<link href='https://fonts.googleapis.com/css?family=Source+Sans+Pro:400,600' rel='stylesheet' type='text/css' />
	<link href="https://fonts.googleapis.com/icon?family=Material+Icons" rel="stylesheet" />

		<link href='https://cdn.rawgit.com/anshooarora/extentreports-java/b4a58fcfd1e137bd9287244035a7c80d3d73b3af/dist/css/extent.css' type='text/css' rel='stylesheet' />
	
	<title>Test-Automaton-Report2021-05-26 11_06_08.html</title>

	<style type='text/css'>
	</style>
</head>

	<body class='extent standard default hide-overflow '>
		<div id='theme-selector' alt='Click to toggle theme. To enable by default, use theme configuration.' title='Click to toggle theme. To enable by default, use theme configuration.'>
			<span><i class='material-icons'>desktop_windows</i></span>
		</div>

<nav>
	<div class="nav-wrapper">
		<a href="#!" class="brand-logo blue darken-3">Extent</a>

		<!-- slideout menu -->
		<ul id='slide-out' class='side-nav fixed hide-on-med-and-down'>
			<li class='waves-effect active'><a href='#!' view='test-view' onclick="configureView(0);chartsView('test');"><i class='material-icons'>dashboard</i></a></li>
						<li class='waves-effect'><a href='#!' view='exception-view' onclick="configureView(2)"><i class='material-icons'>bug_report</i></a></li>
			<li class='waves-effect'><a href='#!' onclick="configureView(-1);chartsView('dashboard');" view='dashboard-view'><i class='material-icons'>track_changes</i></i></a></li>
		</ul>

		<!-- report name -->
		<span class='report-name'>Test-Automaton-Report2021-05-26 11_06_08.html</span>
		
		<!-- report headline -->
		<span class='report-headline'></span>

		<!-- nav-right -->
		<ul id='nav-mobile' class='right hide-on-med-and-down nav-right'>
			<li>
                <a href='#!'>
                    <span class='label suite-start-time blue darken-3'>May 26, 2021 11:06:08 AM</span>
				</a>
			</li>
			<li>
                <a href='#!'>
                    <span class='label blue darken-3'>3.1.5</span>
				</a>
			</li>
		</ul>
	</div>
</nav>

		<!-- container -->
		<div class='container'>

<div id='test-view' class='view'>
				
	<section id='controls'>
		<div class='controls grey lighten-4'>
			<!-- test toggle -->
			<div class='chip transparent'>
				<a class='dropdown-button tests-toggle' data-activates='tests-toggle' data-constrainwidth='true' data-beloworigin='true' data-hover='true' href='#'>
					<i class='material-icons'>warning</i> Status
				</a>
				<ul id='tests-toggle' class='dropdown-content'>
											<li status='pass'><a href='#!'>Pass <i class='material-icons green-text'>check_circle</i></a></li>
						<li status='fail'><a href='#!'>Fail <i class='material-icons red-text'>cancel</i></a></li>
					<li class='divider'></li>
					<li status='clear' clear='true'><a href='#!'>Clear Filters <i class='material-icons'>clear</i></a></li>
				</ul>
			</div>
			<!-- test toggle -->

			<!-- category toggle -->
			<!-- category toggle -->

			<!-- clear filters -->
			<div class='chip transparent hide'>
				<a class='' id='clear-filters' alt='Clear Filters' title='Clear Filters'>
					<i class='material-icons'>close</i> Clear
				</a>
			</div>
			<!-- clear filters -->

			<!-- enable dashboard -->
			<div id='toggle-test-view-charts' class='chip transparent'>
				<a class='pink-text' id='enable-dashboard' alt='Enable Dashboard' title='Enable Dashboard'>
					<i class='material-icons'>track_changes</i> Dashboard
				</a>
			</div>
			<!-- enable dashboard -->

			<!-- search -->
			<div class='chip transparent' alt='Search Tests' title='Search Tests'>
				<a href="#" class='search-div'>
					<i class='material-icons'>search</i> Search
				</a>

				<div class='input-field left hide'>
					<input id='search-tests' type='text' class='validate browser-default' placeholder='Search Tests...'>
				</div>
				
			</div>
			<!-- search -->
		</div>
	</section>


	<div class='subview-left left'>
		
		<div class='view-summary'>
			<h5>Tests</h5>
			<ul id='test-collection' class='test-collection'>
				
				
				<li class='test displayed active  pass' status='pass' bdd='false' test-id='1'>
					<div class='test-heading'>
						<span class='test-name'>PortalRoles_DeleteRolesPortal_Status204</span>
						<span class='test-time'>May 26, 2021 11:06:08 AM</span>
						<span class='test-status right pass'>pass</span>
					</div>
					<div class='test-content hide'>
<div class='test-time-info'>
	<span class='label start-time'>May 26, 2021 11:06:08 AM</span>
	<span class='label end-time'>May 26, 2021 11:06:16 AM</span>
	<span class='label time-taken grey lighten-1 white-text'>0h 0m 7s+797ms</span>
</div>
	<div class='test-steps'>
		<table class='bordered table-results'>
			<thead>
				<tr>
					<th>Status</th>
					<th>Timestamp</th>
					<th>Details</th>
				</tr>
			</thead>
			<tbody>
				<tr class='log' status='info'>
					<td class='status info' title='info' alt='info'><i class='material-icons'>info_outline</i></td>
					<td class='timestamp'>11:06:16 AM</td>
					<td class='step-details'>The status code is 204</td>
				</tr>
				<tr class='log' status='info'>
					<td class='status info' title='info' alt='info'><i class='material-icons'>info_outline</i></td>
					<td class='timestamp'>11:06:16 AM</td>
					<td class='step-details'></td>
				</tr>
				<tr class='log' status='pass'>
					<td class='status pass' title='pass' alt='pass'><i class='material-icons'>check_circle</i></td>
					<td class='timestamp'>11:06:16 AM</td>
					<td class='step-details'>Test passed</td>
				</tr>
			</tbody>
		</table>
	</div>
					</div>
				</li>
				
				
				<li class='test displayed active  pass' status='pass' bdd='false' test-id='2'>
					<div class='test-heading'>
						<span class='test-name'>PortalRoles_GetRolesPortalAssignments_Status200</span>
						<span class='test-time'>May 26, 2021 11:06:16 AM</span>
						<span class='test-status right pass'>pass</span>
					</div>
					<div class='test-content hide'>
<div class='test-time-info'>
	<span class='label start-time'>May 26, 2021 11:06:16 AM</span>
	<span class='label end-time'>May 26, 2021 11:06:16 AM</span>
	<span class='label time-taken grey lighten-1 white-text'>0h 0m 0s+646ms</span>
</div>
	<div class='test-steps'>
		<table class='bordered table-results'>
			<thead>
				<tr>
					<th>Status</th>
					<th>Timestamp</th>
					<th>Details</th>
				</tr>
			</thead>
			<tbody>
				<tr class='log' status='info'>
					<td class='status info' title='info' alt='info'><i class='material-icons'>info_outline</i></td>
					<td class='timestamp'>11:06:16 AM</td>
					<td class='step-details'>The status code is 200</td>
				</tr>
				<tr class='log' status='info'>
					<td class='status info' title='info' alt='info'><i class='material-icons'>info_outline</i></td>
					<td class='timestamp'>11:06:16 AM</td>
					<td class='step-details'>[
    {
        "id": "609c16344a41345bb326d24b",
        "userId": "d768ffbb-ccb4-4f6f-a515-6eec4d05b456",
        "portalRoleId": "6058d336ded733b99f430db0",
        "createdBy": "4fe9982f-6386-4f4b-800c-bab51c74ded2",
        "createdOn": "2021-05-12T17:53:56.733Z",
        "deleted": false
    },
    {
        "id": "609c17f24a41345bb326d262",
        "userId": "23cec279-9302-4a25-84ef-ae69e56b1524",
        "portalRoleId": "6058d336ded733b99f430db0",
        "createdBy": "4fe9982f-6386-4f4b-800c-bab51c74ded2",
        "createdOn": "2021-05-12T18:01:22.115Z",
        "deleted": false
    },
    {
        "id": "609c1d064a41345bb326d291",
        "userId": "eb4b99c6-9626-4e1c-a0a7-378a96aec7e7",
        "portalRoleId": "6058d336ded733b99f430db0",
        "createdBy": "4fe9982f-6386-4f4b-800c-bab51c74ded2",
        "createdOn": "2021-05-12T18:23:02.848Z",
        "deleted": true,
        "deletedBy": "d768ffbb-ccb4-4f6f-a515-6eec4d05b456",
        "deletedOn": "2021-05-14T11:05:01.282Z"
    },
    {
        "id": "609e204b4a41345bb326d391",
        "userId": "5f9f190d-69c9-4660-9d82-9b47f4432513",
        "portalRoleId": "6058d336ded733b99f430db0",
        "createdBy": "4fe9982f-6386-4f4b-800c-bab51c74ded2",
        "createdOn": "2021-05-14T07:01:31.712Z",
        "deleted": true,
        "deletedBy": "d768ffbb-ccb4-4f6f-a515-6eec4d05b456",
        "deletedOn": "2021-05-14T12:13:36.22Z"
    },
    {
        "id": "609e595d4a41345bb326d3b8",
        "userId": "eb4b99c6-9626-4e1c-a0a7-378a96aec7e7",
        "portalRoleId": "6058d6d7896528a0b8fe36f1",
        "createdBy": "d768ffbb-ccb4-4f6f-a515-6eec4d05b456",
        "createdOn": "2021-05-14T11:05:01.434Z",
        "deleted": true,
        "deletedBy": "23cec279-9302-4a25-84ef-ae69e56b1524",
        "deletedOn": "2021-05-21T07:05:23.394Z"
    },
    {
        "id": "609e74b24a41345bb326d3bf",
        "userId": "5f9f190d-69c9-4660-9d82-9b47f4432513",
        "portalRoleId": "6058d336ded733b99f430db0",
        "createdBy": "4fe9982f-6386-4f4b-800c-bab51c74ded2",
        "createdOn": "2021-05-14T13:01:38.453Z",
        "deleted": false
    },
    {
        "id": "60a75bb34a41345bb326d46d",
        "userId": "eb4b99c6-9626-4e1c-a0a7-378a96aec7e7",
        "portalRoleId": "6058d336ded733b99f430db0",
        "createdBy": "23cec279-9302-4a25-84ef-ae69e56b1524",
        "createdOn": "2021-05-21T07:05:23.653Z",
        "deleted": true,
        "deletedBy": "23cec279-9302-4a25-84ef-ae69e56b1524",
        "deletedOn": "2021-05-21T07:24:29.555Z"
    },
    {
        "id": "60a772a84a41345bb326d484",
        "userId": "eb4b99c6-9626-4e1c-a0a7-378a96aec7e7",
        "portalRoleId": "6058d336ded733b99f430db0",
        "createdBy": "23cec279-9302-4a25-84ef-ae69e56b1524",
        "createdOn": "2021-05-21T08:43:20.99Z",
        "deleted": true,
        "deletedBy": "23cec279-9302-4a25-84ef-ae69e56b1524",
        "deletedOn": "2021-05-21T08:56:36.505Z"
    },
    {
        "id": "60a775c44a41345bb326d49b",
        "userId": "eb4b99c6-9626-4e1c-a0a7-378a96aec7e7",
        "portalRoleId": "6058d336ded733b99f430db0",
        "createdBy": "23cec279-9302-4a25-84ef-ae69e56b1524",
        "createdOn": "2021-05-21T08:56:36.616Z",
        "deleted": true,
        "deletedBy": "5f9f190d-69c9-4660-9d82-9b47f4432513",
        "deletedOn": "2021-05-21T11:48:47.389Z"
    },
    {
        "id": "60ab4f8b4a41345bb326d4e7",
        "userId": "eb4b99c6-9626-4e1c-a0a7-378a96aec7e7",
        "portalRoleId": "6058d336ded733b99f430db0",
        "createdBy": "23cec279-9302-4a25-84ef-ae69e56b1524",
        "createdOn": "2021-05-24T07:02:35.428Z",
        "deleted": true,
        "deletedBy": "23cec279-9302-4a25-84ef-ae69e56b1524",
        "deletedOn": "2021-05-24T07:02:44.658Z"
    },
    {
        "id": "60ad0df5b212c8ecff3469f7",
        "userId": "eb4b99c6-9626-4e1c-a0a7-378a96aec7e7",
        "portalRoleId": "6058d336ded733b99f430db0",
        "createdBy": "4fe9982f-6386-4f4b-800c-bab51c74ded2",
        "createdOn": "2021-05-25T14:47:17.663Z",
        "deleted": false
    },
    {
        "id": "60add231b212c8ecff346a0e",
        "userId": "abf4dd47-e1d2-4e20-aaa2-1d0ffabf5d57",
        "portalRoleId": "6058d336ded733b99f430db0",
        "createdBy": "5f9f190d-69c9-4660-9d82-9b47f4432513",
        "createdOn": "2021-05-26T04:44:33.244Z",
        "deleted": false
    }
]</td>
				</tr>
				<tr class='log' status='pass'>
					<td class='status pass' title='pass' alt='pass'><i class='material-icons'>check_circle</i></td>
					<td class='timestamp'>11:06:16 AM</td>
					<td class='step-details'>Test passed</td>
				</tr>
			</tbody>
		</table>
	</div>
					</div>
				</li>
				
				
				<li class='test displayed active  pass' status='pass' bdd='false' test-id='3'>
					<div class='test-heading'>
						<span class='test-name'>PortalRoles_GetRolesPortalMyPermission_Status200</span>
						<span class='test-time'>May 26, 2021 11:06:16 AM</span>
						<span class='test-status right pass'>pass</span>
					</div>
					<div class='test-content hide'>
<div class='test-time-info'>
	<span class='label start-time'>May 26, 2021 11:06:16 AM</span>
	<span class='label end-time'>May 26, 2021 11:06:18 AM</span>
	<span class='label time-taken grey lighten-1 white-text'>0h 0m 1s+275ms</span>
</div>
	<div class='test-steps'>
		<table class='bordered table-results'>
			<thead>
				<tr>
					<th>Status</th>
					<th>Timestamp</th>
					<th>Details</th>
				</tr>
			</thead>
			<tbody>
				<tr class='log' status='info'>
					<td class='status info' title='info' alt='info'><i class='material-icons'>info_outline</i></td>
					<td class='timestamp'>11:06:18 AM</td>
					<td class='step-details'>The status code is 200</td>
				</tr>
				<tr class='log' status='info'>
					<td class='status info' title='info' alt='info'><i class='material-icons'>info_outline</i></td>
					<td class='timestamp'>11:06:18 AM</td>
					<td class='step-details'>[
    "portal.roles.read",
    "portal.roles.create",
    "portal.roles.update",
    "portal.roles.delete",
    "portal.roleAssignments.read",
    "portal.roleAssignments.update",
    "portal.engagement.create",
    "portal.engagement.create.rollForward",
    "portal.engagement.all.list",
    "portal.engagement.all.access.override",
    "portal.engagement.all.team.add",
    "portal.engagement.all.team.remove",
    "portal.engagement.all.team.manageRequests",
    "portal.engagement.all.team.updatePlatformRole",
    "portal.engagement.all.share.external",
    "portal.engagement.all.createGuestPackage",
    "portal.engagement.all.share.otherMemberFirm",
    "portal.engagement.all.share.copyExport",
    "portal.engagement.all.reports.read",
    "portal.engagement.all.archive.force",
    "portal.engagement.all.logs.read",
    "portal.engagement.all.logs.export"
]</td>
				</tr>
				<tr class='log' status='pass'>
					<td class='status pass' title='pass' alt='pass'><i class='material-icons'>check_circle</i></td>
					<td class='timestamp'>11:06:18 AM</td>
					<td class='step-details'>Test passed</td>
				</tr>
			</tbody>
		</table>
	</div>
					</div>
				</li>
				
				
				<li class='test displayed active  pass' status='pass' bdd='false' test-id='4'>
					<div class='test-heading'>
						<span class='test-name'>PortalRoles_GetRolesPortal_Status200</span>
						<span class='test-time'>May 26, 2021 11:06:18 AM</span>
						<span class='test-status right pass'>pass</span>
					</div>
					<div class='test-content hide'>
<div class='test-time-info'>
	<span class='label start-time'>May 26, 2021 11:06:18 AM</span>
	<span class='label end-time'>May 26, 2021 11:06:18 AM</span>
	<span class='label time-taken grey lighten-1 white-text'>0h 0m 0s+543ms</span>
</div>
	<div class='test-steps'>
		<table class='bordered table-results'>
			<thead>
				<tr>
					<th>Status</th>
					<th>Timestamp</th>
					<th>Details</th>
				</tr>
			</thead>
			<tbody>
				<tr class='log' status='info'>
					<td class='status info' title='info' alt='info'><i class='material-icons'>info_outline</i></td>
					<td class='timestamp'>11:06:18 AM</td>
					<td class='step-details'>The status code is 200</td>
				</tr>
				<tr class='log' status='info'>
					<td class='status info' title='info' alt='info'><i class='material-icons'>info_outline</i></td>
					<td class='timestamp'>11:06:18 AM</td>
					<td class='step-details'>[
    {
        "id": "6058d336ded733b99f430db0",
        "name": "Admin",
        "permissions": [
            "portal.roles.read",
            "portal.roles.create",
            "portal.roles.update",
            "portal.roles.delete",
            "portal.roleAssignments.read",
            "portal.roleAssignments.update",
            "portal.engagement.create",
            "portal.engagement.create.rollForward",
            "portal.engagement.all.list",
            "portal.engagement.all.access.override",
            "portal.engagement.all.team.add",
            "portal.engagement.all.team.remove",
            "portal.engagement.all.team.manageRequests",
            "portal.engagement.all.team.updatePlatformRole",
            "portal.engagement.all.share.external",
            "portal.engagement.all.createGuestPackage",
            "portal.engagement.all.share.otherMemberFirm",
            "portal.engagement.all.share.copyExport",
            "portal.engagement.all.reports.read",
            "portal.engagement.all.archive.force",
            "portal.engagement.all.logs.read",
            "portal.engagement.all.logs.export"
        ],
        "locked": true,
        "deleted": false
    },
    {
        "id": "6058d6d187e44420fb19c59a",
        "name": "National Office 2",
        "permissions": [
            "portal.roles.read",
            "portal.roles.create",
            "portal.roles.update",
            "portal.roles.delete",
            "portal.roleAssignments.read",
            "portal.roleAssignments.update",
            "portal.engagement.create",
            "portal.engagement.create.rollForward",
            "portal.engagement.all.list"
        ],
        "locked": false,
        "deleted": false
    },
    {
        "id": "6058d6d7896528a0b8fe36f1",
        "name": "Engagement Creator",
        "permissions": [
            "portal.engagement.create",
            "portal.engagement.create.rollForward",
            "engagement.all.team.add",
            "engagement.all.team.remove"
        ],
        "locked": false,
        "deleted": false
    },
    {
        "id": "6058d6ca930fc15eebd6b57b",
        "name": "National Office 1",
        "permissions": [
            "portal.roles.read",
            "portal.roles.create",
            "portal.roles.update",
            "portal.roles.delete",
            "portal.roleAssignments.read",
            "portal.roleAssignments.update",
            "portal.engagement.create",
            "portal.engagement.create.rollForward",
            "portal.engagement.all.list",
            "portal.engagement.all.access.override",
            "portal.engagement.all.team.add",
            "portal.engagement.all.team.remove",
            "portal.engagement.all.team.manageRequests",
            "portal.engagement.all.team.updatePlatformRole",
            "portal.engagement.all.share.external",
            "portal.engagement.all.createGuestPackage",
            "portal.engagement.all.share.otherMemberFirm",
            "portal.engagement.all.share.copyExport",
            "portal.engagement.all.reports.read",
            "portal.engagement.all.archive.force",
            "portal.engagement.all.logs.read",
            "portal.engagement.all.logs.export"
        ],
        "locked": false,
        "deleted": false
    },
    {
        "id": "609e5e9b4a41345bb326d3bd",
        "name": "Nikunj Donda",
        "locked": false,
        "deleted": true
    },
    {
        "id": "609e66294a41345bb326d3be",
        "name": "access engagement",
        "locked": false,
        "deleted": true
    },
    {
        "id": "60addebbb212c8ecff346a25",
        "name": "New permissions-nopqr",
        "permissions": [
            "portal.roles.create"
        ],
        "locked": false,
        "deleted": true
    }
]</td>
				</tr>
				<tr class='log' status='pass'>
					<td class='status pass' title='pass' alt='pass'><i class='material-icons'>check_circle</i></td>
					<td class='timestamp'>11:06:18 AM</td>
					<td class='step-details'>Test passed</td>
				</tr>
			</tbody>
		</table>
	</div>
					</div>
				</li>
				
				
				<li class='test displayed active  pass' status='pass' bdd='false' test-id='5'>
					<div class='test-heading'>
						<span class='test-name'>PortalRoles_PatchRolesPortal_Status204</span>
						<span class='test-time'>May 26, 2021 11:06:18 AM</span>
						<span class='test-status right pass'>pass</span>
					</div>
					<div class='test-content hide'>
<div class='test-time-info'>
	<span class='label start-time'>May 26, 2021 11:06:18 AM</span>
	<span class='label end-time'>May 26, 2021 11:06:36 AM</span>
	<span class='label time-taken grey lighten-1 white-text'>0h 0m 17s+509ms</span>
</div>
	<div class='test-steps'>
		<table class='bordered table-results'>
			<thead>
				<tr>
					<th>Status</th>
					<th>Timestamp</th>
					<th>Details</th>
				</tr>
			</thead>
			<tbody>
				<tr class='log' status='info'>
					<td class='status info' title='info' alt='info'><i class='material-icons'>info_outline</i></td>
					<td class='timestamp'>11:06:36 AM</td>
					<td class='step-details'>The status code is 204</td>
				</tr>
				<tr class='log' status='info'>
					<td class='status info' title='info' alt='info'><i class='material-icons'>info_outline</i></td>
					<td class='timestamp'>11:06:36 AM</td>
					<td class='step-details'></td>
				</tr>
				<tr class='log' status='pass'>
					<td class='status pass' title='pass' alt='pass'><i class='material-icons'>check_circle</i></td>
					<td class='timestamp'>11:06:36 AM</td>
					<td class='step-details'>Test passed</td>
				</tr>
			</tbody>
		</table>
	</div>
					</div>
				</li>
				
				
				<li class='test displayed active  pass' status='pass' bdd='false' test-id='6'>
					<div class='test-heading'>
						<span class='test-name'>PortalRoles_PostRolesPortal_Status200</span>
						<span class='test-time'>May 26, 2021 11:06:36 AM</span>
						<span class='test-status right pass'>pass</span>
					</div>
					<div class='test-content hide'>
<div class='test-time-info'>
	<span class='label start-time'>May 26, 2021 11:06:36 AM</span>
	<span class='label end-time'>May 26, 2021 11:06:36 AM</span>
	<span class='label time-taken grey lighten-1 white-text'>0h 0m 0s+561ms</span>
</div>
	<div class='test-steps'>
		<table class='bordered table-results'>
			<thead>
				<tr>
					<th>Status</th>
					<th>Timestamp</th>
					<th>Details</th>
				</tr>
			</thead>
			<tbody>
				<tr class='log' status='info'>
					<td class='status info' title='info' alt='info'><i class='material-icons'>info_outline</i></td>
					<td class='timestamp'>11:06:36 AM</td>
					<td class='step-details'>The status code is 200</td>
				</tr>
				<tr class='log' status='info'>
					<td class='status info' title='info' alt='info'><i class='material-icons'>info_outline</i></td>
					<td class='timestamp'>11:06:36 AM</td>
					<td class='step-details'>{
    "id": "60added2b212c8ecff346a27",
    "name": "New permissions-1",
    "permissions": [
        "portal.roles.create"
    ],
    "locked": false,
    "deleted": false
}</td>
				</tr>
				<tr class='log' status='pass'>
					<td class='status pass' title='pass' alt='pass'><i class='material-icons'>check_circle</i></td>
					<td class='timestamp'>11:06:36 AM</td>
					<td class='step-details'>Test passed</td>
				</tr>
			</tbody>
		</table>
	</div>
					</div>
				</li>
				
				
				<li class='test displayed active  pass' status='pass' bdd='false' test-id='7'>
					<div class='test-heading'>
						<span class='test-name'>PortalRoles_PutRolesPortalAssignments_Status204</span>
						<span class='test-time'>May 26, 2021 11:06:36 AM</span>
						<span class='test-status right pass'>pass</span>
					</div>
					<div class='test-content hide'>
<div class='test-time-info'>
	<span class='label start-time'>May 26, 2021 11:06:36 AM</span>
	<span class='label end-time'>May 26, 2021 11:06:44 AM</span>
	<span class='label time-taken grey lighten-1 white-text'>0h 0m 7s+569ms</span>
</div>
	<div class='test-steps'>
		<table class='bordered table-results'>
			<thead>
				<tr>
					<th>Status</th>
					<th>Timestamp</th>
					<th>Details</th>
				</tr>
			</thead>
			<tbody>
				<tr class='log' status='info'>
					<td class='status info' title='info' alt='info'><i class='material-icons'>info_outline</i></td>
					<td class='timestamp'>11:06:44 AM</td>
					<td class='step-details'>The status code is 204</td>
				</tr>
				<tr class='log' status='info'>
					<td class='status info' title='info' alt='info'><i class='material-icons'>info_outline</i></td>
					<td class='timestamp'>11:06:44 AM</td>
					<td class='step-details'></td>
				</tr>
				<tr class='log' status='pass'>
					<td class='status pass' title='pass' alt='pass'><i class='material-icons'>check_circle</i></td>
					<td class='timestamp'>11:06:44 AM</td>
					<td class='step-details'>Test passed</td>
				</tr>
			</tbody>
		</table>
	</div>
					</div>
				</li>
				
				
				<li class='test displayed active  pass' status='pass' bdd='false' test-id='8'>
					<div class='test-heading'>
						<span class='test-name'>PortalRoles_GetQueryForUsers_Status200</span>
						<span class='test-time'>May 26, 2021 11:06:44 AM</span>
						<span class='test-status right pass'>pass</span>
					</div>
					<div class='test-content hide'>
<div class='test-time-info'>
	<span class='label start-time'>May 26, 2021 11:06:44 AM</span>
	<span class='label end-time'>May 26, 2021 11:06:46 AM</span>
	<span class='label time-taken grey lighten-1 white-text'>0h 0m 1s+950ms</span>
</div>
	<div class='test-steps'>
		<table class='bordered table-results'>
			<thead>
				<tr>
					<th>Status</th>
					<th>Timestamp</th>
					<th>Details</th>
				</tr>
			</thead>
			<tbody>
				<tr class='log' status='info'>
					<td class='status info' title='info' alt='info'><i class='material-icons'>info_outline</i></td>
					<td class='timestamp'>11:06:46 AM</td>
					<td class='step-details'>The status code is 200</td>
				</tr>
				<tr class='log' status='info'>
					<td class='status info' title='info' alt='info'><i class='material-icons'>info_outline</i></td>
					<td class='timestamp'>11:06:46 AM</td>
					<td class='step-details'>[
    {
        "id": "eb4b99c6-9626-4e1c-a0a7-378a96aec7e7",
        "displayName": "MMS Test Apac 13",
        "email": "mms.test.apac.13@gtadhoc.gt.com",
        "memberFirmId": "apac.test"
    }
]</td>
				</tr>
				<tr class='log' status='pass'>
					<td class='status pass' title='pass' alt='pass'><i class='material-icons'>check_circle</i></td>
					<td class='timestamp'>11:06:46 AM</td>
					<td class='step-details'>Test passed</td>
				</tr>
			</tbody>
		</table>
	</div>
					</div>
				</li>
				
				
				<li class='test displayed active  pass' status='pass' bdd='false' test-id='9'>
					<div class='test-heading'>
						<span class='test-name'>PortalRoles_GetQueryForUsers_Status400</span>
						<span class='test-time'>May 26, 2021 11:06:46 AM</span>
						<span class='test-status right pass'>pass</span>
					</div>
					<div class='test-content hide'>
<div class='test-time-info'>
	<span class='label start-time'>May 26, 2021 11:06:46 AM</span>
	<span class='label end-time'>May 26, 2021 11:06:47 AM</span>
	<span class='label time-taken grey lighten-1 white-text'>0h 0m 1s+96ms</span>
</div>
	<div class='test-steps'>
		<table class='bordered table-results'>
			<thead>
				<tr>
					<th>Status</th>
					<th>Timestamp</th>
					<th>Details</th>
				</tr>
			</thead>
			<tbody>
				<tr class='log' status='info'>
					<td class='status info' title='info' alt='info'><i class='material-icons'>info_outline</i></td>
					<td class='timestamp'>11:06:47 AM</td>
					<td class='step-details'>The status code is 400</td>
				</tr>
				<tr class='log' status='info'>
					<td class='status info' title='info' alt='info'><i class='material-icons'>info_outline</i></td>
					<td class='timestamp'>11:06:47 AM</td>
					<td class='step-details'>{
    "type": "https://tools.ietf.org/html/rfc7231#section-6.5.1",
    "title": "Bad Request",
    "status": 400,
    "traceId": "00-796e6d4cb3d141409e065e73e13b7344-dd587704ce9c1042-00"
}</td>
				</tr>
				<tr class='log' status='pass'>
					<td class='status pass' title='pass' alt='pass'><i class='material-icons'>check_circle</i></td>
					<td class='timestamp'>11:06:47 AM</td>
					<td class='step-details'>Test passed</td>
				</tr>
			</tbody>
		</table>
	</div>
					</div>
				</li>
				
				
				<li class='test displayed active  pass' status='pass' bdd='false' test-id='10'>
					<div class='test-heading'>
						<span class='test-name'>PortalRoles_GetUserWithRoles_Status200</span>
						<span class='test-time'>May 26, 2021 11:06:47 AM</span>
						<span class='test-status right pass'>pass</span>
					</div>
					<div class='test-content hide'>
<div class='test-time-info'>
	<span class='label start-time'>May 26, 2021 11:06:47 AM</span>
	<span class='label end-time'>May 26, 2021 11:06:48 AM</span>
	<span class='label time-taken grey lighten-1 white-text'>0h 0m 0s+572ms</span>
</div>
	<div class='test-steps'>
		<table class='bordered table-results'>
			<thead>
				<tr>
					<th>Status</th>
					<th>Timestamp</th>
					<th>Details</th>
				</tr>
			</thead>
			<tbody>
				<tr class='log' status='info'>
					<td class='status info' title='info' alt='info'><i class='material-icons'>info_outline</i></td>
					<td class='timestamp'>11:06:48 AM</td>
					<td class='step-details'>The status code is 200</td>
				</tr>
				<tr class='log' status='info'>
					<td class='status info' title='info' alt='info'><i class='material-icons'>info_outline</i></td>
					<td class='timestamp'>11:06:48 AM</td>
					<td class='step-details'>[
    {
        "id": "d768ffbb-ccb4-4f6f-a515-6eec4d05b456",
        "displayName": "MMS Test Apac 5",
        "email": "mms.test.apac.5@gtadhoc.gt.com",
        "memberFirmId": "apac.test"
    },
    {
        "id": "23cec279-9302-4a25-84ef-ae69e56b1524",
        "displayName": "MMS Test Apac 17",
        "email": "mms.test.apac.17@gtadhoc.gt.com",
        "memberFirmId": "apac.test"
    },
    {
        "id": "eb4b99c6-9626-4e1c-a0a7-378a96aec7e7",
        "displayName": "MMS Test Apac 13",
        "email": "mms.test.apac.13@gtadhoc.gt.com",
        "memberFirmId": "apac.test"
    },
    {
        "id": "5f9f190d-69c9-4660-9d82-9b47f4432513",
        "displayName": "MMS Test Apac 16",
        "email": "mms.test.apac.16@gtadhoc.gt.com",
        "memberFirmId": "apac.test"
    },
    {
        "id": "abf4dd47-e1d2-4e20-aaa2-1d0ffabf5d57",
        "displayName": "MMS Test Apac 12",
        "email": "mms.test.apac.12@gtadhoc.gt.com",
        "memberFirmId": "apac.test"
    },
    {
        "id": "4fe9982f-6386-4f4b-800c-bab51c74ded2",
        "displayName": "Super User"
    }
]</td>
				</tr>
				<tr class='log' status='pass'>
					<td class='status pass' title='pass' alt='pass'><i class='material-icons'>check_circle</i></td>
					<td class='timestamp'>11:06:48 AM</td>
					<td class='step-details'>Test passed</td>
				</tr>
			</tbody>
		</table>
	</div>
					</div>
				</li>
				
				
				<li class='test displayed active  fail' status='fail' bdd='false' test-id='11'>
					<div class='test-heading'>
						<span class='test-name'>PortalRoles_GetUserWithRoles_Status400</span>
						<span class='test-time'>May 26, 2021 11:06:48 AM</span>
						<span class='test-status right fail'>fail</span>
					</div>
					<div class='test-content hide'>
<div class='test-time-info'>
	<span class='label start-time'>May 26, 2021 11:06:48 AM</span>
	<span class='label end-time'>May 26, 2021 11:06:48 AM</span>
	<span class='label time-taken grey lighten-1 white-text'>0h 0m 0s+915ms</span>
</div>
	<div class='test-steps'>
		<table class='bordered table-results'>
			<thead>
				<tr>
					<th>Status</th>
					<th>Timestamp</th>
					<th>Details</th>
				</tr>
			</thead>
			<tbody>
				<tr class='log' status='fail'>
					<td class='status fail' title='fail' alt='fail'><i class='material-icons'>cancel</i></td>
					<td class='timestamp'>11:06:48 AM</td>
					<td class='step-details'><pre>java.lang.AssertionError: expected [400] but found [200]
	at org.testng.Assert.fail(Assert.java:94)
	at org.testng.Assert.failNotEquals(Assert.java:513)
	at org.testng.Assert.assertEqualsImpl(Assert.java:135)
	at org.testng.Assert.assertEquals(Assert.java:116)
	at org.testng.Assert.assertEquals(Assert.java:389)
	at org.testng.Assert.assertEquals(Assert.java:399)
	at restassured.automation.ETTestcases.Restassured_Automation_ETRolesUser.PortalRoles_GetUserWithRoles_Status400(Restassured_Automation_ETRolesUser.java:125)
	at sun.reflect.NativeMethodAccessorImpl.invoke0(Native Method)
	at sun.reflect.NativeMethodAccessorImpl.invoke(Unknown Source)
	at sun.reflect.DelegatingMethodAccessorImpl.invoke(Unknown Source)
	at java.lang.reflect.Method.invoke(Unknown Source)
	at org.testng.internal.MethodInvocationHelper.invokeMethod(MethodInvocationHelper.java:86)
	at org.testng.internal.Invoker.invokeMethod(Invoker.java:645)
	at org.testng.internal.Invoker.invokeTestMethod(Invoker.java:822)
	at org.testng.internal.Invoker.invokeTestMethods(Invoker.java:1130)
	at org.testng.internal.TestMethodWorker.invokeTestMethods(TestMethodWorker.java:129)
	at org.testng.internal.TestMethodWorker.run(TestMethodWorker.java:112)
	at org.testng.TestRunner.privateRun(TestRunner.java:782)
	at org.testng.TestRunner.run(TestRunner.java:632)
	at org.testng.SuiteRunner.runTest(SuiteRunner.java:366)
	at org.testng.SuiteRunner.runSequentially(SuiteRunner.java:361)
	at org.testng.SuiteRunner.privateRun(SuiteRunner.java:319)
	at org.testng.SuiteRunner.run(SuiteRunner.java:268)
	at org.testng.SuiteRunnerWorker.runSuite(SuiteRunnerWorker.java:52)
	at org.testng.SuiteRunnerWorker.run(SuiteRunnerWorker.java:86)
	at org.testng.TestNG.runSuitesSequentially(TestNG.java:1244)
	at org.testng.TestNG.runSuitesLocally(TestNG.java:1169)
	at org.testng.TestNG.run(TestNG.java:1064)
	at org.testng.remote.RemoteTestNG.run(RemoteTestNG.java:113)
	at org.testng.remote.RemoteTestNG.initAndRun(RemoteTestNG.java:206)
	at org.testng.remote.RemoteTestNG.main(RemoteTestNG.java:177)
</pre></td>
				</tr>
			</tbody>
		</table>
	</div>
					</div>
				</li>
				
				
				<li class='test displayed active  fail' status='fail' bdd='false' test-id='12'>
					<div class='test-heading'>
						<span class='test-name'>ETEngagement_DeleteAnNewEngagement_Status204</span>
						<span class='test-time'>May 26, 2021 11:06:48 AM</span>
						<span class='test-status right fail'>fail</span>
					</div>
					<div class='test-content hide'>
<div class='test-time-info'>
	<span class='label start-time'>May 26, 2021 11:06:48 AM</span>
	<span class='label end-time'>May 26, 2021 11:06:50 AM</span>
	<span class='label time-taken grey lighten-1 white-text'>0h 0m 1s+731ms</span>
</div>
	<div class='test-steps'>
		<table class='bordered table-results'>
			<thead>
				<tr>
					<th>Status</th>
					<th>Timestamp</th>
					<th>Details</th>
				</tr>
			</thead>
			<tbody>
				<tr class='log' status='fail'>
					<td class='status fail' title='fail' alt='fail'><i class='material-icons'>cancel</i></td>
					<td class='timestamp'>11:06:50 AM</td>
					<td class='step-details'><pre>java.lang.IndexOutOfBoundsException: Index: 1, Size: 1
	at java.util.ArrayList.rangeCheck(Unknown Source)
	at java.util.ArrayList.get(Unknown Source)
	at restassured.automation.ETTestcases.Restassured_Automation_ETEngagement.ETEngagement_DeleteAnNewEngagement_Status204(Restassured_Automation_ETEngagement.java:195)
	at sun.reflect.NativeMethodAccessorImpl.invoke0(Native Method)
	at sun.reflect.NativeMethodAccessorImpl.invoke(Unknown Source)
	at sun.reflect.DelegatingMethodAccessorImpl.invoke(Unknown Source)
	at java.lang.reflect.Method.invoke(Unknown Source)
	at org.testng.internal.MethodInvocationHelper.invokeMethod(MethodInvocationHelper.java:86)
	at org.testng.internal.Invoker.invokeMethod(Invoker.java:645)
	at org.testng.internal.Invoker.invokeTestMethod(Invoker.java:822)
	at org.testng.internal.Invoker.invokeTestMethods(Invoker.java:1130)
	at org.testng.internal.TestMethodWorker.invokeTestMethods(TestMethodWorker.java:129)
	at org.testng.internal.TestMethodWorker.run(TestMethodWorker.java:112)
	at org.testng.TestRunner.privateRun(TestRunner.java:782)
	at org.testng.TestRunner.run(TestRunner.java:632)
	at org.testng.SuiteRunner.runTest(SuiteRunner.java:366)
	at org.testng.SuiteRunner.runSequentially(SuiteRunner.java:361)
	at org.testng.SuiteRunner.privateRun(SuiteRunner.java:319)
	at org.testng.SuiteRunner.run(SuiteRunner.java:268)
	at org.testng.SuiteRunnerWorker.runSuite(SuiteRunnerWorker.java:52)
	at org.testng.SuiteRunnerWorker.run(SuiteRunnerWorker.java:86)
	at org.testng.TestNG.runSuitesSequentially(TestNG.java:1244)
	at org.testng.TestNG.runSuitesLocally(TestNG.java:1169)
	at org.testng.TestNG.run(TestNG.java:1064)
	at org.testng.remote.RemoteTestNG.run(RemoteTestNG.java:113)
	at org.testng.remote.RemoteTestNG.initAndRun(RemoteTestNG.java:206)
	at org.testng.remote.RemoteTestNG.main(RemoteTestNG.java:177)
</pre></td>
				</tr>
			</tbody>
		</table>
	</div>
					</div>
				</li>
				
				
				<li class='test displayed active  fail' status='fail' bdd='false' test-id='13'>
					<div class='test-heading'>
						<span class='test-name'>ETEngagement_GetEngagementById_Status200</span>
						<span class='test-time'>May 26, 2021 11:06:50 AM</span>
						<span class='test-status right fail'>fail</span>
					</div>
					<div class='test-content hide'>
<div class='test-time-info'>
	<span class='label start-time'>May 26, 2021 11:06:50 AM</span>
	<span class='label end-time'>May 26, 2021 11:06:51 AM</span>
	<span class='label time-taken grey lighten-1 white-text'>0h 0m 0s+547ms</span>
</div>
	<div class='test-steps'>
		<table class='bordered table-results'>
			<thead>
				<tr>
					<th>Status</th>
					<th>Timestamp</th>
					<th>Details</th>
				</tr>
			</thead>
			<tbody>
				<tr class='log' status='fail'>
					<td class='status fail' title='fail' alt='fail'><i class='material-icons'>cancel</i></td>
					<td class='timestamp'>11:06:51 AM</td>
					<td class='step-details'><pre>java.lang.IndexOutOfBoundsException: Index: 1, Size: 1
	at java.util.ArrayList.rangeCheck(Unknown Source)
	at java.util.ArrayList.get(Unknown Source)
	at restassured.automation.ETTestcases.Restassured_Automation_ETEngagement.ETEngagement_GetEngagementById_Status200(Restassured_Automation_ETEngagement.java:92)
	at sun.reflect.NativeMethodAccessorImpl.invoke0(Native Method)
	at sun.reflect.NativeMethodAccessorImpl.invoke(Unknown Source)
	at sun.reflect.DelegatingMethodAccessorImpl.invoke(Unknown Source)
	at java.lang.reflect.Method.invoke(Unknown Source)
	at org.testng.internal.MethodInvocationHelper.invokeMethod(MethodInvocationHelper.java:86)
	at org.testng.internal.Invoker.invokeMethod(Invoker.java:645)
	at org.testng.internal.Invoker.invokeTestMethod(Invoker.java:822)
	at org.testng.internal.Invoker.invokeTestMethods(Invoker.java:1130)
	at org.testng.internal.TestMethodWorker.invokeTestMethods(TestMethodWorker.java:129)
	at org.testng.internal.TestMethodWorker.run(TestMethodWorker.java:112)
	at org.testng.TestRunner.privateRun(TestRunner.java:782)
	at org.testng.TestRunner.run(TestRunner.java:632)
	at org.testng.SuiteRunner.runTest(SuiteRunner.java:366)
	at org.testng.SuiteRunner.runSequentially(SuiteRunner.java:361)
	at org.testng.SuiteRunner.privateRun(SuiteRunner.java:319)
	at org.testng.SuiteRunner.run(SuiteRunner.java:268)
	at org.testng.SuiteRunnerWorker.runSuite(SuiteRunnerWorker.java:52)
	at org.testng.SuiteRunnerWorker.run(SuiteRunnerWorker.java:86)
	at org.testng.TestNG.runSuitesSequentially(TestNG.java:1244)
	at org.testng.TestNG.runSuitesLocally(TestNG.java:1169)
	at org.testng.TestNG.run(TestNG.java:1064)
	at org.testng.remote.RemoteTestNG.run(RemoteTestNG.java:113)
	at org.testng.remote.RemoteTestNG.initAndRun(RemoteTestNG.java:206)
	at org.testng.remote.RemoteTestNG.main(RemoteTestNG.java:177)
</pre></td>
				</tr>
			</tbody>
		</table>
	</div>
					</div>
				</li>
				
				
				<li class='test displayed active  fail' status='fail' bdd='false' test-id='14'>
					<div class='test-heading'>
						<span class='test-name'>ETEngagement_GetEngagementEvent_Status200</span>
						<span class='test-time'>May 26, 2021 11:06:51 AM</span>
						<span class='test-status right fail'>fail</span>
					</div>
					<div class='test-content hide'>
<div class='test-time-info'>
	<span class='label start-time'>May 26, 2021 11:06:51 AM</span>
	<span class='label end-time'>May 26, 2021 11:06:51 AM</span>
	<span class='label time-taken grey lighten-1 white-text'>0h 0m 0s+591ms</span>
</div>
	<div class='test-steps'>
		<table class='bordered table-results'>
			<thead>
				<tr>
					<th>Status</th>
					<th>Timestamp</th>
					<th>Details</th>
				</tr>
			</thead>
			<tbody>
				<tr class='log' status='fail'>
					<td class='status fail' title='fail' alt='fail'><i class='material-icons'>cancel</i></td>
					<td class='timestamp'>11:06:51 AM</td>
					<td class='step-details'><pre>java.lang.IndexOutOfBoundsException: Index: 1, Size: 1
	at java.util.ArrayList.rangeCheck(Unknown Source)
	at java.util.ArrayList.get(Unknown Source)
	at restassured.automation.ETTestcases.Restassured_Automation_ETEngagement.ETEngagement_GetEngagementEvent_Status200(Restassured_Automation_ETEngagement.java:136)
	at sun.reflect.NativeMethodAccessorImpl.invoke0(Native Method)
	at sun.reflect.NativeMethodAccessorImpl.invoke(Unknown Source)
	at sun.reflect.DelegatingMethodAccessorImpl.invoke(Unknown Source)
	at java.lang.reflect.Method.invoke(Unknown Source)
	at org.testng.internal.MethodInvocationHelper.invokeMethod(MethodInvocationHelper.java:86)
	at org.testng.internal.Invoker.invokeMethod(Invoker.java:645)
	at org.testng.internal.Invoker.invokeTestMethod(Invoker.java:822)
	at org.testng.internal.Invoker.invokeTestMethods(Invoker.java:1130)
	at org.testng.internal.TestMethodWorker.invokeTestMethods(TestMethodWorker.java:129)
	at org.testng.internal.TestMethodWorker.run(TestMethodWorker.java:112)
	at org.testng.TestRunner.privateRun(TestRunner.java:782)
	at org.testng.TestRunner.run(TestRunner.java:632)
	at org.testng.SuiteRunner.runTest(SuiteRunner.java:366)
	at org.testng.SuiteRunner.runSequentially(SuiteRunner.java:361)
	at org.testng.SuiteRunner.privateRun(SuiteRunner.java:319)
	at org.testng.SuiteRunner.run(SuiteRunner.java:268)
	at org.testng.SuiteRunnerWorker.runSuite(SuiteRunnerWorker.java:52)
	at org.testng.SuiteRunnerWorker.run(SuiteRunnerWorker.java:86)
	at org.testng.TestNG.runSuitesSequentially(TestNG.java:1244)
	at org.testng.TestNG.runSuitesLocally(TestNG.java:1169)
	at org.testng.TestNG.run(TestNG.java:1064)
	at org.testng.remote.RemoteTestNG.run(RemoteTestNG.java:113)
	at org.testng.remote.RemoteTestNG.initAndRun(RemoteTestNG.java:206)
	at org.testng.remote.RemoteTestNG.main(RemoteTestNG.java:177)
</pre></td>
				</tr>
			</tbody>
		</table>
	</div>
					</div>
				</li>
				
				
				<li class='test displayed active  pass' status='pass' bdd='false' test-id='15'>
					<div class='test-heading'>
						<span class='test-name'>ETEngagement_GetListOfAllEngagement_Status200</span>
						<span class='test-time'>May 26, 2021 11:06:51 AM</span>
						<span class='test-status right pass'>pass</span>
					</div>
					<div class='test-content hide'>
<div class='test-time-info'>
	<span class='label start-time'>May 26, 2021 11:06:51 AM</span>
	<span class='label end-time'>May 26, 2021 11:06:54 AM</span>
	<span class='label time-taken grey lighten-1 white-text'>0h 0m 3s+60ms</span>
</div>
	<div class='test-steps'>
		<table class='bordered table-results'>
			<thead>
				<tr>
					<th>Status</th>
					<th>Timestamp</th>
					<th>Details</th>
				</tr>
			</thead>
			<tbody>
				<tr class='log' status='info'>
					<td class='status info' title='info' alt='info'><i class='material-icons'>info_outline</i></td>
					<td class='timestamp'>11:06:54 AM</td>
					<td class='step-details'>The status code is 200</td>
				</tr>
				<tr class='log' status='info'>
					<td class='status info' title='info' alt='info'><i class='material-icons'>info_outline</i></td>
					<td class='timestamp'>11:06:54 AM</td>
					<td class='step-details'>[
    {
        "id": "60ad45e419343c3c97a740f8",
        "title": "New Engagement by Release for Sprint 11",
        "client": "New Client by Release for Sprint 11",
        "methodologyVersion": "1.0.0",
        "periodEnd": "2021-06-30T18:44:00Z",
        "createdOn": "0001-01-01T00:00:00",
        "accessManagers": [
            "eb4b99c6-9626-4e1c-a0a7-378a96aec7e7"
        ],
        "methodology": "60ad3adfb60bb81c92fdbb18"
    },
    {
        "id": "60ad632b19343c3c97a74102",
        "title": "New Engagement 2 by Release for Sprint 11",
        "client": "New Client 2 by Release for Sprint 11",
        "methodologyVersion": "1.0.0",
        "periodEnd": "2021-07-31T20:46:00Z",
        "createdOn": "0001-01-01T00:00:00",
        "accessManagers": [
            "abf4dd47-e1d2-4e20-aaa2-1d0ffabf5d57",
            "eb4b99c6-9626-4e1c-a0a7-378a96aec7e7"
        ],
        "methodology": "60ad5f23b60bb81c92fdbcba"
    },
    {
        "id": "60ad771119343c3c97a7411b",
        "title": "APAC - FSLI Inherited",
        "client": "APAC - FSLI Inherited",
        "methodologyVersion": "1.0.0",
        "periodEnd": "2021-05-25T22:15:10.389Z",
        "createdOn": "0001-01-01T00:00:00",
        "accessManagers": [
            "eb4b99c6-9626-4e1c-a0a7-378a96aec7e7"
        ],
        "methodology": "60ad74a9b60bb81c92fdbfbf"
    },
    {
        "id": "60add37919343c3c97a7414c",
        "title": "API Engagement Sprint 11",
        "client": "API ",
        "methodologyVersion": "4.0.0",
        "periodEnd": "2021-05-26T04:47:26.556Z",
        "createdOn": "0001-01-01T00:00:00",
        "accessManagers": [
            "5f9f190d-69c9-4660-9d82-9b47f4432513"
        ],
        "methodology": "609b8ed9b46b1703e65aa0ed"
    }
]</td>
				</tr>
				<tr class='log' status='pass'>
					<td class='status pass' title='pass' alt='pass'><i class='material-icons'>check_circle</i></td>
					<td class='timestamp'>11:06:54 AM</td>
					<td class='step-details'>Test passed</td>
				</tr>
			</tbody>
		</table>
	</div>
					</div>
				</li>
				
				
				<li class='test displayed active  pass' status='pass' bdd='false' test-id='16'>
					<div class='test-heading'>
						<span class='test-name'>ETEngagement_GetListOfMyEngagement_Status200</span>
						<span class='test-time'>May 26, 2021 11:06:54 AM</span>
						<span class='test-status right pass'>pass</span>
					</div>
					<div class='test-content hide'>
<div class='test-time-info'>
	<span class='label start-time'>May 26, 2021 11:06:54 AM</span>
	<span class='label end-time'>May 26, 2021 11:06:55 AM</span>
	<span class='label time-taken grey lighten-1 white-text'>0h 0m 0s+577ms</span>
</div>
	<div class='test-steps'>
		<table class='bordered table-results'>
			<thead>
				<tr>
					<th>Status</th>
					<th>Timestamp</th>
					<th>Details</th>
				</tr>
			</thead>
			<tbody>
				<tr class='log' status='info'>
					<td class='status info' title='info' alt='info'><i class='material-icons'>info_outline</i></td>
					<td class='timestamp'>11:06:55 AM</td>
					<td class='step-details'>The status code is 200</td>
				</tr>
				<tr class='log' status='info'>
					<td class='status info' title='info' alt='info'><i class='material-icons'>info_outline</i></td>
					<td class='timestamp'>11:06:55 AM</td>
					<td class='step-details'>[
    {
        "id": "60add37919343c3c97a7414c",
        "title": "API Engagement Sprint 11",
        "client": "API ",
        "methodologyVersion": "4.0.0",
        "periodEnd": "2021-05-26T04:47:26.556Z",
        "createdOn": "0001-01-01T00:00:00",
        "accessManagers": [
            "5f9f190d-69c9-4660-9d82-9b47f4432513"
        ],
        "methodology": "609b8ed9b46b1703e65aa0ed"
    }
]</td>
				</tr>
				<tr class='log' status='pass'>
					<td class='status pass' title='pass' alt='pass'><i class='material-icons'>check_circle</i></td>
					<td class='timestamp'>11:06:55 AM</td>
					<td class='step-details'>Test passed</td>
				</tr>
			</tbody>
		</table>
	</div>
					</div>
				</li>
				
				
				<li class='test displayed active  pass' status='pass' bdd='false' test-id='17'>
					<div class='test-heading'>
						<span class='test-name'>ETEngagement_GetTheUsersOwnEngagementPermissionsForTheSpecifiedEngagement_Status200</span>
						<span class='test-time'>May 26, 2021 11:06:55 AM</span>
						<span class='test-status right pass'>pass</span>
					</div>
					<div class='test-content hide'>
<div class='test-time-info'>
	<span class='label start-time'>May 26, 2021 11:06:55 AM</span>
	<span class='label end-time'>May 26, 2021 11:06:56 AM</span>
	<span class='label time-taken grey lighten-1 white-text'>0h 0m 1s+119ms</span>
</div>
	<div class='test-steps'>
		<table class='bordered table-results'>
			<thead>
				<tr>
					<th>Status</th>
					<th>Timestamp</th>
					<th>Details</th>
				</tr>
			</thead>
			<tbody>
				<tr class='log' status='info'>
					<td class='status info' title='info' alt='info'><i class='material-icons'>info_outline</i></td>
					<td class='timestamp'>11:06:56 AM</td>
					<td class='step-details'>The status code is 200</td>
				</tr>
				<tr class='log' status='info'>
					<td class='status info' title='info' alt='info'><i class='material-icons'>info_outline</i></td>
					<td class='timestamp'>11:06:56 AM</td>
					<td class='step-details'>[
    "engagement.read",
    "engagement.team.add",
    "engagement.team.remove",
    "engagement.team.manageRequests",
    "engagement.team.updatePlatformRole",
    "engagement.response.update",
    "engagement.response.read"
]</td>
				</tr>
				<tr class='log' status='pass'>
					<td class='status pass' title='pass' alt='pass'><i class='material-icons'>check_circle</i></td>
					<td class='timestamp'>11:06:56 AM</td>
					<td class='step-details'>Test passed</td>
				</tr>
			</tbody>
		</table>
	</div>
					</div>
				</li>
				
				
				<li class='test displayed active  pass' status='pass' bdd='false' test-id='18'>
					<div class='test-heading'>
						<span class='test-name'>ETEngagement_DeleteEngagementTeamMember_Status200</span>
						<span class='test-time'>May 26, 2021 11:06:56 AM</span>
						<span class='test-status right pass'>pass</span>
					</div>
					<div class='test-content hide'>
<div class='test-time-info'>
	<span class='label start-time'>May 26, 2021 11:06:56 AM</span>
	<span class='label end-time'>May 26, 2021 11:07:04 AM</span>
	<span class='label time-taken grey lighten-1 white-text'>0h 0m 7s+993ms</span>
</div>
	<div class='test-steps'>
		<table class='bordered table-results'>
			<thead>
				<tr>
					<th>Status</th>
					<th>Timestamp</th>
					<th>Details</th>
				</tr>
			</thead>
			<tbody>
				<tr class='log' status='info'>
					<td class='status info' title='info' alt='info'><i class='material-icons'>info_outline</i></td>
					<td class='timestamp'>11:07:04 AM</td>
					<td class='step-details'>The status code is 204</td>
				</tr>
				<tr class='log' status='info'>
					<td class='status info' title='info' alt='info'><i class='material-icons'>info_outline</i></td>
					<td class='timestamp'>11:07:04 AM</td>
					<td class='step-details'></td>
				</tr>
				<tr class='log' status='pass'>
					<td class='status pass' title='pass' alt='pass'><i class='material-icons'>check_circle</i></td>
					<td class='timestamp'>11:07:04 AM</td>
					<td class='step-details'>Test passed</td>
				</tr>
			</tbody>
		</table>
	</div>
					</div>
				</li>
				
				
				<li class='test displayed active  pass' status='pass' bdd='false' test-id='19'>
					<div class='test-heading'>
						<span class='test-name'>ETEngagement_GetEngagementHistory_Status200</span>
						<span class='test-time'>May 26, 2021 11:07:04 AM</span>
						<span class='test-status right pass'>pass</span>
					</div>
					<div class='test-content hide'>
<div class='test-time-info'>
	<span class='label start-time'>May 26, 2021 11:07:04 AM</span>
	<span class='label end-time'>May 26, 2021 11:07:08 AM</span>
	<span class='label time-taken grey lighten-1 white-text'>0h 0m 3s+952ms</span>
</div>
	<div class='test-steps'>
		<table class='bordered table-results'>
			<thead>
				<tr>
					<th>Status</th>
					<th>Timestamp</th>
					<th>Details</th>
				</tr>
			</thead>
			<tbody>
				<tr class='log' status='info'>
					<td class='status info' title='info' alt='info'><i class='material-icons'>info_outline</i></td>
					<td class='timestamp'>11:07:08 AM</td>
					<td class='step-details'>The status code is 200</td>
				</tr>
				<tr class='log' status='info'>
					<td class='status info' title='info' alt='info'><i class='material-icons'>info_outline</i></td>
					<td class='timestamp'>11:07:08 AM</td>
					<td class='step-details'>[
    {
        "engagement": "60ad45e419343c3c97a740f8",
        "user": "eb4b99c6-9626-4e1c-a0a7-378a96aec7e7",
        "teamRole": "60ad3afb2235eaeb402d592c",
        "createdBy": "eb4b99c6-9626-4e1c-a0a7-378a96aec7e7",
        "createdOn": "2021-05-25T18:46:52.647Z",
        "deletedOn": "0001-01-01T00:00:00Z",
        "deleted": false,
        "deletedReason": 0,
        "id": "60ad461c19343c3c97a740fe"
    }
]</td>
				</tr>
				<tr class='log' status='pass'>
					<td class='status pass' title='pass' alt='pass'><i class='material-icons'>check_circle</i></td>
					<td class='timestamp'>11:07:08 AM</td>
					<td class='step-details'>Test passed</td>
				</tr>
			</tbody>
		</table>
	</div>
					</div>
				</li>
				
				
				<li class='test displayed active  pass' status='pass' bdd='false' test-id='20'>
					<div class='test-heading'>
						<span class='test-name'>ETEngagement_GetEngagementRoles_Status200</span>
						<span class='test-time'>May 26, 2021 11:07:08 AM</span>
						<span class='test-status right pass'>pass</span>
					</div>
					<div class='test-content hide'>
<div class='test-time-info'>
	<span class='label start-time'>May 26, 2021 11:07:08 AM</span>
	<span class='label end-time'>May 26, 2021 11:07:10 AM</span>
	<span class='label time-taken grey lighten-1 white-text'>0h 0m 1s+898ms</span>
</div>
	<div class='test-steps'>
		<table class='bordered table-results'>
			<thead>
				<tr>
					<th>Status</th>
					<th>Timestamp</th>
					<th>Details</th>
				</tr>
			</thead>
			<tbody>
				<tr class='log' status='info'>
					<td class='status info' title='info' alt='info'><i class='material-icons'>info_outline</i></td>
					<td class='timestamp'>11:07:10 AM</td>
					<td class='step-details'>The status code is 200</td>
				</tr>
				<tr class='log' status='info'>
					<td class='status info' title='info' alt='info'><i class='material-icons'>info_outline</i></td>
					<td class='timestamp'>11:07:10 AM</td>
					<td class='step-details'>[{"id":"605e1c78335275e714bb6b49"},{"id":"605e1c7c03cab399dfec7809"},{"id":"605e1c92ac1ff973c69cdd2d"},{"id":"605e1c9c088477851bd9fe7f"},{"id":"605e1ca0f62e08a4fceb934f"},{"id":"605e1ca4e35ca643604c5c17"},{"id":"605e1caa4c82a219504333d8"},{"id":"609b00613e1549ac627f45c0"},{"id":"609b9d6b3e1549ac627f45d3"},{"id":"60ad16602235eaeb402d5914"}]</td>
				</tr>
				<tr class='log' status='pass'>
					<td class='status pass' title='pass' alt='pass'><i class='material-icons'>check_circle</i></td>
					<td class='timestamp'>11:07:10 AM</td>
					<td class='step-details'>Test passed</td>
				</tr>
			</tbody>
		</table>
	</div>
					</div>
				</li>
				
				
				<li class='test displayed active  fail' status='fail' bdd='false' test-id='21'>
					<div class='test-heading'>
						<span class='test-name'>ETEngagement_RemoveAccessManager_Status200</span>
						<span class='test-time'>May 26, 2021 11:07:10 AM</span>
						<span class='test-status right fail'>fail</span>
					</div>
					<div class='test-content hide'>
<div class='test-time-info'>
	<span class='label start-time'>May 26, 2021 11:07:10 AM</span>
	<span class='label end-time'>May 26, 2021 11:07:11 AM</span>
	<span class='label time-taken grey lighten-1 white-text'>0h 0m 0s+601ms</span>
</div>
	<div class='test-steps'>
		<table class='bordered table-results'>
			<thead>
				<tr>
					<th>Status</th>
					<th>Timestamp</th>
					<th>Details</th>
				</tr>
			</thead>
			<tbody>
				<tr class='log' status='fail'>
					<td class='status fail' title='fail' alt='fail'><i class='material-icons'>cancel</i></td>
					<td class='timestamp'>11:07:11 AM</td>
					<td class='step-details'><pre>java.lang.IndexOutOfBoundsException: Index: 1, Size: 1
	at java.util.ArrayList.rangeCheck(Unknown Source)
	at java.util.ArrayList.get(Unknown Source)
	at restassured.automation.ETTestcases.Restassured_Automation_ETEngagementTeam.ETEngagement_RemoveAccessManager_Status200(Restassured_Automation_ETEngagementTeam.java:108)
	at sun.reflect.NativeMethodAccessorImpl.invoke0(Native Method)
	at sun.reflect.NativeMethodAccessorImpl.invoke(Unknown Source)
	at sun.reflect.DelegatingMethodAccessorImpl.invoke(Unknown Source)
	at java.lang.reflect.Method.invoke(Unknown Source)
	at org.testng.internal.MethodInvocationHelper.invokeMethod(MethodInvocationHelper.java:86)
	at org.testng.internal.Invoker.invokeMethod(Invoker.java:645)
	at org.testng.internal.Invoker.invokeTestMethod(Invoker.java:822)
	at org.testng.internal.Invoker.invokeTestMethods(Invoker.java:1130)
	at org.testng.internal.TestMethodWorker.invokeTestMethods(TestMethodWorker.java:129)
	at org.testng.internal.TestMethodWorker.run(TestMethodWorker.java:112)
	at org.testng.TestRunner.privateRun(TestRunner.java:782)
	at org.testng.TestRunner.run(TestRunner.java:632)
	at org.testng.SuiteRunner.runTest(SuiteRunner.java:366)
	at org.testng.SuiteRunner.runSequentially(SuiteRunner.java:361)
	at org.testng.SuiteRunner.privateRun(SuiteRunner.java:319)
	at org.testng.SuiteRunner.run(SuiteRunner.java:268)
	at org.testng.SuiteRunnerWorker.runSuite(SuiteRunnerWorker.java:52)
	at org.testng.SuiteRunnerWorker.run(SuiteRunnerWorker.java:86)
	at org.testng.TestNG.runSuitesSequentially(TestNG.java:1244)
	at org.testng.TestNG.runSuitesLocally(TestNG.java:1169)
	at org.testng.TestNG.run(TestNG.java:1064)
	at org.testng.remote.RemoteTestNG.run(RemoteTestNG.java:113)
	at org.testng.remote.RemoteTestNG.initAndRun(RemoteTestNG.java:206)
	at org.testng.remote.RemoteTestNG.main(RemoteTestNG.java:177)
</pre></td>
				</tr>
			</tbody>
		</table>
	</div>
					</div>
				</li>
				
				
				<li class='test displayed active  pass' status='pass' bdd='false' test-id='22'>
					<div class='test-heading'>
						<span class='test-name'>ETEngagement_UpdateAccessManager_Status200</span>
						<span class='test-time'>May 26, 2021 11:07:11 AM</span>
						<span class='test-status right pass'>pass</span>
					</div>
					<div class='test-content hide'>
<div class='test-time-info'>
	<span class='label start-time'>May 26, 2021 11:07:11 AM</span>
	<span class='label end-time'>May 26, 2021 11:07:14 AM</span>
	<span class='label time-taken grey lighten-1 white-text'>0h 0m 3s+150ms</span>
</div>
	<div class='test-steps'>
		<table class='bordered table-results'>
			<thead>
				<tr>
					<th>Status</th>
					<th>Timestamp</th>
					<th>Details</th>
				</tr>
			</thead>
			<tbody>
				<tr class='log' status='info'>
					<td class='status info' title='info' alt='info'><i class='material-icons'>info_outline</i></td>
					<td class='timestamp'>11:07:14 AM</td>
					<td class='step-details'>The status code is 204</td>
				</tr>
				<tr class='log' status='info'>
					<td class='status info' title='info' alt='info'><i class='material-icons'>info_outline</i></td>
					<td class='timestamp'>11:07:14 AM</td>
					<td class='step-details'></td>
				</tr>
				<tr class='log' status='pass'>
					<td class='status pass' title='pass' alt='pass'><i class='material-icons'>check_circle</i></td>
					<td class='timestamp'>11:07:14 AM</td>
					<td class='step-details'>Test passed</td>
				</tr>
			</tbody>
		</table>
	</div>
					</div>
				</li>
				
				
				<li class='test displayed active  pass' status='pass' bdd='false' test-id='23'>
					<div class='test-heading'>
						<span class='test-name'>ETEngagement_UpdateEngagementTeamMember_Status200</span>
						<span class='test-time'>May 26, 2021 11:07:14 AM</span>
						<span class='test-status right pass'>pass</span>
					</div>
					<div class='test-content hide'>
<div class='test-time-info'>
	<span class='label start-time'>May 26, 2021 11:07:14 AM</span>
	<span class='label end-time'>May 26, 2021 11:07:20 AM</span>
	<span class='label time-taken grey lighten-1 white-text'>0h 0m 6s+460ms</span>
</div>
	<div class='test-steps'>
		<table class='bordered table-results'>
			<thead>
				<tr>
					<th>Status</th>
					<th>Timestamp</th>
					<th>Details</th>
				</tr>
			</thead>
			<tbody>
				<tr class='log' status='info'>
					<td class='status info' title='info' alt='info'><i class='material-icons'>info_outline</i></td>
					<td class='timestamp'>11:07:20 AM</td>
					<td class='step-details'>The status code is 200</td>
				</tr>
				<tr class='log' status='info'>
					<td class='status info' title='info' alt='info'><i class='material-icons'>info_outline</i></td>
					<td class='timestamp'>11:07:20 AM</td>
					<td class='step-details'>{
    "engagement": "60ad632b19343c3c97a74102",
    "user": "d768ffbb-ccb4-4f6f-a515-6eec4d05b456",
    "teamRole": "605e1c7c03cab399dfec7809",
    "createdBy": "5f9f190d-69c9-4660-9d82-9b47f4432513",
    "createdOn": "2021-05-26T05:39:09.8661808Z",
    "deletedOn": "0001-01-01T00:00:00",
    "deleted": false,
    "deletedReason": 0,
    "id": "60addefd19343c3c97a7415f"
}</td>
				</tr>
				<tr class='log' status='pass'>
					<td class='status pass' title='pass' alt='pass'><i class='material-icons'>check_circle</i></td>
					<td class='timestamp'>11:07:20 AM</td>
					<td class='step-details'>Test passed</td>
				</tr>
			</tbody>
		</table>
	</div>
					</div>
				</li>
				
				
				<li class='test displayed active  fail' status='fail' bdd='false' test-id='24'>
					<div class='test-heading'>
						<span class='test-name'>ETMethodology_GetMethodologyForAnEngagements_Status200</span>
						<span class='test-time'>May 26, 2021 11:07:20 AM</span>
						<span class='test-status right fail'>fail</span>
					</div>
					<div class='test-content hide'>
<div class='test-time-info'>
	<span class='label start-time'>May 26, 2021 11:07:20 AM</span>
	<span class='label end-time'>May 26, 2021 11:07:21 AM</span>
	<span class='label time-taken grey lighten-1 white-text'>0h 0m 0s+536ms</span>
</div>
	<div class='test-steps'>
		<table class='bordered table-results'>
			<thead>
				<tr>
					<th>Status</th>
					<th>Timestamp</th>
					<th>Details</th>
				</tr>
			</thead>
			<tbody>
				<tr class='log' status='fail'>
					<td class='status fail' title='fail' alt='fail'><i class='material-icons'>cancel</i></td>
					<td class='timestamp'>11:07:21 AM</td>
					<td class='step-details'><pre>java.lang.IndexOutOfBoundsException: Index: 1, Size: 1
	at java.util.ArrayList.rangeCheck(Unknown Source)
	at java.util.ArrayList.get(Unknown Source)
	at restassured.automation.ETTestcases.Restassured_Automation_ETMethodology.ETMethodology_GetMethodologyForAnEngagements_Status200(Restassured_Automation_ETMethodology.java:91)
	at sun.reflect.NativeMethodAccessorImpl.invoke0(Native Method)
	at sun.reflect.NativeMethodAccessorImpl.invoke(Unknown Source)
	at sun.reflect.DelegatingMethodAccessorImpl.invoke(Unknown Source)
	at java.lang.reflect.Method.invoke(Unknown Source)
	at org.testng.internal.MethodInvocationHelper.invokeMethod(MethodInvocationHelper.java:86)
	at org.testng.internal.Invoker.invokeMethod(Invoker.java:645)
	at org.testng.internal.Invoker.invokeTestMethod(Invoker.java:822)
	at org.testng.internal.Invoker.invokeTestMethods(Invoker.java:1130)
	at org.testng.internal.TestMethodWorker.invokeTestMethods(TestMethodWorker.java:129)
	at org.testng.internal.TestMethodWorker.run(TestMethodWorker.java:112)
	at org.testng.TestRunner.privateRun(TestRunner.java:782)
	at org.testng.TestRunner.run(TestRunner.java:632)
	at org.testng.SuiteRunner.runTest(SuiteRunner.java:366)
	at org.testng.SuiteRunner.runSequentially(SuiteRunner.java:361)
	at org.testng.SuiteRunner.privateRun(SuiteRunner.java:319)
	at org.testng.SuiteRunner.run(SuiteRunner.java:268)
	at org.testng.SuiteRunnerWorker.runSuite(SuiteRunnerWorker.java:52)
	at org.testng.SuiteRunnerWorker.run(SuiteRunnerWorker.java:86)
	at org.testng.TestNG.runSuitesSequentially(TestNG.java:1244)
	at org.testng.TestNG.runSuitesLocally(TestNG.java:1169)
	at org.testng.TestNG.run(TestNG.java:1064)
	at org.testng.remote.RemoteTestNG.run(RemoteTestNG.java:113)
	at org.testng.remote.RemoteTestNG.initAndRun(RemoteTestNG.java:206)
	at org.testng.remote.RemoteTestNG.main(RemoteTestNG.java:177)
</pre></td>
				</tr>
			</tbody>
		</table>
	</div>
					</div>
				</li>
				
				
				<li class='test displayed active  pass' status='pass' bdd='false' test-id='25'>
					<div class='test-heading'>
						<span class='test-name'>ETMethodology_GetMethodologyManifest_Status200</span>
						<span class='test-time'>May 26, 2021 11:07:21 AM</span>
						<span class='test-status right pass'>pass</span>
					</div>
					<div class='test-content hide'>
<div class='test-time-info'>
	<span class='label start-time'>May 26, 2021 11:07:21 AM</span>
	<span class='label end-time'>May 26, 2021 11:07:21 AM</span>
	<span class='label time-taken grey lighten-1 white-text'>0h 0m 0s+575ms</span>
</div>
	<div class='test-steps'>
		<table class='bordered table-results'>
			<thead>
				<tr>
					<th>Status</th>
					<th>Timestamp</th>
					<th>Details</th>
				</tr>
			</thead>
			<tbody>
				<tr class='log' status='info'>
					<td class='status info' title='info' alt='info'><i class='material-icons'>info_outline</i></td>
					<td class='timestamp'>11:07:21 AM</td>
					<td class='step-details'>The status code is 200</td>
				</tr>
				<tr class='log' status='info'>
					<td class='status info' title='info' alt='info'><i class='material-icons'>info_outline</i></td>
					<td class='timestamp'>11:07:21 AM</td>
					<td class='step-details'>{
    "organization": "5f950768fc13ae0ade000001",
    "methodologies": [
        {
            "id": "609b04c2b46b1703e65a9eeb",
            "title": "Import_R3Created_Methodology_GTILedit",
            "versions": {
                "1_0_1": "60a2b07cb46b1703e65ab82e"
            },
            "currentVersion": "1.0.1",
            "engagementType": "0511_R3_Audit -- DO NOT MAKE ANY CHANGES",
            "engagementTypeId": "609b04c2c63d7cf2fdd811c4"
        },
        {
            "id": "609b71d9b46b1703e65aa000",
            "title": "Performance Methodology 1",
            "versions": {
                "1_0_0": "60ab58b8b46b1703e65ac35a"
            },
            "currentVersion": "1.0.0",
            "engagementType": "Performance",
            "engagementTypeId": "609b71c8c63d7cf2fdd811ef"
        },
        {
            "id": "609b8ed9b46b1703e65aa0ed",
            "title": "API CreateMethodology",
            "versions": {
                "1_0_6": "609bc9d2b46b1703e65aa415",
                "2_0_0": "609e2789b46b1703e65aad42",
                "3_0_0": "609e4e4ab46b1703e65aae76",
                "4_0_0": "60a6376eb46b1703e65abf30"
            },
            "currentVersion": "4.0.0",
            "engagementType": "API Engagement sprint 10",
            "engagementTypeId": "609b8ea5c63d7cf2fdd81210"
        },
        {
            "id": "609bbb2cb46b1703e65aa320",
            "title": "Automation Release",
            "versions": {
                "1_0_2": "60a398beb46b1703e65ab986",
                "2_0_4": "60a4eec3b46b1703e65abc29",
                "3_0_0": "60aca079b46b1703e65ac557"
            },
            "currentVersion": "3.0.0",
            "engagementType": "Automation",
            "engagementTypeId": "609b5c89c63d7cf2fdd811de"
        },
        {
            "id": "609d0a37b46b1703e65aa64d",
            "title": "Automation_Publishing",
            "versions": {
                "1_0_2": "60a38894b46b1703e65ab930",
                "2_0_1": "60a7418bb46b1703e65abfd6",
                "3_0_0": "60acd97cb60bb81c92fdb574",
                "4_0_0": "60acf123b60bb81c92fdb5ca",
                "5_0_0": "60acf778b60bb81c92fdb6b4",
                "6_0_0": "60acfae7b60bb81c92fdb70a"
            },
            "currentVersion": "6.0.0",
            "engagementType": "Automation",
            "engagementTypeId": "609b5c89c63d7cf2fdd811de"
        },
        {
            "id": "609da764b46b1703e65aab58",
            "title": "Audit Methodology 0513 for tailoring configurations",
            "versions": {
                "1_0_0": "609db91db46b1703e65aabcf"
            },
            "currentVersion": "1.0.0",
            "engagementType": "0511_R3_Audit -- DO NOT MAKE ANY CHANGES",
            "engagementTypeId": "609b04c2c63d7cf2fdd811c4"
        },
        {
            "id": "609e4333b46b1703e65aadb9",
            "title": "Release methodology 13 May",
            "versions": {
                "1_0_0": "609e4c02b46b1703e65aae30"
            },
            "currentVersion": "1.0.0",
            "engagementType": "0511_R3_Audit -- DO NOT MAKE ANY CHANGES",
            "engagementTypeId": "609b04c2c63d7cf2fdd811c4"
        },
        {
            "id": "60a279ebb46b1703e65ab652",
            "title": "0517_methodoldogy",
            "versions": {
                "1_0_8": "60a51ddbb46b1703e65abdc5",
                "2_0_1": "60a5224bb46b1703e65abe65"
            },
            "currentVersion": "1.0.8",
            "engagementType": "Automation",
            "engagementTypeId": "609b5c89c63d7cf2fdd811de"
        },
        {
            "id": "60ad1d78b60bb81c92fdb989",
            "title": "Inherited methodology testing",
            "versions": {
                "1_0_0": "60ad1d90b60bb81c92fdba1c"
            },
            "currentVersion": "1.0.0",
            "engagementType": "Sprint 11 Sprint acceptance testing",
            "engagementTypeId": "60ad1d77da4a7aa815e23bb2"
        },
        {
            "id": "60ad3adfb60bb81c92fdbb18",
            "title": "Release Methodology Sprint 11",
            "versions": {
                "1_0_0": "60ad4419b60bb81c92fdbbbd"
            },
            "currentVersion": "1.0.0",
            "engagementType": "0511_R3_Audit -- DO NOT MAKE ANY CHANGES",
            "engagementTypeId": "609b04c2c63d7cf2fdd811c4"
        },
        {
            "id": "60ad5f23b60bb81c92fdbcba",
            "title": "Audit Methodology Sprint 11",
            "versions": {
                "1_0_0": "60ad611fb60bb81c92fdbd5f"
            },
            "currentVersion": "1.0.0",
            "engagementType": "Release APAC Engagement",
            "engagementTypeId": "60ad5f04da4a7aa815e23beb"
        },
        {
            "id": "60ad74a9b60bb81c92fdbfbf",
            "title": "New permission - Inherited - May 25",
            "versions": {
                "1_0_0": "60ad761cb60bb81c92fdc065"
            },
            "currentVersion": "1.0.0",
            "engagementType": "New permission - Inherited - May 25",
            "engagementTypeId": "60ad74a8da4a7aa815e23c1b"
        }
    ]
}</td>
				</tr>
				<tr class='log' status='pass'>
					<td class='status pass' title='pass' alt='pass'><i class='material-icons'>check_circle</i></td>
					<td class='timestamp'>11:07:21 AM</td>
					<td class='step-details'>Test passed</td>
				</tr>
			</tbody>
		</table>
	</div>
					</div>
				</li>
				
				
				<li class='test displayed active  fail' status='fail' bdd='false' test-id='26'>
					<div class='test-heading'>
						<span class='test-name'>ETMethodology_GetMethodologyTranslations_Status200</span>
						<span class='test-time'>May 26, 2021 11:07:21 AM</span>
						<span class='test-status right fail'>fail</span>
					</div>
					<div class='test-content hide'>
<div class='test-time-info'>
	<span class='label start-time'>May 26, 2021 11:07:21 AM</span>
	<span class='label end-time'>May 26, 2021 11:07:22 AM</span>
	<span class='label time-taken grey lighten-1 white-text'>0h 0m 0s+535ms</span>
</div>
	<div class='test-steps'>
		<table class='bordered table-results'>
			<thead>
				<tr>
					<th>Status</th>
					<th>Timestamp</th>
					<th>Details</th>
				</tr>
			</thead>
			<tbody>
				<tr class='log' status='fail'>
					<td class='status fail' title='fail' alt='fail'><i class='material-icons'>cancel</i></td>
					<td class='timestamp'>11:07:22 AM</td>
					<td class='step-details'><pre>java.lang.IndexOutOfBoundsException: Index: 1, Size: 1
	at java.util.ArrayList.rangeCheck(Unknown Source)
	at java.util.ArrayList.get(Unknown Source)
	at restassured.automation.ETTestcases.Restassured_Automation_ETMethodology.ETMethodology_GetMethodologyTranslations_Status200(Restassured_Automation_ETMethodology.java:69)
	at sun.reflect.NativeMethodAccessorImpl.invoke0(Native Method)
	at sun.reflect.NativeMethodAccessorImpl.invoke(Unknown Source)
	at sun.reflect.DelegatingMethodAccessorImpl.invoke(Unknown Source)
	at java.lang.reflect.Method.invoke(Unknown Source)
	at org.testng.internal.MethodInvocationHelper.invokeMethod(MethodInvocationHelper.java:86)
	at org.testng.internal.Invoker.invokeMethod(Invoker.java:645)
	at org.testng.internal.Invoker.invokeTestMethod(Invoker.java:822)
	at org.testng.internal.Invoker.invokeTestMethods(Invoker.java:1130)
	at org.testng.internal.TestMethodWorker.invokeTestMethods(TestMethodWorker.java:129)
	at org.testng.internal.TestMethodWorker.run(TestMethodWorker.java:112)
	at org.testng.TestRunner.privateRun(TestRunner.java:782)
	at org.testng.TestRunner.run(TestRunner.java:632)
	at org.testng.SuiteRunner.runTest(SuiteRunner.java:366)
	at org.testng.SuiteRunner.runSequentially(SuiteRunner.java:361)
	at org.testng.SuiteRunner.privateRun(SuiteRunner.java:319)
	at org.testng.SuiteRunner.run(SuiteRunner.java:268)
	at org.testng.SuiteRunnerWorker.runSuite(SuiteRunnerWorker.java:52)
	at org.testng.SuiteRunnerWorker.run(SuiteRunnerWorker.java:86)
	at org.testng.TestNG.runSuitesSequentially(TestNG.java:1244)
	at org.testng.TestNG.runSuitesLocally(TestNG.java:1169)
	at org.testng.TestNG.run(TestNG.java:1064)
	at org.testng.remote.RemoteTestNG.run(RemoteTestNG.java:113)
	at org.testng.remote.RemoteTestNG.initAndRun(RemoteTestNG.java:206)
	at org.testng.remote.RemoteTestNG.main(RemoteTestNG.java:177)
</pre></td>
				</tr>
			</tbody>
		</table>
	</div>
					</div>
				</li>
				
				
				<li class='test displayed active  pass' status='pass' bdd='false' test-id='27'>
					<div class='test-heading'>
						<span class='test-name'>ETResponses_PostAddANewRowToAnItemizedWorkProgram_Status200</span>
						<span class='test-time'>May 26, 2021 11:07:22 AM</span>
						<span class='test-status right pass'>pass</span>
					</div>
					<div class='test-content hide'>
<div class='test-time-info'>
	<span class='label start-time'>May 26, 2021 11:07:22 AM</span>
	<span class='label end-time'>May 26, 2021 11:07:24 AM</span>
	<span class='label time-taken grey lighten-1 white-text'>0h 0m 2s+509ms</span>
</div>
	<div class='test-steps'>
		<table class='bordered table-results'>
			<thead>
				<tr>
					<th>Status</th>
					<th>Timestamp</th>
					<th>Details</th>
				</tr>
			</thead>
			<tbody>
				<tr class='log' status='info'>
					<td class='status info' title='info' alt='info'><i class='material-icons'>info_outline</i></td>
					<td class='timestamp'>11:07:24 AM</td>
					<td class='step-details'>The status code is 200</td>
				</tr>
				<tr class='log' status='info'>
					<td class='status info' title='info' alt='info'><i class='material-icons'>info_outline</i></td>
					<td class='timestamp'>11:07:24 AM</td>
					<td class='step-details'>{
    "row": 1
}</td>
				</tr>
				<tr class='log' status='pass'>
					<td class='status pass' title='pass' alt='pass'><i class='material-icons'>check_circle</i></td>
					<td class='timestamp'>11:07:24 AM</td>
					<td class='step-details'>Test passed</td>
				</tr>
			</tbody>
		</table>
	</div>
					</div>
				</li>
				
				
				<li class='test displayed active  fail' status='fail' bdd='false' test-id='28'>
					<div class='test-heading'>
						<span class='test-name'>ETResponses_PutResponses_Status200</span>
						<span class='test-time'>May 26, 2021 11:07:24 AM</span>
						<span class='test-status right fail'>fail</span>
					</div>
					<div class='test-content hide'>
<div class='test-time-info'>
	<span class='label start-time'>May 26, 2021 11:07:24 AM</span>
	<span class='label end-time'>May 26, 2021 11:07:27 AM</span>
	<span class='label time-taken grey lighten-1 white-text'>0h 0m 2s+766ms</span>
</div>
	<div class='test-steps'>
		<table class='bordered table-results'>
			<thead>
				<tr>
					<th>Status</th>
					<th>Timestamp</th>
					<th>Details</th>
				</tr>
			</thead>
			<tbody>
				<tr class='log' status='fail'>
					<td class='status fail' title='fail' alt='fail'><i class='material-icons'>cancel</i></td>
					<td class='timestamp'>11:07:27 AM</td>
					<td class='step-details'><pre>java.lang.AssertionError: expected [204] but found [400]
	at org.testng.Assert.fail(Assert.java:94)
	at org.testng.Assert.failNotEquals(Assert.java:513)
	at org.testng.Assert.assertEqualsImpl(Assert.java:135)
	at org.testng.Assert.assertEquals(Assert.java:116)
	at org.testng.Assert.assertEquals(Assert.java:389)
	at org.testng.Assert.assertEquals(Assert.java:399)
	at restassured.automation.ETTestcases.Restassured_Automation_ETResponses.ETResponses_PutResponses_Status200(Restassured_Automation_ETResponses.java:80)
	at sun.reflect.NativeMethodAccessorImpl.invoke0(Native Method)
	at sun.reflect.NativeMethodAccessorImpl.invoke(Unknown Source)
	at sun.reflect.DelegatingMethodAccessorImpl.invoke(Unknown Source)
	at java.lang.reflect.Method.invoke(Unknown Source)
	at org.testng.internal.MethodInvocationHelper.invokeMethod(MethodInvocationHelper.java:86)
	at org.testng.internal.Invoker.invokeMethod(Invoker.java:645)
	at org.testng.internal.Invoker.invokeTestMethod(Invoker.java:822)
	at org.testng.internal.Invoker.invokeTestMethods(Invoker.java:1130)
	at org.testng.internal.TestMethodWorker.invokeTestMethods(TestMethodWorker.java:129)
	at org.testng.internal.TestMethodWorker.run(TestMethodWorker.java:112)
	at org.testng.TestRunner.privateRun(TestRunner.java:782)
	at org.testng.TestRunner.run(TestRunner.java:632)
	at org.testng.SuiteRunner.runTest(SuiteRunner.java:366)
	at org.testng.SuiteRunner.runSequentially(SuiteRunner.java:361)
	at org.testng.SuiteRunner.privateRun(SuiteRunner.java:319)
	at org.testng.SuiteRunner.run(SuiteRunner.java:268)
	at org.testng.SuiteRunnerWorker.runSuite(SuiteRunnerWorker.java:52)
	at org.testng.SuiteRunnerWorker.run(SuiteRunnerWorker.java:86)
	at org.testng.TestNG.runSuitesSequentially(TestNG.java:1244)
	at org.testng.TestNG.runSuitesLocally(TestNG.java:1169)
	at org.testng.TestNG.run(TestNG.java:1064)
	at org.testng.remote.RemoteTestNG.run(RemoteTestNG.java:113)
	at org.testng.remote.RemoteTestNG.initAndRun(RemoteTestNG.java:206)
	at org.testng.remote.RemoteTestNG.main(RemoteTestNG.java:177)
</pre></td>
				</tr>
			</tbody>
		</table>
	</div>
					</div>
				</li>
				
				
				<li class='test displayed active  pass' status='pass' bdd='false' test-id='29'>
					<div class='test-heading'>
						<span class='test-name'>ETResponses_deleteAddANewRowToAnItemizedWorkProgram_Status200</span>
						<span class='test-time'>May 26, 2021 11:07:27 AM</span>
						<span class='test-status right pass'>pass</span>
					</div>
					<div class='test-content hide'>
<div class='test-time-info'>
	<span class='label start-time'>May 26, 2021 11:07:27 AM</span>
	<span class='label end-time'>May 26, 2021 11:07:30 AM</span>
	<span class='label time-taken grey lighten-1 white-text'>0h 0m 2s+704ms</span>
</div>
	<div class='test-steps'>
		<table class='bordered table-results'>
			<thead>
				<tr>
					<th>Status</th>
					<th>Timestamp</th>
					<th>Details</th>
				</tr>
			</thead>
			<tbody>
				<tr class='log' status='info'>
					<td class='status info' title='info' alt='info'><i class='material-icons'>info_outline</i></td>
					<td class='timestamp'>11:07:30 AM</td>
					<td class='step-details'>The status code is 204</td>
				</tr>
				<tr class='log' status='info'>
					<td class='status info' title='info' alt='info'><i class='material-icons'>info_outline</i></td>
					<td class='timestamp'>11:07:30 AM</td>
					<td class='step-details'></td>
				</tr>
				<tr class='log' status='pass'>
					<td class='status pass' title='pass' alt='pass'><i class='material-icons'>check_circle</i></td>
					<td class='timestamp'>11:07:30 AM</td>
					<td class='step-details'>Test passed</td>
				</tr>
			</tbody>
		</table>
	</div>
					</div>
				</li>
				
				
				<li class='test displayed active  pass' status='pass' bdd='false' test-id='30'>
					<div class='test-heading'>
						<span class='test-name'>ETEngagement_GetCurrentEngagementState_Status200</span>
						<span class='test-time'>May 26, 2021 11:07:30 AM</span>
						<span class='test-status right pass'>pass</span>
					</div>
					<div class='test-content hide'>
<div class='test-time-info'>
	<span class='label start-time'>May 26, 2021 11:07:30 AM</span>
	<span class='label end-time'>May 26, 2021 11:07:32 AM</span>
	<span class='label time-taken grey lighten-1 white-text'>0h 0m 2s+314ms</span>
</div>
	<div class='test-steps'>
		<table class='bordered table-results'>
			<thead>
				<tr>
					<th>Status</th>
					<th>Timestamp</th>
					<th>Details</th>
				</tr>
			</thead>
			<tbody>
				<tr class='log' status='info'>
					<td class='status info' title='info' alt='info'><i class='material-icons'>info_outline</i></td>
					<td class='timestamp'>11:07:32 AM</td>
					<td class='step-details'>The status code is 200</td>
				</tr>
				<tr class='log' status='info'>
					<td class='status info' title='info' alt='info'><i class='material-icons'>info_outline</i></td>
					<td class='timestamp'>11:07:32 AM</td>
					<td class='step-details'>{
    "id": "60add37919343c3c97a7414c",
    "disabledItems": {
        
    },
    "instanceCount": {
        "609b8ef3aa642c3ea70c5406": 1,
        "609bc9a9aa642c3ea70c5753": 1,
        "609e2737aa642c3ea70c6313": 1,
        "609e4a21aa642c3ea70c64b4": 1,
        "60a383bdaa642c3ea70c6fdd": 1,
        "60a6362faa642c3ea70c70ec": 1,
        "60a636afaa642c3ea70c70f8": 1
    },
    "responses": {
        "60a63659aa642c3ea70c70f4_0_0": "60a6365eaa642c3ea70c70f6"
    },
    "rowKey": "2517802932459456001",
    "createdBy": {
        "60a6362faa642c3ea70c70ec_0_0": "5f9f190d-69c9-4660-9d82-9b47f4432513",
        "60a6362faa642c3ea70c70ec_0_1": "5f9f190d-69c9-4660-9d82-9b47f4432513"
    },
    "deletedBy": {
        
    },
    "deletedInstances": {
        
    },
    "deletedRows": {
        
    },
    "lastModifiedBy": {
        "60a63659aa642c3ea70c70f4_0_0": "5f9f190d-69c9-4660-9d82-9b47f4432513"
    },
    "rowCount": {
        "609b8ef3aa642c3ea70c5406_0": 0,
        "609bc9a9aa642c3ea70c5753_0": 0,
        "609e2737aa642c3ea70c6313_0": 0,
        "609e4a21aa642c3ea70c64b4_0": 0,
        "60a383bdaa642c3ea70c6fdd_0": 0,
        "60a6362faa642c3ea70c70ec_0": 2,
        "60a636afaa642c3ea70c70f8_0": 0
    },
    "fsliHierarchies": {
        
    }
}</td>
				</tr>
				<tr class='log' status='pass'>
					<td class='status pass' title='pass' alt='pass'><i class='material-icons'>check_circle</i></td>
					<td class='timestamp'>11:07:32 AM</td>
					<td class='step-details'>Test passed</td>
				</tr>
			</tbody>
		</table>
	</div>
					</div>
				</li>
			</ul>
		</div>
	</div>
	<!-- subview left -->

	<div class='subview-right left'>
		<div class='view-summary'>
			<h5 class='test-name'></h5>

			<div id='step-filters' class="right">
				<span class="blue-text" status="info" alt="info" title="info"><i class="material-icons">info_outline</i></span>
				<span class="green-text" status="pass" alt="pass" title="pass"><i class="material-icons">check_circle</i></span>
				<span class="red-text" status="fail" alt="fail" title="fail"><i class="material-icons">cancel</i></span>
				<span class="red-text text-darken-4" status="fatal" alt="fatal" title="fatal"><i class="material-icons">cancel</i></span>
				<span class="pink-text text-lighten-1" status="error" alt="error" title="error"><i class="material-icons">error</i></span>
				<span class="orange-text" alt="warning" status="warning" title="warning"><i class="material-icons">warning</i></span>
				<span class="teal-text" status="skip" alt="skip" title="skip"><i class="material-icons">redo</i></span>
				<span status="clear" alt="Clear filters" title="Clear filters"><i class="material-icons">clear</i></span>
			</div>
		</div>
	</div>
	<!-- subview right -->


<div id='test-view-charts' class='subview-full'>
	<div id='charts-row' class='row nm-v nm-h'>
		<div class='col s12 m6 l6 np-h'>
			<div class='card-panel nm-v'>
				<div class='left panel-name'>Tests</div>
				<div class='chart-box'>
					<canvas id='parent-analysis' width='100' height='80'></canvas>
				</div>
				<div class='block text-small'>
					<span class='tooltipped' data-position='top' data-tooltip='73.333%'><span class='strong'>22</span> test(s) passed</span>
				</div>
				<div class='block text-small'>
					<span class='strong tooltipped' data-position='top' data-tooltip='26.667%'>8</span> test(s) failed, <span class='strong tooltipped' data-position='top' data-tooltip='0%'>0</span> others
				</div>
			</div>
		</div>
		
		<div class='col s12 m6 l6 np-h'>
			<div class='card-panel nm-v'>
				<div class='left panel-name'>Steps</div>
				<div class='chart-box'>
					<canvas id='child-analysis' width='100' height='80'></canvas>
				</div>
				<div class='block text-small'>
					<span class='tooltipped' data-position='top' data-tooltip='29.73%'><span class='strong'>22</span> step(s) passed</span>
				</div>
				<div class='block text-small'>
					<span class='strong tooltipped' data-position='top' data-tooltip='10.811%'>8</span> step(s) failed, <span class='strong tooltipped' data-position='top' data-tooltip='59.459%'>44</span> others
				</div>
			</div>
		</div>
		
	</div>
</div>
</div>
<!-- test view -->
<!-- category view -->
<div id='exception-view' class='view hide'>

    <section id='controls'>
        <div class='controls grey lighten-4'>
            <!-- search -->
            <div class='chip transparent' alt='Search Tests' title='Search Tests'>
                <a href="#" class='search-div'>
                    <i class='material-icons'>search</i> Search
                </a>

                <div class='input-field left hide'>
                    <input id='search-tests' type='text' class='validate browser-default' placeholder='Search Tests...'>
                </div>

            </div>
            <!-- search -->
        </div>
    </section>

    <div class='subview-left left'>

        <div class='view-summary'>
            <h5>Exceptions</h3>
                <ul id='exception-collection' class='exception-collection'>

                        <li class='exception displayed active'>
                            <div class='exception-heading'>
                                <span class='exception-name'>java.lang.AssertionError</span>
                                <span class='exception-count right'><span class='label red lighten-1 white-text'>2</span></span>
                            </div>
                            <div class='exception-content hide'>
                                <div class='exception-tests'>
                                    <table class='bordered table-results'>
                                        <thead>
                                        <tr>
                                            <th>Timestamp</th>
                                            <th>TestName</th>
                                            <th>Status</th>
                                        </tr>
                                        </thead>
                                        <tbody>
                                                    <tr>
                                                        <td>May 26, 2021 11:06:48 AM</td>
                                                        <td class='linked' test-id='11'>PortalRoles_GetUserWithRoles_Status400</td>
                                                        <td><pre><pre>java.lang.AssertionError: expected [400] but found [200]
	at org.testng.Assert.fail(Assert.java:94)
	at org.testng.Assert.failNotEquals(Assert.java:513)
	at org.testng.Assert.assertEqualsImpl(Assert.java:135)
	at org.testng.Assert.assertEquals(Assert.java:116)
	at org.testng.Assert.assertEquals(Assert.java:389)
	at org.testng.Assert.assertEquals(Assert.java:399)
	at restassured.automation.ETTestcases.Restassured_Automation_ETRolesUser.PortalRoles_GetUserWithRoles_Status400(Restassured_Automation_ETRolesUser.java:125)
	at sun.reflect.NativeMethodAccessorImpl.invoke0(Native Method)
	at sun.reflect.NativeMethodAccessorImpl.invoke(Unknown Source)
	at sun.reflect.DelegatingMethodAccessorImpl.invoke(Unknown Source)
	at java.lang.reflect.Method.invoke(Unknown Source)
	at org.testng.internal.MethodInvocationHelper.invokeMethod(MethodInvocationHelper.java:86)
	at org.testng.internal.Invoker.invokeMethod(Invoker.java:645)
	at org.testng.internal.Invoker.invokeTestMethod(Invoker.java:822)
	at org.testng.internal.Invoker.invokeTestMethods(Invoker.java:1130)
	at org.testng.internal.TestMethodWorker.invokeTestMethods(TestMethodWorker.java:129)
	at org.testng.internal.TestMethodWorker.run(TestMethodWorker.java:112)
	at org.testng.TestRunner.privateRun(TestRunner.java:782)
	at org.testng.TestRunner.run(TestRunner.java:632)
	at org.testng.SuiteRunner.runTest(SuiteRunner.java:366)
	at org.testng.SuiteRunner.runSequentially(SuiteRunner.java:361)
	at org.testng.SuiteRunner.privateRun(SuiteRunner.java:319)
	at org.testng.SuiteRunner.run(SuiteRunner.java:268)
	at org.testng.SuiteRunnerWorker.runSuite(SuiteRunnerWorker.java:52)
	at org.testng.SuiteRunnerWorker.run(SuiteRunnerWorker.java:86)
	at org.testng.TestNG.runSuitesSequentially(TestNG.java:1244)
	at org.testng.TestNG.runSuitesLocally(TestNG.java:1169)
	at org.testng.TestNG.run(TestNG.java:1064)
	at org.testng.remote.RemoteTestNG.run(RemoteTestNG.java:113)
	at org.testng.remote.RemoteTestNG.initAndRun(RemoteTestNG.java:206)
	at org.testng.remote.RemoteTestNG.main(RemoteTestNG.java:177)
</pre></pre></td>
                                                    </tr>
                                                    <tr>
                                                        <td>May 26, 2021 11:07:24 AM</td>
                                                        <td class='linked' test-id='28'>ETResponses_PutResponses_Status200</td>
                                                        <td><pre><pre>java.lang.AssertionError: expected [204] but found [400]
	at org.testng.Assert.fail(Assert.java:94)
	at org.testng.Assert.failNotEquals(Assert.java:513)
	at org.testng.Assert.assertEqualsImpl(Assert.java:135)
	at org.testng.Assert.assertEquals(Assert.java:116)
	at org.testng.Assert.assertEquals(Assert.java:389)
	at org.testng.Assert.assertEquals(Assert.java:399)
	at restassured.automation.ETTestcases.Restassured_Automation_ETResponses.ETResponses_PutResponses_Status200(Restassured_Automation_ETResponses.java:80)
	at sun.reflect.NativeMethodAccessorImpl.invoke0(Native Method)
	at sun.reflect.NativeMethodAccessorImpl.invoke(Unknown Source)
	at sun.reflect.DelegatingMethodAccessorImpl.invoke(Unknown Source)
	at java.lang.reflect.Method.invoke(Unknown Source)
	at org.testng.internal.MethodInvocationHelper.invokeMethod(MethodInvocationHelper.java:86)
	at org.testng.internal.Invoker.invokeMethod(Invoker.java:645)
	at org.testng.internal.Invoker.invokeTestMethod(Invoker.java:822)
	at org.testng.internal.Invoker.invokeTestMethods(Invoker.java:1130)
	at org.testng.internal.TestMethodWorker.invokeTestMethods(TestMethodWorker.java:129)
	at org.testng.internal.TestMethodWorker.run(TestMethodWorker.java:112)
	at org.testng.TestRunner.privateRun(TestRunner.java:782)
	at org.testng.TestRunner.run(TestRunner.java:632)
	at org.testng.SuiteRunner.runTest(SuiteRunner.java:366)
	at org.testng.SuiteRunner.runSequentially(SuiteRunner.java:361)
	at org.testng.SuiteRunner.privateRun(SuiteRunner.java:319)
	at org.testng.SuiteRunner.run(SuiteRunner.java:268)
	at org.testng.SuiteRunnerWorker.runSuite(SuiteRunnerWorker.java:52)
	at org.testng.SuiteRunnerWorker.run(SuiteRunnerWorker.java:86)
	at org.testng.TestNG.runSuitesSequentially(TestNG.java:1244)
	at org.testng.TestNG.runSuitesLocally(TestNG.java:1169)
	at org.testng.TestNG.run(TestNG.java:1064)
	at org.testng.remote.RemoteTestNG.run(RemoteTestNG.java:113)
	at org.testng.remote.RemoteTestNG.initAndRun(RemoteTestNG.java:206)
	at org.testng.remote.RemoteTestNG.main(RemoteTestNG.java:177)
</pre></pre></td>
                                                    </tr>
                                        </tbody>
                                    </table>
                                </div>
                            </div>
                        </li>
                        <li class='exception displayed active'>
                            <div class='exception-heading'>
                                <span class='exception-name'>java.lang.IndexOutOfBoundsException</span>
                                <span class='exception-count right'><span class='label red lighten-1 white-text'>6</span></span>
                            </div>
                            <div class='exception-content hide'>
                                <div class='exception-tests'>
                                    <table class='bordered table-results'>
                                        <thead>
                                        <tr>
                                            <th>Timestamp</th>
                                            <th>TestName</th>
                                            <th>Status</th>
                                        </tr>
                                        </thead>
                                        <tbody>
                                                    <tr>
                                                        <td>May 26, 2021 11:06:48 AM</td>
                                                        <td class='linked' test-id='12'>ETEngagement_DeleteAnNewEngagement_Status204</td>
                                                        <td><pre><pre>java.lang.IndexOutOfBoundsException: Index: 1, Size: 1
	at java.util.ArrayList.rangeCheck(Unknown Source)
	at java.util.ArrayList.get(Unknown Source)
	at restassured.automation.ETTestcases.Restassured_Automation_ETEngagement.ETEngagement_DeleteAnNewEngagement_Status204(Restassured_Automation_ETEngagement.java:195)
	at sun.reflect.NativeMethodAccessorImpl.invoke0(Native Method)
	at sun.reflect.NativeMethodAccessorImpl.invoke(Unknown Source)
	at sun.reflect.DelegatingMethodAccessorImpl.invoke(Unknown Source)
	at java.lang.reflect.Method.invoke(Unknown Source)
	at org.testng.internal.MethodInvocationHelper.invokeMethod(MethodInvocationHelper.java:86)
	at org.testng.internal.Invoker.invokeMethod(Invoker.java:645)
	at org.testng.internal.Invoker.invokeTestMethod(Invoker.java:822)
	at org.testng.internal.Invoker.invokeTestMethods(Invoker.java:1130)
	at org.testng.internal.TestMethodWorker.invokeTestMethods(TestMethodWorker.java:129)
	at org.testng.internal.TestMethodWorker.run(TestMethodWorker.java:112)
	at org.testng.TestRunner.privateRun(TestRunner.java:782)
	at org.testng.TestRunner.run(TestRunner.java:632)
	at org.testng.SuiteRunner.runTest(SuiteRunner.java:366)
	at org.testng.SuiteRunner.runSequentially(SuiteRunner.java:361)
	at org.testng.SuiteRunner.privateRun(SuiteRunner.java:319)
	at org.testng.SuiteRunner.run(SuiteRunner.java:268)
	at org.testng.SuiteRunnerWorker.runSuite(SuiteRunnerWorker.java:52)
	at org.testng.SuiteRunnerWorker.run(SuiteRunnerWorker.java:86)
	at org.testng.TestNG.runSuitesSequentially(TestNG.java:1244)
	at org.testng.TestNG.runSuitesLocally(TestNG.java:1169)
	at org.testng.TestNG.run(TestNG.java:1064)
	at org.testng.remote.RemoteTestNG.run(RemoteTestNG.java:113)
	at org.testng.remote.RemoteTestNG.initAndRun(RemoteTestNG.java:206)
	at org.testng.remote.RemoteTestNG.main(RemoteTestNG.java:177)
</pre></pre></td>
                                                    </tr>
                                                    <tr>
                                                        <td>May 26, 2021 11:06:50 AM</td>
                                                        <td class='linked' test-id='13'>ETEngagement_GetEngagementById_Status200</td>
                                                        <td><pre><pre>java.lang.IndexOutOfBoundsException: Index: 1, Size: 1
	at java.util.ArrayList.rangeCheck(Unknown Source)
	at java.util.ArrayList.get(Unknown Source)
	at restassured.automation.ETTestcases.Restassured_Automation_ETEngagement.ETEngagement_GetEngagementById_Status200(Restassured_Automation_ETEngagement.java:92)
	at sun.reflect.NativeMethodAccessorImpl.invoke0(Native Method)
	at sun.reflect.NativeMethodAccessorImpl.invoke(Unknown Source)
	at sun.reflect.DelegatingMethodAccessorImpl.invoke(Unknown Source)
	at java.lang.reflect.Method.invoke(Unknown Source)
	at org.testng.internal.MethodInvocationHelper.invokeMethod(MethodInvocationHelper.java:86)
	at org.testng.internal.Invoker.invokeMethod(Invoker.java:645)
	at org.testng.internal.Invoker.invokeTestMethod(Invoker.java:822)
	at org.testng.internal.Invoker.invokeTestMethods(Invoker.java:1130)
	at org.testng.internal.TestMethodWorker.invokeTestMethods(TestMethodWorker.java:129)
	at org.testng.internal.TestMethodWorker.run(TestMethodWorker.java:112)
	at org.testng.TestRunner.privateRun(TestRunner.java:782)
	at org.testng.TestRunner.run(TestRunner.java:632)
	at org.testng.SuiteRunner.runTest(SuiteRunner.java:366)
	at org.testng.SuiteRunner.runSequentially(SuiteRunner.java:361)
	at org.testng.SuiteRunner.privateRun(SuiteRunner.java:319)
	at org.testng.SuiteRunner.run(SuiteRunner.java:268)
	at org.testng.SuiteRunnerWorker.runSuite(SuiteRunnerWorker.java:52)
	at org.testng.SuiteRunnerWorker.run(SuiteRunnerWorker.java:86)
	at org.testng.TestNG.runSuitesSequentially(TestNG.java:1244)
	at org.testng.TestNG.runSuitesLocally(TestNG.java:1169)
	at org.testng.TestNG.run(TestNG.java:1064)
	at org.testng.remote.RemoteTestNG.run(RemoteTestNG.java:113)
	at org.testng.remote.RemoteTestNG.initAndRun(RemoteTestNG.java:206)
	at org.testng.remote.RemoteTestNG.main(RemoteTestNG.java:177)
</pre></pre></td>
                                                    </tr>
                                                    <tr>
                                                        <td>May 26, 2021 11:06:51 AM</td>
                                                        <td class='linked' test-id='14'>ETEngagement_GetEngagementEvent_Status200</td>
                                                        <td><pre><pre>java.lang.IndexOutOfBoundsException: Index: 1, Size: 1
	at java.util.ArrayList.rangeCheck(Unknown Source)
	at java.util.ArrayList.get(Unknown Source)
	at restassured.automation.ETTestcases.Restassured_Automation_ETEngagement.ETEngagement_GetEngagementEvent_Status200(Restassured_Automation_ETEngagement.java:136)
	at sun.reflect.NativeMethodAccessorImpl.invoke0(Native Method)
	at sun.reflect.NativeMethodAccessorImpl.invoke(Unknown Source)
	at sun.reflect.DelegatingMethodAccessorImpl.invoke(Unknown Source)
	at java.lang.reflect.Method.invoke(Unknown Source)
	at org.testng.internal.MethodInvocationHelper.invokeMethod(MethodInvocationHelper.java:86)
	at org.testng.internal.Invoker.invokeMethod(Invoker.java:645)
	at org.testng.internal.Invoker.invokeTestMethod(Invoker.java:822)
	at org.testng.internal.Invoker.invokeTestMethods(Invoker.java:1130)
	at org.testng.internal.TestMethodWorker.invokeTestMethods(TestMethodWorker.java:129)
	at org.testng.internal.TestMethodWorker.run(TestMethodWorker.java:112)
	at org.testng.TestRunner.privateRun(TestRunner.java:782)
	at org.testng.TestRunner.run(TestRunner.java:632)
	at org.testng.SuiteRunner.runTest(SuiteRunner.java:366)
	at org.testng.SuiteRunner.runSequentially(SuiteRunner.java:361)
	at org.testng.SuiteRunner.privateRun(SuiteRunner.java:319)
	at org.testng.SuiteRunner.run(SuiteRunner.java:268)
	at org.testng.SuiteRunnerWorker.runSuite(SuiteRunnerWorker.java:52)
	at org.testng.SuiteRunnerWorker.run(SuiteRunnerWorker.java:86)
	at org.testng.TestNG.runSuitesSequentially(TestNG.java:1244)
	at org.testng.TestNG.runSuitesLocally(TestNG.java:1169)
	at org.testng.TestNG.run(TestNG.java:1064)
	at org.testng.remote.RemoteTestNG.run(RemoteTestNG.java:113)
	at org.testng.remote.RemoteTestNG.initAndRun(RemoteTestNG.java:206)
	at org.testng.remote.RemoteTestNG.main(RemoteTestNG.java:177)
</pre></pre></td>
                                                    </tr>
                                                    <tr>
                                                        <td>May 26, 2021 11:07:10 AM</td>
                                                        <td class='linked' test-id='21'>ETEngagement_RemoveAccessManager_Status200</td>
                                                        <td><pre><pre>java.lang.IndexOutOfBoundsException: Index: 1, Size: 1
	at java.util.ArrayList.rangeCheck(Unknown Source)
	at java.util.ArrayList.get(Unknown Source)
	at restassured.automation.ETTestcases.Restassured_Automation_ETEngagementTeam.ETEngagement_RemoveAccessManager_Status200(Restassured_Automation_ETEngagementTeam.java:108)
	at sun.reflect.NativeMethodAccessorImpl.invoke0(Native Method)
	at sun.reflect.NativeMethodAccessorImpl.invoke(Unknown Source)
	at sun.reflect.DelegatingMethodAccessorImpl.invoke(Unknown Source)
	at java.lang.reflect.Method.invoke(Unknown Source)
	at org.testng.internal.MethodInvocationHelper.invokeMethod(MethodInvocationHelper.java:86)
	at org.testng.internal.Invoker.invokeMethod(Invoker.java:645)
	at org.testng.internal.Invoker.invokeTestMethod(Invoker.java:822)
	at org.testng.internal.Invoker.invokeTestMethods(Invoker.java:1130)
	at org.testng.internal.TestMethodWorker.invokeTestMethods(TestMethodWorker.java:129)
	at org.testng.internal.TestMethodWorker.run(TestMethodWorker.java:112)
	at org.testng.TestRunner.privateRun(TestRunner.java:782)
	at org.testng.TestRunner.run(TestRunner.java:632)
	at org.testng.SuiteRunner.runTest(SuiteRunner.java:366)
	at org.testng.SuiteRunner.runSequentially(SuiteRunner.java:361)
	at org.testng.SuiteRunner.privateRun(SuiteRunner.java:319)
	at org.testng.SuiteRunner.run(SuiteRunner.java:268)
	at org.testng.SuiteRunnerWorker.runSuite(SuiteRunnerWorker.java:52)
	at org.testng.SuiteRunnerWorker.run(SuiteRunnerWorker.java:86)
	at org.testng.TestNG.runSuitesSequentially(TestNG.java:1244)
	at org.testng.TestNG.runSuitesLocally(TestNG.java:1169)
	at org.testng.TestNG.run(TestNG.java:1064)
	at org.testng.remote.RemoteTestNG.run(RemoteTestNG.java:113)
	at org.testng.remote.RemoteTestNG.initAndRun(RemoteTestNG.java:206)
	at org.testng.remote.RemoteTestNG.main(RemoteTestNG.java:177)
</pre></pre></td>
                                                    </tr>
                                                    <tr>
                                                        <td>May 26, 2021 11:07:20 AM</td>
                                                        <td class='linked' test-id='24'>ETMethodology_GetMethodologyForAnEngagements_Status200</td>
                                                        <td><pre><pre>java.lang.IndexOutOfBoundsException: Index: 1, Size: 1
	at java.util.ArrayList.rangeCheck(Unknown Source)
	at java.util.ArrayList.get(Unknown Source)
	at restassured.automation.ETTestcases.Restassured_Automation_ETMethodology.ETMethodology_GetMethodologyForAnEngagements_Status200(Restassured_Automation_ETMethodology.java:91)
	at sun.reflect.NativeMethodAccessorImpl.invoke0(Native Method)
	at sun.reflect.NativeMethodAccessorImpl.invoke(Unknown Source)
	at sun.reflect.DelegatingMethodAccessorImpl.invoke(Unknown Source)
	at java.lang.reflect.Method.invoke(Unknown Source)
	at org.testng.internal.MethodInvocationHelper.invokeMethod(MethodInvocationHelper.java:86)
	at org.testng.internal.Invoker.invokeMethod(Invoker.java:645)
	at org.testng.internal.Invoker.invokeTestMethod(Invoker.java:822)
	at org.testng.internal.Invoker.invokeTestMethods(Invoker.java:1130)
	at org.testng.internal.TestMethodWorker.invokeTestMethods(TestMethodWorker.java:129)
	at org.testng.internal.TestMethodWorker.run(TestMethodWorker.java:112)
	at org.testng.TestRunner.privateRun(TestRunner.java:782)
	at org.testng.TestRunner.run(TestRunner.java:632)
	at org.testng.SuiteRunner.runTest(SuiteRunner.java:366)
	at org.testng.SuiteRunner.runSequentially(SuiteRunner.java:361)
	at org.testng.SuiteRunner.privateRun(SuiteRunner.java:319)
	at org.testng.SuiteRunner.run(SuiteRunner.java:268)
	at org.testng.SuiteRunnerWorker.runSuite(SuiteRunnerWorker.java:52)
	at org.testng.SuiteRunnerWorker.run(SuiteRunnerWorker.java:86)
	at org.testng.TestNG.runSuitesSequentially(TestNG.java:1244)
	at org.testng.TestNG.runSuitesLocally(TestNG.java:1169)
	at org.testng.TestNG.run(TestNG.java:1064)
	at org.testng.remote.RemoteTestNG.run(RemoteTestNG.java:113)
	at org.testng.remote.RemoteTestNG.initAndRun(RemoteTestNG.java:206)
	at org.testng.remote.RemoteTestNG.main(RemoteTestNG.java:177)
</pre></pre></td>
                                                    </tr>
                                                    <tr>
                                                        <td>May 26, 2021 11:07:21 AM</td>
                                                        <td class='linked' test-id='26'>ETMethodology_GetMethodologyTranslations_Status200</td>
                                                        <td><pre><pre>java.lang.IndexOutOfBoundsException: Index: 1, Size: 1
	at java.util.ArrayList.rangeCheck(Unknown Source)
	at java.util.ArrayList.get(Unknown Source)
	at restassured.automation.ETTestcases.Restassured_Automation_ETMethodology.ETMethodology_GetMethodologyTranslations_Status200(Restassured_Automation_ETMethodology.java:69)
	at sun.reflect.NativeMethodAccessorImpl.invoke0(Native Method)
	at sun.reflect.NativeMethodAccessorImpl.invoke(Unknown Source)
	at sun.reflect.DelegatingMethodAccessorImpl.invoke(Unknown Source)
	at java.lang.reflect.Method.invoke(Unknown Source)
	at org.testng.internal.MethodInvocationHelper.invokeMethod(MethodInvocationHelper.java:86)
	at org.testng.internal.Invoker.invokeMethod(Invoker.java:645)
	at org.testng.internal.Invoker.invokeTestMethod(Invoker.java:822)
	at org.testng.internal.Invoker.invokeTestMethods(Invoker.java:1130)
	at org.testng.internal.TestMethodWorker.invokeTestMethods(TestMethodWorker.java:129)
	at org.testng.internal.TestMethodWorker.run(TestMethodWorker.java:112)
	at org.testng.TestRunner.privateRun(TestRunner.java:782)
	at org.testng.TestRunner.run(TestRunner.java:632)
	at org.testng.SuiteRunner.runTest(SuiteRunner.java:366)
	at org.testng.SuiteRunner.runSequentially(SuiteRunner.java:361)
	at org.testng.SuiteRunner.privateRun(SuiteRunner.java:319)
	at org.testng.SuiteRunner.run(SuiteRunner.java:268)
	at org.testng.SuiteRunnerWorker.runSuite(SuiteRunnerWorker.java:52)
	at org.testng.SuiteRunnerWorker.run(SuiteRunnerWorker.java:86)
	at org.testng.TestNG.runSuitesSequentially(TestNG.java:1244)
	at org.testng.TestNG.runSuitesLocally(TestNG.java:1169)
	at org.testng.TestNG.run(TestNG.java:1064)
	at org.testng.remote.RemoteTestNG.run(RemoteTestNG.java:113)
	at org.testng.remote.RemoteTestNG.initAndRun(RemoteTestNG.java:206)
	at org.testng.remote.RemoteTestNG.main(RemoteTestNG.java:177)
</pre></pre></td>
                                                    </tr>
                                        </tbody>
                                    </table>
                                </div>
                            </div>
                        </li>
                </ul>
        </div>
    </div>

    <div class='subview-right left'>
        <div class='view-summary'>
            <h5 class='exception-name'></h5>
        </div>
    </div>
</div>
<!-- exception view -->
<div id='dashboard-view' class='view hide'>
	<div class='card-panel transparent np-v'>
		<h5>Dashboard</h5>

		<div class='row'>
			<div class='col s2'>
				<div class='card-panel r'>
					Tests
					<div class='panel-lead'>30</div>
				</div>
			</div>
			<div class='col s2'>
				<div class='card-panel r'>
					Steps
					<div class='panel-lead'>74</div>
				</div>
			</div>
			<div class='col s2'>
				<div class='card-panel r'>
					Start
					<div class='panel-lead'>May 26, 2021 11:06:08 AM</div>
				</div>
			</div>
			<div class='col s2'>
				<div class='card-panel r'>
			 		End
			 		<div class='panel-lead'>May 26, 2021 11:07:32 AM</div>
				</div>
			</div>
			<div class='col s2'>
				<div class='card-panel r'>
					Time Taken
					<div class='panel-lead'>0h 1m 24s+704ms</div>
				</div>
			</div>
			<div class='col s4'>
				<div class='card-panel dashboard-environment'>
					<span class='right label cyan white-text'>Environment</span><p>&nbsp;</p>
					
					<table>
						<tr>
							<th>Name</th>
							<th>Value</th>
						</tr>
							<tr>
								<td>OS</td>
								<td>Windows</td>
							</tr>
							<tr>
								<td>AUT</td>
								<td>QA</td>
							</tr>
							<tr>
								<td>City</td>
								<td>Bangalore</td>
							</tr>
							<tr>
								<td>Version</td>
								<td>1.2.3</td>
							</tr>
					</table>
				</div>
			</div>
		</div>
	</div>
</div>
<!-- dashboard view -->
<!-- testrunner-logs view -->
		</div>
		<!-- container -->

		<script>
			var statusGroup = {
				passParent: 22,
				failParent: 8,
				fatalParent: 0,
				errorParent: 0,
				warningParent: 0,
				skipParent: 0,
				exceptionsParent: 8,
				
				passChild: 22,
				failChild: 8,
				fatalChild: 0,
				errorChild: 0,
				warningChild: 0,
				skipChild: 0,
				infoChild: 44,
				exceptionsChild: 8,
				
				passGrandChild: 0,
				failGrandChild: 0,
				fatalGrandChild: 0,
				errorGrandChild: 0,
				warningGrandChild: 0,
				skipGrandChild: 0,
				infoGrandChild: 0,
				exceptionsGrandChild: 0,
			};
		</script>
		
			<script src='https://cdn.rawgit.com/anshooarora/extentreports-java/fca20fb7653aade98810546ab96a2a4360e3e712/dist/js/extent.js' type='text/javascript'></script>
		
		
 		<script type='text/javascript'>
 		</script>
	</body>
	
</html>
