
<!DOCTYPE html>
<html>


<head>
	<meta charset='utf-8' /> 
	<meta name='description' content='' />
	<meta name='robots' content='noodp, noydir' />
	<meta name='viewport' content='width=device-width, initial-scale=1' />
	<meta id="timeStampFormat" name="timeStampFormat" content='MMM d, yyyy hh:mm:ss a'/>
	
	<link href='https://fonts.googleapis.com/css?family=Source+Sans+Pro:400,600' rel='stylesheet' type='text/css' />
	<link href="https://fonts.googleapis.com/icon?family=Material+Icons" rel="stylesheet" />

		<link href='https://cdn.rawgit.com/anshooarora/extentreports-java/b4a58fcfd1e137bd9287244035a7c80d3d73b3af/dist/css/extent.css' type='text/css' rel='stylesheet' />
	
	<title>Test-Automaton-Report2021-04-21 17_23_55.html</title>

	<style type='text/css'>
	</style>
</head>

	<body class='extent standard default hide-overflow '>
		<div id='theme-selector' alt='Click to toggle theme. To enable by default, use theme configuration.' title='Click to toggle theme. To enable by default, use theme configuration.'>
			<span><i class='material-icons'>desktop_windows</i></span>
		</div>

<nav>
	<div class="nav-wrapper">
		<a href="#!" class="brand-logo blue darken-3">Extent</a>

		<!-- slideout menu -->
		<ul id='slide-out' class='side-nav fixed hide-on-med-and-down'>
			<li class='waves-effect active'><a href='#!' view='test-view' onclick="configureView(0);chartsView('test');"><i class='material-icons'>dashboard</i></a></li>
						<li class='waves-effect'><a href='#!' view='exception-view' onclick="configureView(2)"><i class='material-icons'>bug_report</i></a></li>
			<li class='waves-effect'><a href='#!' onclick="configureView(-1);chartsView('dashboard');" view='dashboard-view'><i class='material-icons'>track_changes</i></i></a></li>
		</ul>

		<!-- report name -->
		<span class='report-name'>Test-Automaton-Report2021-04-21 17_23_55.html</span>
		
		<!-- report headline -->
		<span class='report-headline'></span>

		<!-- nav-right -->
		<ul id='nav-mobile' class='right hide-on-med-and-down nav-right'>
			<li>
                <a href='#!'>
                    <span class='label suite-start-time blue darken-3'>Apr 21, 2021 05:23:55 PM</span>
				</a>
			</li>
			<li>
                <a href='#!'>
                    <span class='label blue darken-3'>3.1.5</span>
				</a>
			</li>
		</ul>
	</div>
</nav>

		<!-- container -->
		<div class='container'>

<div id='test-view' class='view'>
				
	<section id='controls'>
		<div class='controls grey lighten-4'>
			<!-- test toggle -->
			<div class='chip transparent'>
				<a class='dropdown-button tests-toggle' data-activates='tests-toggle' data-constrainwidth='true' data-beloworigin='true' data-hover='true' href='#'>
					<i class='material-icons'>warning</i> Status
				</a>
				<ul id='tests-toggle' class='dropdown-content'>
											<li status='pass'><a href='#!'>Pass <i class='material-icons green-text'>check_circle</i></a></li>
						<li status='fail'><a href='#!'>Fail <i class='material-icons red-text'>cancel</i></a></li>
					<li class='divider'></li>
					<li status='clear' clear='true'><a href='#!'>Clear Filters <i class='material-icons'>clear</i></a></li>
				</ul>
			</div>
			<!-- test toggle -->

			<!-- category toggle -->
			<!-- category toggle -->

			<!-- clear filters -->
			<div class='chip transparent hide'>
				<a class='' id='clear-filters' alt='Clear Filters' title='Clear Filters'>
					<i class='material-icons'>close</i> Clear
				</a>
			</div>
			<!-- clear filters -->

			<!-- enable dashboard -->
			<div id='toggle-test-view-charts' class='chip transparent'>
				<a class='pink-text' id='enable-dashboard' alt='Enable Dashboard' title='Enable Dashboard'>
					<i class='material-icons'>track_changes</i> Dashboard
				</a>
			</div>
			<!-- enable dashboard -->

			<!-- search -->
			<div class='chip transparent' alt='Search Tests' title='Search Tests'>
				<a href="#" class='search-div'>
					<i class='material-icons'>search</i> Search
				</a>

				<div class='input-field left hide'>
					<input id='search-tests' type='text' class='validate browser-default' placeholder='Search Tests...'>
				</div>
				
			</div>
			<!-- search -->
		</div>
	</section>


	<div class='subview-left left'>
		
		<div class='view-summary'>
			<h5>Tests</h5>
			<ul id='test-collection' class='test-collection'>
				
				
				<li class='test displayed active  pass' status='pass' bdd='false' test-id='1'>
					<div class='test-heading'>
						<span class='test-name'>postPublish_status200</span>
						<span class='test-time'>Apr 21, 2021 05:23:55 PM</span>
						<span class='test-status right pass'>pass</span>
					</div>
					<div class='test-content hide'>
<div class='test-time-info'>
	<span class='label start-time'>Apr 21, 2021 05:23:55 PM</span>
	<span class='label end-time'>Apr 21, 2021 05:24:00 PM</span>
	<span class='label time-taken grey lighten-1 white-text'>0h 0m 5s+445ms</span>
</div>
	<div class='test-steps'>
		<table class='bordered table-results'>
			<thead>
				<tr>
					<th>Status</th>
					<th>Timestamp</th>
					<th>Details</th>
				</tr>
			</thead>
			<tbody>
				<tr class='log' status='pass'>
					<td class='status pass' title='pass' alt='pass'><i class='material-icons'>check_circle</i></td>
					<td class='timestamp'>5:24:00 PM</td>
					<td class='step-details'>Test passed</td>
				</tr>
			</tbody>
		</table>
	</div>
					</div>
				</li>
				
				
				<li class='test displayed active  pass' status='pass' bdd='false' test-id='2'>
					<div class='test-heading'>
						<span class='test-name'>postValidate_status200</span>
						<span class='test-time'>Apr 21, 2021 05:24:00 PM</span>
						<span class='test-status right pass'>pass</span>
					</div>
					<div class='test-content hide'>
<div class='test-time-info'>
	<span class='label start-time'>Apr 21, 2021 05:24:00 PM</span>
	<span class='label end-time'>Apr 21, 2021 05:24:05 PM</span>
	<span class='label time-taken grey lighten-1 white-text'>0h 0m 4s+223ms</span>
</div>
	<div class='test-steps'>
		<table class='bordered table-results'>
			<thead>
				<tr>
					<th>Status</th>
					<th>Timestamp</th>
					<th>Details</th>
				</tr>
			</thead>
			<tbody>
				<tr class='log' status='pass'>
					<td class='status pass' title='pass' alt='pass'><i class='material-icons'>check_circle</i></td>
					<td class='timestamp'>5:24:05 PM</td>
					<td class='step-details'>Test passed</td>
				</tr>
			</tbody>
		</table>
	</div>
					</div>
				</li>
				
				
				<li class='test displayed active  pass' status='pass' bdd='false' test-id='3'>
					<div class='test-heading'>
						<span class='test-name'>deleteAnEngagementRoleForAMethodology_status204</span>
						<span class='test-time'>Apr 21, 2021 05:24:05 PM</span>
						<span class='test-status right pass'>pass</span>
					</div>
					<div class='test-content hide'>
<div class='test-time-info'>
	<span class='label start-time'>Apr 21, 2021 05:24:05 PM</span>
	<span class='label end-time'>Apr 21, 2021 05:24:07 PM</span>
	<span class='label time-taken grey lighten-1 white-text'>0h 0m 2s+498ms</span>
</div>
	<div class='test-steps'>
		<table class='bordered table-results'>
			<thead>
				<tr>
					<th>Status</th>
					<th>Timestamp</th>
					<th>Details</th>
				</tr>
			</thead>
			<tbody>
				<tr class='log' status='info'>
					<td class='status info' title='info' alt='info'><i class='material-icons'>info_outline</i></td>
					<td class='timestamp'>5:24:07 PM</td>
					<td class='step-details'>The status code is 204</td>
				</tr>
				<tr class='log' status='info'>
					<td class='status info' title='info' alt='info'><i class='material-icons'>info_outline</i></td>
					<td class='timestamp'>5:24:07 PM</td>
					<td class='step-details'></td>
				</tr>
				<tr class='log' status='info'>
					<td class='status info' title='info' alt='info'><i class='material-icons'>info_outline</i></td>
					<td class='timestamp'>5:24:07 PM</td>
					<td class='step-details'>This is following HTTPStrictTransportSecurity--->max-age=63072000; includeSubDomains; preload</td>
				</tr>
				<tr class='log' status='pass'>
					<td class='status pass' title='pass' alt='pass'><i class='material-icons'>check_circle</i></td>
					<td class='timestamp'>5:24:07 PM</td>
					<td class='step-details'>Test passed</td>
				</tr>
			</tbody>
		</table>
	</div>
					</div>
				</li>
				
				
				<li class='test displayed active  pass' status='pass' bdd='false' test-id='4'>
					<div class='test-heading'>
						<span class='test-name'>deleteAnEngagementRoleForAMethodology_status400</span>
						<span class='test-time'>Apr 21, 2021 05:24:07 PM</span>
						<span class='test-status right pass'>pass</span>
					</div>
					<div class='test-content hide'>
<div class='test-time-info'>
	<span class='label start-time'>Apr 21, 2021 05:24:07 PM</span>
	<span class='label end-time'>Apr 21, 2021 05:24:10 PM</span>
	<span class='label time-taken grey lighten-1 white-text'>0h 0m 3s+158ms</span>
</div>
	<div class='test-steps'>
		<table class='bordered table-results'>
			<thead>
				<tr>
					<th>Status</th>
					<th>Timestamp</th>
					<th>Details</th>
				</tr>
			</thead>
			<tbody>
				<tr class='log' status='info'>
					<td class='status info' title='info' alt='info'><i class='material-icons'>info_outline</i></td>
					<td class='timestamp'>5:24:10 PM</td>
					<td class='step-details'>The status code is 400</td>
				</tr>
				<tr class='log' status='info'>
					<td class='status info' title='info' alt='info'><i class='material-icons'>info_outline</i></td>
					<td class='timestamp'>5:24:10 PM</td>
					<td class='step-details'>{
    "type": "https://tools.ietf.org/html/rfc7231#section-6.5.1",
    "title": "Bad Request",
    "status": 400,
    "traceId": "00-eb0918a02abc3d4e8ce2095b477a3826-f5776d729f945747-00"
}</td>
				</tr>
				<tr class='log' status='info'>
					<td class='status info' title='info' alt='info'><i class='material-icons'>info_outline</i></td>
					<td class='timestamp'>5:24:10 PM</td>
					<td class='step-details'>This is following HTTPStrictTransportSecurity--->max-age=63072000; includeSubDomains; preload</td>
				</tr>
				<tr class='log' status='pass'>
					<td class='status pass' title='pass' alt='pass'><i class='material-icons'>check_circle</i></td>
					<td class='timestamp'>5:24:10 PM</td>
					<td class='step-details'>Test passed</td>
				</tr>
			</tbody>
		</table>
	</div>
					</div>
				</li>
				
				
				<li class='test displayed active  pass' status='pass' bdd='false' test-id='5'>
					<div class='test-heading'>
						<span class='test-name'>deleteDeleteAnEngagementRoleForAnOrganization_status204</span>
						<span class='test-time'>Apr 21, 2021 05:24:10 PM</span>
						<span class='test-status right pass'>pass</span>
					</div>
					<div class='test-content hide'>
<div class='test-time-info'>
	<span class='label start-time'>Apr 21, 2021 05:24:10 PM</span>
	<span class='label end-time'>Apr 21, 2021 05:24:12 PM</span>
	<span class='label time-taken grey lighten-1 white-text'>0h 0m 1s+442ms</span>
</div>
	<div class='test-steps'>
		<table class='bordered table-results'>
			<thead>
				<tr>
					<th>Status</th>
					<th>Timestamp</th>
					<th>Details</th>
				</tr>
			</thead>
			<tbody>
				<tr class='log' status='info'>
					<td class='status info' title='info' alt='info'><i class='material-icons'>info_outline</i></td>
					<td class='timestamp'>5:24:12 PM</td>
					<td class='step-details'>The status code is 204</td>
				</tr>
				<tr class='log' status='info'>
					<td class='status info' title='info' alt='info'><i class='material-icons'>info_outline</i></td>
					<td class='timestamp'>5:24:12 PM</td>
					<td class='step-details'></td>
				</tr>
				<tr class='log' status='info'>
					<td class='status info' title='info' alt='info'><i class='material-icons'>info_outline</i></td>
					<td class='timestamp'>5:24:12 PM</td>
					<td class='step-details'>This is following HTTPStrictTransportSecurity--->max-age=63072000; includeSubDomains; preload</td>
				</tr>
				<tr class='log' status='pass'>
					<td class='status pass' title='pass' alt='pass'><i class='material-icons'>check_circle</i></td>
					<td class='timestamp'>5:24:12 PM</td>
					<td class='step-details'>Test passed</td>
				</tr>
			</tbody>
		</table>
	</div>
					</div>
				</li>
				
				
				<li class='test displayed active  pass' status='pass' bdd='false' test-id='6'>
					<div class='test-heading'>
						<span class='test-name'>deleteDeleteAnEngagementRoleForAnOrganization_status400</span>
						<span class='test-time'>Apr 21, 2021 05:24:12 PM</span>
						<span class='test-status right pass'>pass</span>
					</div>
					<div class='test-content hide'>
<div class='test-time-info'>
	<span class='label start-time'>Apr 21, 2021 05:24:12 PM</span>
	<span class='label end-time'>Apr 21, 2021 05:24:13 PM</span>
	<span class='label time-taken grey lighten-1 white-text'>0h 0m 1s+443ms</span>
</div>
	<div class='test-steps'>
		<table class='bordered table-results'>
			<thead>
				<tr>
					<th>Status</th>
					<th>Timestamp</th>
					<th>Details</th>
				</tr>
			</thead>
			<tbody>
				<tr class='log' status='info'>
					<td class='status info' title='info' alt='info'><i class='material-icons'>info_outline</i></td>
					<td class='timestamp'>5:24:13 PM</td>
					<td class='step-details'>The status code is 400</td>
				</tr>
				<tr class='log' status='info'>
					<td class='status info' title='info' alt='info'><i class='material-icons'>info_outline</i></td>
					<td class='timestamp'>5:24:13 PM</td>
					<td class='step-details'>{
    "type": "https://tools.ietf.org/html/rfc7231#section-6.5.1",
    "title": "Bad Request",
    "status": 400,
    "traceId": "00-4b17b026cf78fe45b8612df0206cb6fd-20bbfb8af798984d-00"
}</td>
				</tr>
				<tr class='log' status='info'>
					<td class='status info' title='info' alt='info'><i class='material-icons'>info_outline</i></td>
					<td class='timestamp'>5:24:13 PM</td>
					<td class='step-details'>This is following HTTPStrictTransportSecurity--->max-age=63072000; includeSubDomains; preload</td>
				</tr>
				<tr class='log' status='pass'>
					<td class='status pass' title='pass' alt='pass'><i class='material-icons'>check_circle</i></td>
					<td class='timestamp'>5:24:13 PM</td>
					<td class='step-details'>Test passed</td>
				</tr>
			</tbody>
		</table>
	</div>
					</div>
				</li>
				
				
				<li class='test displayed active  pass' status='pass' bdd='false' test-id='7'>
					<div class='test-heading'>
						<span class='test-name'>getLoadAllEngagementRolesInformationForARevision_status200</span>
						<span class='test-time'>Apr 21, 2021 05:24:13 PM</span>
						<span class='test-status right pass'>pass</span>
					</div>
					<div class='test-content hide'>
<div class='test-time-info'>
	<span class='label start-time'>Apr 21, 2021 05:24:13 PM</span>
	<span class='label end-time'>Apr 21, 2021 05:24:15 PM</span>
	<span class='label time-taken grey lighten-1 white-text'>0h 0m 1s+811ms</span>
</div>
	<div class='test-steps'>
		<table class='bordered table-results'>
			<thead>
				<tr>
					<th>Status</th>
					<th>Timestamp</th>
					<th>Details</th>
				</tr>
			</thead>
			<tbody>
				<tr class='log' status='info'>
					<td class='status info' title='info' alt='info'><i class='material-icons'>info_outline</i></td>
					<td class='timestamp'>5:24:15 PM</td>
					<td class='step-details'>The status code is 200</td>
				</tr>
				<tr class='log' status='info'>
					<td class='status info' title='info' alt='info'><i class='material-icons'>info_outline</i></td>
					<td class='timestamp'>5:24:15 PM</td>
					<td class='step-details'>[
    {
        "engagementRoleId": "605e1c78335275e714bb6b49",
        "title": "Test",
        "organization": "5f950768fc13ae0ade000001",
        "revision": "607ff41953141b72a87b3e83",
        "id": "607ff41953141b72a87b3e85"
    },
    {
        "engagementRoleId": "605e1c9c088477851bd9fe7f",
        "title": "Individuals with specialized skills or knowledge - Valuation",
        "organization": "5f950768fc13ae0ade000001",
        "revision": "607ff41953141b72a87b3e83",
        "id": "607ff41953141b72a87b3e8c"
    },
    {
        "engagementRoleId": "605e1ca0f62e08a4fceb934f",
        "title": "Manager",
        "organization": "5f950768fc13ae0ade000001",
        "revision": "607ff41953141b72a87b3e83",
        "id": "607ff41953141b72a87b3e8d"
    },
    {
        "engagementRoleId": "605e1ca4e35ca643604c5c17",
        "title": "Partner or equivalent",
        "organization": "5f950768fc13ae0ade000001",
        "revision": "607ff41953141b72a87b3e83",
        "id": "607ff41953141b72a87b3e8e"
    },
    {
        "engagementRoleId": "605e1caa4c82a219504333d8",
        "title": "Quality Control Reviewer",
        "organization": "5f950768fc13ae0ade000001",
        "revision": "607ff41953141b72a87b3e83",
        "id": "607ff41953141b72a87b3e8f"
    },
    {
        "engagementRoleId": "6050fec083bab05523e2fbf5",
        "title": "Tstabcde",
        "organization": "5f950768fc13ae0ade000001",
        "revision": "607ff41953141b72a87b3e83",
        "id": "608009e67f6ff37f906222b8"
    },
    {
        "engagementRoleId": "6050fec083bab05523e2fbf6",
        "title": "string",
        "organization": "5f950768fc13ae0ade000001",
        "revision": "607ff41953141b72a87b3e83",
        "id": "60800a277f6ff37f906222b9"
    }
]</td>
				</tr>
				<tr class='log' status='info'>
					<td class='status info' title='info' alt='info'><i class='material-icons'>info_outline</i></td>
					<td class='timestamp'>5:24:15 PM</td>
					<td class='step-details'>This is following HTTPStrictTransportSecurity--->max-age=63072000; includeSubDomains; preload</td>
				</tr>
				<tr class='log' status='pass'>
					<td class='status pass' title='pass' alt='pass'><i class='material-icons'>check_circle</i></td>
					<td class='timestamp'>5:24:15 PM</td>
					<td class='step-details'>Test passed</td>
				</tr>
			</tbody>
		</table>
	</div>
					</div>
				</li>
				
				
				<li class='test displayed active  pass' status='pass' bdd='false' test-id='8'>
					<div class='test-heading'>
						<span class='test-name'>getLoadAllEngagementRolesInformationForAnOrganization_status200</span>
						<span class='test-time'>Apr 21, 2021 05:24:15 PM</span>
						<span class='test-status right pass'>pass</span>
					</div>
					<div class='test-content hide'>
<div class='test-time-info'>
	<span class='label start-time'>Apr 21, 2021 05:24:15 PM</span>
	<span class='label end-time'>Apr 21, 2021 05:24:16 PM</span>
	<span class='label time-taken grey lighten-1 white-text'>0h 0m 0s+919ms</span>
</div>
	<div class='test-steps'>
		<table class='bordered table-results'>
			<thead>
				<tr>
					<th>Status</th>
					<th>Timestamp</th>
					<th>Details</th>
				</tr>
			</thead>
			<tbody>
				<tr class='log' status='info'>
					<td class='status info' title='info' alt='info'><i class='material-icons'>info_outline</i></td>
					<td class='timestamp'>5:24:16 PM</td>
					<td class='step-details'>The status code is 200</td>
				</tr>
				<tr class='log' status='info'>
					<td class='status info' title='info' alt='info'><i class='material-icons'>info_outline</i></td>
					<td class='timestamp'>5:24:16 PM</td>
					<td class='step-details'>[
    {
        "engagementRoleId": "6050fec083bab05523e2fbf5",
        "title": "Abc2mnopq",
        "organization": "5f950768fc13ae0ade000001",
        "id": "60740aa73b68650979e71243"
    },
    {
        "engagementRoleId": "6050fec083bab05523e2fbf5",
        "title": "Abc2nopqr",
        "organization": "5f950768fc13ae0ade000001",
        "id": "607ff0f37f6ff37f906222b6"
    },
    {
        "engagementRoleId": "6050fec083bab05523e2fbf5",
        "title": "Abc2opqrs",
        "organization": "5f950768fc13ae0ade000001",
        "id": "6080069b7f6ff37f906222b7"
    },
    {
        "engagementRoleId": "6050fec083bab05523e2fbf5",
        "title": "Abc2abcde",
        "organization": "5f950768fc13ae0ade000001",
        "id": "608011c27f6ff37f906222ba"
    },
    {
        "engagementRoleId": "6050fec083bab05523e2fbf5",
        "title": "Abc1",
        "organization": "5f950768fc13ae0ade000001",
        "id": "608011c37f6ff37f906222bb"
    }
]</td>
				</tr>
				<tr class='log' status='info'>
					<td class='status info' title='info' alt='info'><i class='material-icons'>info_outline</i></td>
					<td class='timestamp'>5:24:16 PM</td>
					<td class='step-details'>This is following HTTPStrictTransportSecurity--->max-age=63072000; includeSubDomains; preload</td>
				</tr>
				<tr class='log' status='pass'>
					<td class='status pass' title='pass' alt='pass'><i class='material-icons'>check_circle</i></td>
					<td class='timestamp'>5:24:16 PM</td>
					<td class='step-details'>Test passed</td>
				</tr>
			</tbody>
		</table>
	</div>
					</div>
				</li>
				
				
				<li class='test displayed active  pass' status='pass' bdd='false' test-id='9'>
					<div class='test-heading'>
						<span class='test-name'>patchUpdateAnEngagementRoleForAMethodology_status204</span>
						<span class='test-time'>Apr 21, 2021 05:24:16 PM</span>
						<span class='test-status right pass'>pass</span>
					</div>
					<div class='test-content hide'>
<div class='test-time-info'>
	<span class='label start-time'>Apr 21, 2021 05:24:16 PM</span>
	<span class='label end-time'>Apr 21, 2021 05:24:18 PM</span>
	<span class='label time-taken grey lighten-1 white-text'>0h 0m 2s+420ms</span>
</div>
	<div class='test-steps'>
		<table class='bordered table-results'>
			<thead>
				<tr>
					<th>Status</th>
					<th>Timestamp</th>
					<th>Details</th>
				</tr>
			</thead>
			<tbody>
				<tr class='log' status='info'>
					<td class='status info' title='info' alt='info'><i class='material-icons'>info_outline</i></td>
					<td class='timestamp'>5:24:18 PM</td>
					<td class='step-details'>The status code is 204</td>
				</tr>
				<tr class='log' status='info'>
					<td class='status info' title='info' alt='info'><i class='material-icons'>info_outline</i></td>
					<td class='timestamp'>5:24:18 PM</td>
					<td class='step-details'></td>
				</tr>
				<tr class='log' status='info'>
					<td class='status info' title='info' alt='info'><i class='material-icons'>info_outline</i></td>
					<td class='timestamp'>5:24:18 PM</td>
					<td class='step-details'>This is following HTTPStrictTransportSecurity--->max-age=63072000; includeSubDomains; preload</td>
				</tr>
				<tr class='log' status='pass'>
					<td class='status pass' title='pass' alt='pass'><i class='material-icons'>check_circle</i></td>
					<td class='timestamp'>5:24:18 PM</td>
					<td class='step-details'>Test passed</td>
				</tr>
			</tbody>
		</table>
	</div>
					</div>
				</li>
				
				
				<li class='test displayed active  pass' status='pass' bdd='false' test-id='10'>
					<div class='test-heading'>
						<span class='test-name'>patchUpdateAnEngagementRoleForAMethodology_status400</span>
						<span class='test-time'>Apr 21, 2021 05:24:18 PM</span>
						<span class='test-status right pass'>pass</span>
					</div>
					<div class='test-content hide'>
<div class='test-time-info'>
	<span class='label start-time'>Apr 21, 2021 05:24:18 PM</span>
	<span class='label end-time'>Apr 21, 2021 05:24:21 PM</span>
	<span class='label time-taken grey lighten-1 white-text'>0h 0m 2s+255ms</span>
</div>
	<div class='test-steps'>
		<table class='bordered table-results'>
			<thead>
				<tr>
					<th>Status</th>
					<th>Timestamp</th>
					<th>Details</th>
				</tr>
			</thead>
			<tbody>
				<tr class='log' status='info'>
					<td class='status info' title='info' alt='info'><i class='material-icons'>info_outline</i></td>
					<td class='timestamp'>5:24:21 PM</td>
					<td class='step-details'>The status code is 400</td>
				</tr>
				<tr class='log' status='info'>
					<td class='status info' title='info' alt='info'><i class='material-icons'>info_outline</i></td>
					<td class='timestamp'>5:24:21 PM</td>
					<td class='step-details'>{
    "errors": {
        "Title": [
            "required",
            "minLength"
        ]
    },
    "type": "https://tools.ietf.org/html/rfc7231#section-6.5.1",
    "title": "One or more validation errors occurred.",
    "status": 400,
    "traceId": "00-bc649529ac752d4392045a551f7e1186-f309d16a8b2e4640-00"
}</td>
				</tr>
				<tr class='log' status='info'>
					<td class='status info' title='info' alt='info'><i class='material-icons'>info_outline</i></td>
					<td class='timestamp'>5:24:21 PM</td>
					<td class='step-details'>This is following HTTPStrictTransportSecurity--->max-age=63072000; includeSubDomains; preload</td>
				</tr>
				<tr class='log' status='pass'>
					<td class='status pass' title='pass' alt='pass'><i class='material-icons'>check_circle</i></td>
					<td class='timestamp'>5:24:21 PM</td>
					<td class='step-details'>Test passed</td>
				</tr>
			</tbody>
		</table>
	</div>
					</div>
				</li>
				
				
				<li class='test displayed active  fail' status='fail' bdd='false' test-id='11'>
					<div class='test-heading'>
						<span class='test-name'>patchUpdateAnEngagementRoleForAMethodology_status409</span>
						<span class='test-time'>Apr 21, 2021 05:24:21 PM</span>
						<span class='test-status right fail'>fail</span>
					</div>
					<div class='test-content hide'>
<div class='test-time-info'>
	<span class='label start-time'>Apr 21, 2021 05:24:21 PM</span>
	<span class='label end-time'>Apr 21, 2021 05:24:23 PM</span>
	<span class='label time-taken grey lighten-1 white-text'>0h 0m 2s+470ms</span>
</div>
	<div class='test-steps'>
		<table class='bordered table-results'>
			<thead>
				<tr>
					<th>Status</th>
					<th>Timestamp</th>
					<th>Details</th>
				</tr>
			</thead>
			<tbody>
				<tr class='log' status='fail'>
					<td class='status fail' title='fail' alt='fail'><i class='material-icons'>cancel</i></td>
					<td class='timestamp'>5:24:23 PM</td>
					<td class='step-details'><pre>java.lang.AssertionError: expected [409] but found [204]
	at org.testng.Assert.fail(Assert.java:96)
	at org.testng.Assert.failNotEquals(Assert.java:776)
	at org.testng.Assert.assertEqualsImpl(Assert.java:137)
	at org.testng.Assert.assertEquals(Assert.java:118)
	at org.testng.Assert.assertEquals(Assert.java:652)
	at org.testng.Assert.assertEquals(Assert.java:662)
	at restassured.automation.testcases.Restassured_Automation_EngagementTeamRoles.patchUpdateAnEngagementRoleForAMethodology_status409(Restassured_Automation_EngagementTeamRoles.java:778)
	at sun.reflect.NativeMethodAccessorImpl.invoke0(Native Method)
	at sun.reflect.NativeMethodAccessorImpl.invoke(Unknown Source)
	at sun.reflect.DelegatingMethodAccessorImpl.invoke(Unknown Source)
	at java.lang.reflect.Method.invoke(Unknown Source)
	at org.testng.internal.MethodInvocationHelper.invokeMethod(MethodInvocationHelper.java:124)
	at org.testng.internal.Invoker.invokeMethod(Invoker.java:583)
	at org.testng.internal.Invoker.invokeTestMethod(Invoker.java:719)
	at org.testng.internal.Invoker.invokeTestMethods(Invoker.java:989)
	at org.testng.internal.TestMethodWorker.invokeTestMethods(TestMethodWorker.java:125)
	at org.testng.internal.TestMethodWorker.run(TestMethodWorker.java:109)
	at org.testng.TestRunner.privateRun(TestRunner.java:648)
	at org.testng.TestRunner.run(TestRunner.java:505)
	at org.testng.SuiteRunner.runTest(SuiteRunner.java:455)
	at org.testng.SuiteRunner.runSequentially(SuiteRunner.java:450)
	at org.testng.SuiteRunner.privateRun(SuiteRunner.java:415)
	at org.testng.SuiteRunner.run(SuiteRunner.java:364)
	at org.testng.SuiteRunnerWorker.runSuite(SuiteRunnerWorker.java:52)
	at org.testng.SuiteRunnerWorker.run(SuiteRunnerWorker.java:84)
	at org.testng.TestNG.runSuitesSequentially(TestNG.java:1208)
	at org.testng.TestNG.runSuitesLocally(TestNG.java:1137)
	at org.testng.TestNG.runSuites(TestNG.java:1049)
	at org.testng.TestNG.run(TestNG.java:1017)
	at org.testng.remote.AbstractRemoteTestNG.run(AbstractRemoteTestNG.java:114)
	at org.testng.remote.RemoteTestNG.initAndRun(RemoteTestNG.java:251)
	at org.testng.remote.RemoteTestNG.main(RemoteTestNG.java:77)
</pre></td>
				</tr>
			</tbody>
		</table>
	</div>
					</div>
				</li>
				
				
				<li class='test displayed active  pass' status='pass' bdd='false' test-id='12'>
					<div class='test-heading'>
						<span class='test-name'>patchUpdateAnEngagementRoleForAnOrganization_status204</span>
						<span class='test-time'>Apr 21, 2021 05:24:23 PM</span>
						<span class='test-status right pass'>pass</span>
					</div>
					<div class='test-content hide'>
<div class='test-time-info'>
	<span class='label start-time'>Apr 21, 2021 05:24:23 PM</span>
	<span class='label end-time'>Apr 21, 2021 05:24:24 PM</span>
	<span class='label time-taken grey lighten-1 white-text'>0h 0m 1s+401ms</span>
</div>
	<div class='test-steps'>
		<table class='bordered table-results'>
			<thead>
				<tr>
					<th>Status</th>
					<th>Timestamp</th>
					<th>Details</th>
				</tr>
			</thead>
			<tbody>
				<tr class='log' status='info'>
					<td class='status info' title='info' alt='info'><i class='material-icons'>info_outline</i></td>
					<td class='timestamp'>5:24:24 PM</td>
					<td class='step-details'>The status code is 204</td>
				</tr>
				<tr class='log' status='info'>
					<td class='status info' title='info' alt='info'><i class='material-icons'>info_outline</i></td>
					<td class='timestamp'>5:24:24 PM</td>
					<td class='step-details'></td>
				</tr>
				<tr class='log' status='info'>
					<td class='status info' title='info' alt='info'><i class='material-icons'>info_outline</i></td>
					<td class='timestamp'>5:24:24 PM</td>
					<td class='step-details'>This is following HTTPStrictTransportSecurity--->max-age=63072000; includeSubDomains; preload</td>
				</tr>
				<tr class='log' status='pass'>
					<td class='status pass' title='pass' alt='pass'><i class='material-icons'>check_circle</i></td>
					<td class='timestamp'>5:24:24 PM</td>
					<td class='step-details'>Test passed</td>
				</tr>
			</tbody>
		</table>
	</div>
					</div>
				</li>
				
				
				<li class='test displayed active  pass' status='pass' bdd='false' test-id='13'>
					<div class='test-heading'>
						<span class='test-name'>patchUpdateAnEngagementRoleForAnOrganization_status400</span>
						<span class='test-time'>Apr 21, 2021 05:24:24 PM</span>
						<span class='test-status right pass'>pass</span>
					</div>
					<div class='test-content hide'>
<div class='test-time-info'>
	<span class='label start-time'>Apr 21, 2021 05:24:24 PM</span>
	<span class='label end-time'>Apr 21, 2021 05:24:26 PM</span>
	<span class='label time-taken grey lighten-1 white-text'>0h 0m 1s+374ms</span>
</div>
	<div class='test-steps'>
		<table class='bordered table-results'>
			<thead>
				<tr>
					<th>Status</th>
					<th>Timestamp</th>
					<th>Details</th>
				</tr>
			</thead>
			<tbody>
				<tr class='log' status='info'>
					<td class='status info' title='info' alt='info'><i class='material-icons'>info_outline</i></td>
					<td class='timestamp'>5:24:26 PM</td>
					<td class='step-details'>The status code is 400</td>
				</tr>
				<tr class='log' status='info'>
					<td class='status info' title='info' alt='info'><i class='material-icons'>info_outline</i></td>
					<td class='timestamp'>5:24:26 PM</td>
					<td class='step-details'>{
    "errors": {
        "Title": [
            "required",
            "minLength"
        ]
    },
    "type": "https://tools.ietf.org/html/rfc7231#section-6.5.1",
    "title": "One or more validation errors occurred.",
    "status": 400,
    "traceId": "00-214d34370457cc4b95114fccc784d1b7-76b1d921d779c044-00"
}</td>
				</tr>
				<tr class='log' status='info'>
					<td class='status info' title='info' alt='info'><i class='material-icons'>info_outline</i></td>
					<td class='timestamp'>5:24:26 PM</td>
					<td class='step-details'>This is following HTTPStrictTransportSecurity--->max-age=63072000; includeSubDomains; preload</td>
				</tr>
				<tr class='log' status='pass'>
					<td class='status pass' title='pass' alt='pass'><i class='material-icons'>check_circle</i></td>
					<td class='timestamp'>5:24:26 PM</td>
					<td class='step-details'>Test passed</td>
				</tr>
			</tbody>
		</table>
	</div>
					</div>
				</li>
				
				
				<li class='test displayed active  fail' status='fail' bdd='false' test-id='14'>
					<div class='test-heading'>
						<span class='test-name'>patchUpdateAnEngagementRoleForAnOrganization_status409</span>
						<span class='test-time'>Apr 21, 2021 05:24:26 PM</span>
						<span class='test-status right fail'>fail</span>
					</div>
					<div class='test-content hide'>
<div class='test-time-info'>
	<span class='label start-time'>Apr 21, 2021 05:24:26 PM</span>
	<span class='label end-time'>Apr 21, 2021 05:24:27 PM</span>
	<span class='label time-taken grey lighten-1 white-text'>0h 0m 1s+416ms</span>
</div>
	<div class='test-steps'>
		<table class='bordered table-results'>
			<thead>
				<tr>
					<th>Status</th>
					<th>Timestamp</th>
					<th>Details</th>
				</tr>
			</thead>
			<tbody>
				<tr class='log' status='fail'>
					<td class='status fail' title='fail' alt='fail'><i class='material-icons'>cancel</i></td>
					<td class='timestamp'>5:24:27 PM</td>
					<td class='step-details'><pre>java.lang.AssertionError: expected [409] but found [204]
	at org.testng.Assert.fail(Assert.java:96)
	at org.testng.Assert.failNotEquals(Assert.java:776)
	at org.testng.Assert.assertEqualsImpl(Assert.java:137)
	at org.testng.Assert.assertEquals(Assert.java:118)
	at org.testng.Assert.assertEquals(Assert.java:652)
	at org.testng.Assert.assertEquals(Assert.java:662)
	at restassured.automation.testcases.Restassured_Automation_EngagementTeamRoles.patchUpdateAnEngagementRoleForAnOrganization_status409(Restassured_Automation_EngagementTeamRoles.java:297)
	at sun.reflect.NativeMethodAccessorImpl.invoke0(Native Method)
	at sun.reflect.NativeMethodAccessorImpl.invoke(Unknown Source)
	at sun.reflect.DelegatingMethodAccessorImpl.invoke(Unknown Source)
	at java.lang.reflect.Method.invoke(Unknown Source)
	at org.testng.internal.MethodInvocationHelper.invokeMethod(MethodInvocationHelper.java:124)
	at org.testng.internal.Invoker.invokeMethod(Invoker.java:583)
	at org.testng.internal.Invoker.invokeTestMethod(Invoker.java:719)
	at org.testng.internal.Invoker.invokeTestMethods(Invoker.java:989)
	at org.testng.internal.TestMethodWorker.invokeTestMethods(TestMethodWorker.java:125)
	at org.testng.internal.TestMethodWorker.run(TestMethodWorker.java:109)
	at org.testng.TestRunner.privateRun(TestRunner.java:648)
	at org.testng.TestRunner.run(TestRunner.java:505)
	at org.testng.SuiteRunner.runTest(SuiteRunner.java:455)
	at org.testng.SuiteRunner.runSequentially(SuiteRunner.java:450)
	at org.testng.SuiteRunner.privateRun(SuiteRunner.java:415)
	at org.testng.SuiteRunner.run(SuiteRunner.java:364)
	at org.testng.SuiteRunnerWorker.runSuite(SuiteRunnerWorker.java:52)
	at org.testng.SuiteRunnerWorker.run(SuiteRunnerWorker.java:84)
	at org.testng.TestNG.runSuitesSequentially(TestNG.java:1208)
	at org.testng.TestNG.runSuitesLocally(TestNG.java:1137)
	at org.testng.TestNG.runSuites(TestNG.java:1049)
	at org.testng.TestNG.run(TestNG.java:1017)
	at org.testng.remote.AbstractRemoteTestNG.run(AbstractRemoteTestNG.java:114)
	at org.testng.remote.RemoteTestNG.initAndRun(RemoteTestNG.java:251)
	at org.testng.remote.RemoteTestNG.main(RemoteTestNG.java:77)
</pre></td>
				</tr>
			</tbody>
		</table>
	</div>
					</div>
				</li>
				
				
				<li class='test displayed active  fail' status='fail' bdd='false' test-id='15'>
					<div class='test-heading'>
						<span class='test-name'>postCreateAnEngagementRoleForAMethodology_status200</span>
						<span class='test-time'>Apr 21, 2021 05:24:27 PM</span>
						<span class='test-status right fail'>fail</span>
					</div>
					<div class='test-content hide'>
<div class='test-time-info'>
	<span class='label start-time'>Apr 21, 2021 05:24:27 PM</span>
	<span class='label end-time'>Apr 21, 2021 05:24:28 PM</span>
	<span class='label time-taken grey lighten-1 white-text'>0h 0m 1s+116ms</span>
</div>
	<div class='test-steps'>
		<table class='bordered table-results'>
			<thead>
				<tr>
					<th>Status</th>
					<th>Timestamp</th>
					<th>Details</th>
				</tr>
			</thead>
			<tbody>
				<tr class='log' status='fail'>
					<td class='status fail' title='fail' alt='fail'><i class='material-icons'>cancel</i></td>
					<td class='timestamp'>5:24:28 PM</td>
					<td class='step-details'><pre>java.lang.StringIndexOutOfBoundsException: String index out of range: 37
	at java.lang.String.substring(Unknown Source)
	at restassured.automation.testcases.Restassured_Automation_EngagementTeamRoles.getRandomAlphaNum(Restassured_Automation_EngagementTeamRoles.java:48)
	at restassured.automation.testcases.Restassured_Automation_EngagementTeamRoles.postCreateAnEngagementRoleForAMethodology_status200(Restassured_Automation_EngagementTeamRoles.java:514)
	at sun.reflect.NativeMethodAccessorImpl.invoke0(Native Method)
	at sun.reflect.NativeMethodAccessorImpl.invoke(Unknown Source)
	at sun.reflect.DelegatingMethodAccessorImpl.invoke(Unknown Source)
	at java.lang.reflect.Method.invoke(Unknown Source)
	at org.testng.internal.MethodInvocationHelper.invokeMethod(MethodInvocationHelper.java:124)
	at org.testng.internal.Invoker.invokeMethod(Invoker.java:583)
	at org.testng.internal.Invoker.invokeTestMethod(Invoker.java:719)
	at org.testng.internal.Invoker.invokeTestMethods(Invoker.java:989)
	at org.testng.internal.TestMethodWorker.invokeTestMethods(TestMethodWorker.java:125)
	at org.testng.internal.TestMethodWorker.run(TestMethodWorker.java:109)
	at org.testng.TestRunner.privateRun(TestRunner.java:648)
	at org.testng.TestRunner.run(TestRunner.java:505)
	at org.testng.SuiteRunner.runTest(SuiteRunner.java:455)
	at org.testng.SuiteRunner.runSequentially(SuiteRunner.java:450)
	at org.testng.SuiteRunner.privateRun(SuiteRunner.java:415)
	at org.testng.SuiteRunner.run(SuiteRunner.java:364)
	at org.testng.SuiteRunnerWorker.runSuite(SuiteRunnerWorker.java:52)
	at org.testng.SuiteRunnerWorker.run(SuiteRunnerWorker.java:84)
	at org.testng.TestNG.runSuitesSequentially(TestNG.java:1208)
	at org.testng.TestNG.runSuitesLocally(TestNG.java:1137)
	at org.testng.TestNG.runSuites(TestNG.java:1049)
	at org.testng.TestNG.run(TestNG.java:1017)
	at org.testng.remote.AbstractRemoteTestNG.run(AbstractRemoteTestNG.java:114)
	at org.testng.remote.RemoteTestNG.initAndRun(RemoteTestNG.java:251)
	at org.testng.remote.RemoteTestNG.main(RemoteTestNG.java:77)
</pre></td>
				</tr>
			</tbody>
		</table>
	</div>
					</div>
				</li>
				
				
				<li class='test displayed active  pass' status='pass' bdd='false' test-id='16'>
					<div class='test-heading'>
						<span class='test-name'>postCreateAnEngagementRoleForAMethodology_status400</span>
						<span class='test-time'>Apr 21, 2021 05:24:28 PM</span>
						<span class='test-status right pass'>pass</span>
					</div>
					<div class='test-content hide'>
<div class='test-time-info'>
	<span class='label start-time'>Apr 21, 2021 05:24:28 PM</span>
	<span class='label end-time'>Apr 21, 2021 05:24:30 PM</span>
	<span class='label time-taken grey lighten-1 white-text'>0h 0m 1s+539ms</span>
</div>
	<div class='test-steps'>
		<table class='bordered table-results'>
			<thead>
				<tr>
					<th>Status</th>
					<th>Timestamp</th>
					<th>Details</th>
				</tr>
			</thead>
			<tbody>
				<tr class='log' status='info'>
					<td class='status info' title='info' alt='info'><i class='material-icons'>info_outline</i></td>
					<td class='timestamp'>5:24:30 PM</td>
					<td class='step-details'>The status code is 400</td>
				</tr>
				<tr class='log' status='info'>
					<td class='status info' title='info' alt='info'><i class='material-icons'>info_outline</i></td>
					<td class='timestamp'>5:24:30 PM</td>
					<td class='step-details'>{
    "errors": {
        "Title": [
            "required",
            "minLength"
        ]
    },
    "type": "https://tools.ietf.org/html/rfc7231#section-6.5.1",
    "title": "One or more validation errors occurred.",
    "status": 400,
    "traceId": "00-fb3ba1bbbf9ca64f8df156a5b3e281e7-b3585465c4596141-00"
}</td>
				</tr>
				<tr class='log' status='info'>
					<td class='status info' title='info' alt='info'><i class='material-icons'>info_outline</i></td>
					<td class='timestamp'>5:24:30 PM</td>
					<td class='step-details'>This is following HTTPStrictTransportSecurity--->max-age=63072000; includeSubDomains; preload</td>
				</tr>
				<tr class='log' status='pass'>
					<td class='status pass' title='pass' alt='pass'><i class='material-icons'>check_circle</i></td>
					<td class='timestamp'>5:24:30 PM</td>
					<td class='step-details'>Test passed</td>
				</tr>
			</tbody>
		</table>
	</div>
					</div>
				</li>
				
				
				<li class='test displayed active  pass' status='pass' bdd='false' test-id='17'>
					<div class='test-heading'>
						<span class='test-name'>postCreateAnEngagementRoleForAMethodology_status409</span>
						<span class='test-time'>Apr 21, 2021 05:24:30 PM</span>
						<span class='test-status right pass'>pass</span>
					</div>
					<div class='test-content hide'>
<div class='test-time-info'>
	<span class='label start-time'>Apr 21, 2021 05:24:30 PM</span>
	<span class='label end-time'>Apr 21, 2021 05:24:32 PM</span>
	<span class='label time-taken grey lighten-1 white-text'>0h 0m 1s+809ms</span>
</div>
	<div class='test-steps'>
		<table class='bordered table-results'>
			<thead>
				<tr>
					<th>Status</th>
					<th>Timestamp</th>
					<th>Details</th>
				</tr>
			</thead>
			<tbody>
				<tr class='log' status='info'>
					<td class='status info' title='info' alt='info'><i class='material-icons'>info_outline</i></td>
					<td class='timestamp'>5:24:32 PM</td>
					<td class='step-details'>The status code is 409</td>
				</tr>
				<tr class='log' status='info'>
					<td class='status info' title='info' alt='info'><i class='material-icons'>info_outline</i></td>
					<td class='timestamp'>5:24:32 PM</td>
					<td class='step-details'>{
    "type": "https://tools.ietf.org/html/rfc7231#section-6.5.8",
    "title": "Conflict",
    "status": 409,
    "traceId": "00-5331e995746f2a4ab1fd9a690c34e853-c698110a78c55c4e-00"
}</td>
				</tr>
				<tr class='log' status='info'>
					<td class='status info' title='info' alt='info'><i class='material-icons'>info_outline</i></td>
					<td class='timestamp'>5:24:32 PM</td>
					<td class='step-details'>This is following HTTPStrictTransportSecurity--->max-age=63072000; includeSubDomains; preload</td>
				</tr>
				<tr class='log' status='pass'>
					<td class='status pass' title='pass' alt='pass'><i class='material-icons'>check_circle</i></td>
					<td class='timestamp'>5:24:32 PM</td>
					<td class='step-details'>Test passed</td>
				</tr>
			</tbody>
		</table>
	</div>
					</div>
				</li>
				
				
				<li class='test displayed active  pass' status='pass' bdd='false' test-id='18'>
					<div class='test-heading'>
						<span class='test-name'>postCreateAnEngagementRoleForAnOrganization_status200</span>
						<span class='test-time'>Apr 21, 2021 05:24:32 PM</span>
						<span class='test-status right pass'>pass</span>
					</div>
					<div class='test-content hide'>
<div class='test-time-info'>
	<span class='label start-time'>Apr 21, 2021 05:24:32 PM</span>
	<span class='label end-time'>Apr 21, 2021 05:24:33 PM</span>
	<span class='label time-taken grey lighten-1 white-text'>0h 0m 1s+190ms</span>
</div>
	<div class='test-steps'>
		<table class='bordered table-results'>
			<thead>
				<tr>
					<th>Status</th>
					<th>Timestamp</th>
					<th>Details</th>
				</tr>
			</thead>
			<tbody>
				<tr class='log' status='info'>
					<td class='status info' title='info' alt='info'><i class='material-icons'>info_outline</i></td>
					<td class='timestamp'>5:24:33 PM</td>
					<td class='step-details'>The status code is 200</td>
				</tr>
				<tr class='log' status='info'>
					<td class='status info' title='info' alt='info'><i class='material-icons'>info_outline</i></td>
					<td class='timestamp'>5:24:33 PM</td>
					<td class='step-details'>{
    "engagementRoleId": "6050fec083bab05523e2fbf5",
    "title": "Abc2tuvwx",
    "organization": "5f950768fc13ae0ade000001",
    "id": "608012077f6ff37f906222bc"
}</td>
				</tr>
				<tr class='log' status='info'>
					<td class='status info' title='info' alt='info'><i class='material-icons'>info_outline</i></td>
					<td class='timestamp'>5:24:33 PM</td>
					<td class='step-details'>This is following HTTPStrictTransportSecurity--->max-age=63072000; includeSubDomains; preload</td>
				</tr>
				<tr class='log' status='pass'>
					<td class='status pass' title='pass' alt='pass'><i class='material-icons'>check_circle</i></td>
					<td class='timestamp'>5:24:33 PM</td>
					<td class='step-details'>Test passed</td>
				</tr>
			</tbody>
		</table>
	</div>
					</div>
				</li>
				
				
				<li class='test displayed active  pass' status='pass' bdd='false' test-id='19'>
					<div class='test-heading'>
						<span class='test-name'>postCreateAnEngagementRoleForAnOrganization_status400</span>
						<span class='test-time'>Apr 21, 2021 05:24:33 PM</span>
						<span class='test-status right pass'>pass</span>
					</div>
					<div class='test-content hide'>
<div class='test-time-info'>
	<span class='label start-time'>Apr 21, 2021 05:24:33 PM</span>
	<span class='label end-time'>Apr 21, 2021 05:24:34 PM</span>
	<span class='label time-taken grey lighten-1 white-text'>0h 0m 0s+935ms</span>
</div>
	<div class='test-steps'>
		<table class='bordered table-results'>
			<thead>
				<tr>
					<th>Status</th>
					<th>Timestamp</th>
					<th>Details</th>
				</tr>
			</thead>
			<tbody>
				<tr class='log' status='info'>
					<td class='status info' title='info' alt='info'><i class='material-icons'>info_outline</i></td>
					<td class='timestamp'>5:24:34 PM</td>
					<td class='step-details'>The status code is 400</td>
				</tr>
				<tr class='log' status='info'>
					<td class='status info' title='info' alt='info'><i class='material-icons'>info_outline</i></td>
					<td class='timestamp'>5:24:34 PM</td>
					<td class='step-details'>{
    "errors": {
        "Title": [
            "required",
            "minLength"
        ]
    },
    "type": "https://tools.ietf.org/html/rfc7231#section-6.5.1",
    "title": "One or more validation errors occurred.",
    "status": 400,
    "traceId": "00-541e7bec2f4ad3488e18ed8250ba4bd4-a7bc44c4147b0648-00"
}</td>
				</tr>
				<tr class='log' status='info'>
					<td class='status info' title='info' alt='info'><i class='material-icons'>info_outline</i></td>
					<td class='timestamp'>5:24:34 PM</td>
					<td class='step-details'>This is following HTTPStrictTransportSecurity--->max-age=63072000; includeSubDomains; preload</td>
				</tr>
				<tr class='log' status='pass'>
					<td class='status pass' title='pass' alt='pass'><i class='material-icons'>check_circle</i></td>
					<td class='timestamp'>5:24:34 PM</td>
					<td class='step-details'>Test passed</td>
				</tr>
			</tbody>
		</table>
	</div>
					</div>
				</li>
				
				
				<li class='test displayed active  pass' status='pass' bdd='false' test-id='20'>
					<div class='test-heading'>
						<span class='test-name'>postCreateAnEngagementRoleForAnOrganization_status409</span>
						<span class='test-time'>Apr 21, 2021 05:24:34 PM</span>
						<span class='test-status right pass'>pass</span>
					</div>
					<div class='test-content hide'>
<div class='test-time-info'>
	<span class='label start-time'>Apr 21, 2021 05:24:34 PM</span>
	<span class='label end-time'>Apr 21, 2021 05:24:35 PM</span>
	<span class='label time-taken grey lighten-1 white-text'>0h 0m 1s+5ms</span>
</div>
	<div class='test-steps'>
		<table class='bordered table-results'>
			<thead>
				<tr>
					<th>Status</th>
					<th>Timestamp</th>
					<th>Details</th>
				</tr>
			</thead>
			<tbody>
				<tr class='log' status='info'>
					<td class='status info' title='info' alt='info'><i class='material-icons'>info_outline</i></td>
					<td class='timestamp'>5:24:35 PM</td>
					<td class='step-details'>The status code is 409</td>
				</tr>
				<tr class='log' status='info'>
					<td class='status info' title='info' alt='info'><i class='material-icons'>info_outline</i></td>
					<td class='timestamp'>5:24:35 PM</td>
					<td class='step-details'>{
    "type": "https://tools.ietf.org/html/rfc7231#section-6.5.8",
    "title": "Conflict",
    "status": 409,
    "traceId": "00-a2142bbdf6111a41aa70411c7014b4eb-13037547af26914c-00"
}</td>
				</tr>
				<tr class='log' status='info'>
					<td class='status info' title='info' alt='info'><i class='material-icons'>info_outline</i></td>
					<td class='timestamp'>5:24:35 PM</td>
					<td class='step-details'>This is following HTTPStrictTransportSecurity--->max-age=63072000; includeSubDomains; preload</td>
				</tr>
				<tr class='log' status='pass'>
					<td class='status pass' title='pass' alt='pass'><i class='material-icons'>check_circle</i></td>
					<td class='timestamp'>5:24:35 PM</td>
					<td class='step-details'>Test passed</td>
				</tr>
			</tbody>
		</table>
	</div>
					</div>
				</li>
			</ul>
		</div>
	</div>
	<!-- subview left -->

	<div class='subview-right left'>
		<div class='view-summary'>
			<h5 class='test-name'></h5>

			<div id='step-filters' class="right">
				<span class="blue-text" status="info" alt="info" title="info"><i class="material-icons">info_outline</i></span>
				<span class="green-text" status="pass" alt="pass" title="pass"><i class="material-icons">check_circle</i></span>
				<span class="red-text" status="fail" alt="fail" title="fail"><i class="material-icons">cancel</i></span>
				<span class="red-text text-darken-4" status="fatal" alt="fatal" title="fatal"><i class="material-icons">cancel</i></span>
				<span class="pink-text text-lighten-1" status="error" alt="error" title="error"><i class="material-icons">error</i></span>
				<span class="orange-text" alt="warning" status="warning" title="warning"><i class="material-icons">warning</i></span>
				<span class="teal-text" status="skip" alt="skip" title="skip"><i class="material-icons">redo</i></span>
				<span status="clear" alt="Clear filters" title="Clear filters"><i class="material-icons">clear</i></span>
			</div>
		</div>
	</div>
	<!-- subview right -->


<div id='test-view-charts' class='subview-full'>
	<div id='charts-row' class='row nm-v nm-h'>
		<div class='col s12 m6 l6 np-h'>
			<div class='card-panel nm-v'>
				<div class='left panel-name'>Tests</div>
				<div class='chart-box'>
					<canvas id='parent-analysis' width='100' height='80'></canvas>
				</div>
				<div class='block text-small'>
					<span class='tooltipped' data-position='top' data-tooltip='85%'><span class='strong'>17</span> test(s) passed</span>
				</div>
				<div class='block text-small'>
					<span class='strong tooltipped' data-position='top' data-tooltip='15%'>3</span> test(s) failed, <span class='strong tooltipped' data-position='top' data-tooltip='0%'>0</span> others
				</div>
			</div>
		</div>
		
		<div class='col s12 m6 l6 np-h'>
			<div class='card-panel nm-v'>
				<div class='left panel-name'>Steps</div>
				<div class='chart-box'>
					<canvas id='child-analysis' width='100' height='80'></canvas>
				</div>
				<div class='block text-small'>
					<span class='tooltipped' data-position='top' data-tooltip='26.154%'><span class='strong'>17</span> step(s) passed</span>
				</div>
				<div class='block text-small'>
					<span class='strong tooltipped' data-position='top' data-tooltip='4.615%'>3</span> step(s) failed, <span class='strong tooltipped' data-position='top' data-tooltip='69.231%'>45</span> others
				</div>
			</div>
		</div>
		
	</div>
</div>
</div>
<!-- test view -->
<!-- category view -->
<div id='exception-view' class='view hide'>

    <section id='controls'>
        <div class='controls grey lighten-4'>
            <!-- search -->
            <div class='chip transparent' alt='Search Tests' title='Search Tests'>
                <a href="#" class='search-div'>
                    <i class='material-icons'>search</i> Search
                </a>

                <div class='input-field left hide'>
                    <input id='search-tests' type='text' class='validate browser-default' placeholder='Search Tests...'>
                </div>

            </div>
            <!-- search -->
        </div>
    </section>

    <div class='subview-left left'>

        <div class='view-summary'>
            <h5>Exceptions</h3>
                <ul id='exception-collection' class='exception-collection'>

                        <li class='exception displayed active'>
                            <div class='exception-heading'>
                                <span class='exception-name'>java.lang.AssertionError</span>
                                <span class='exception-count right'><span class='label red lighten-1 white-text'>2</span></span>
                            </div>
                            <div class='exception-content hide'>
                                <div class='exception-tests'>
                                    <table class='bordered table-results'>
                                        <thead>
                                        <tr>
                                            <th>Timestamp</th>
                                            <th>TestName</th>
                                            <th>Status</th>
                                        </tr>
                                        </thead>
                                        <tbody>
                                                    <tr>
                                                        <td>Apr 21, 2021 05:24:21 PM</td>
                                                        <td class='linked' test-id='11'>patchUpdateAnEngagementRoleForAMethodology_status409</td>
                                                        <td><pre><pre>java.lang.AssertionError: expected [409] but found [204]
	at org.testng.Assert.fail(Assert.java:96)
	at org.testng.Assert.failNotEquals(Assert.java:776)
	at org.testng.Assert.assertEqualsImpl(Assert.java:137)
	at org.testng.Assert.assertEquals(Assert.java:118)
	at org.testng.Assert.assertEquals(Assert.java:652)
	at org.testng.Assert.assertEquals(Assert.java:662)
	at restassured.automation.testcases.Restassured_Automation_EngagementTeamRoles.patchUpdateAnEngagementRoleForAMethodology_status409(Restassured_Automation_EngagementTeamRoles.java:778)
	at sun.reflect.NativeMethodAccessorImpl.invoke0(Native Method)
	at sun.reflect.NativeMethodAccessorImpl.invoke(Unknown Source)
	at sun.reflect.DelegatingMethodAccessorImpl.invoke(Unknown Source)
	at java.lang.reflect.Method.invoke(Unknown Source)
	at org.testng.internal.MethodInvocationHelper.invokeMethod(MethodInvocationHelper.java:124)
	at org.testng.internal.Invoker.invokeMethod(Invoker.java:583)
	at org.testng.internal.Invoker.invokeTestMethod(Invoker.java:719)
	at org.testng.internal.Invoker.invokeTestMethods(Invoker.java:989)
	at org.testng.internal.TestMethodWorker.invokeTestMethods(TestMethodWorker.java:125)
	at org.testng.internal.TestMethodWorker.run(TestMethodWorker.java:109)
	at org.testng.TestRunner.privateRun(TestRunner.java:648)
	at org.testng.TestRunner.run(TestRunner.java:505)
	at org.testng.SuiteRunner.runTest(SuiteRunner.java:455)
	at org.testng.SuiteRunner.runSequentially(SuiteRunner.java:450)
	at org.testng.SuiteRunner.privateRun(SuiteRunner.java:415)
	at org.testng.SuiteRunner.run(SuiteRunner.java:364)
	at org.testng.SuiteRunnerWorker.runSuite(SuiteRunnerWorker.java:52)
	at org.testng.SuiteRunnerWorker.run(SuiteRunnerWorker.java:84)
	at org.testng.TestNG.runSuitesSequentially(TestNG.java:1208)
	at org.testng.TestNG.runSuitesLocally(TestNG.java:1137)
	at org.testng.TestNG.runSuites(TestNG.java:1049)
	at org.testng.TestNG.run(TestNG.java:1017)
	at org.testng.remote.AbstractRemoteTestNG.run(AbstractRemoteTestNG.java:114)
	at org.testng.remote.RemoteTestNG.initAndRun(RemoteTestNG.java:251)
	at org.testng.remote.RemoteTestNG.main(RemoteTestNG.java:77)
</pre></pre></td>
                                                    </tr>
                                                    <tr>
                                                        <td>Apr 21, 2021 05:24:26 PM</td>
                                                        <td class='linked' test-id='14'>patchUpdateAnEngagementRoleForAnOrganization_status409</td>
                                                        <td><pre><pre>java.lang.AssertionError: expected [409] but found [204]
	at org.testng.Assert.fail(Assert.java:96)
	at org.testng.Assert.failNotEquals(Assert.java:776)
	at org.testng.Assert.assertEqualsImpl(Assert.java:137)
	at org.testng.Assert.assertEquals(Assert.java:118)
	at org.testng.Assert.assertEquals(Assert.java:652)
	at org.testng.Assert.assertEquals(Assert.java:662)
	at restassured.automation.testcases.Restassured_Automation_EngagementTeamRoles.patchUpdateAnEngagementRoleForAnOrganization_status409(Restassured_Automation_EngagementTeamRoles.java:297)
	at sun.reflect.NativeMethodAccessorImpl.invoke0(Native Method)
	at sun.reflect.NativeMethodAccessorImpl.invoke(Unknown Source)
	at sun.reflect.DelegatingMethodAccessorImpl.invoke(Unknown Source)
	at java.lang.reflect.Method.invoke(Unknown Source)
	at org.testng.internal.MethodInvocationHelper.invokeMethod(MethodInvocationHelper.java:124)
	at org.testng.internal.Invoker.invokeMethod(Invoker.java:583)
	at org.testng.internal.Invoker.invokeTestMethod(Invoker.java:719)
	at org.testng.internal.Invoker.invokeTestMethods(Invoker.java:989)
	at org.testng.internal.TestMethodWorker.invokeTestMethods(TestMethodWorker.java:125)
	at org.testng.internal.TestMethodWorker.run(TestMethodWorker.java:109)
	at org.testng.TestRunner.privateRun(TestRunner.java:648)
	at org.testng.TestRunner.run(TestRunner.java:505)
	at org.testng.SuiteRunner.runTest(SuiteRunner.java:455)
	at org.testng.SuiteRunner.runSequentially(SuiteRunner.java:450)
	at org.testng.SuiteRunner.privateRun(SuiteRunner.java:415)
	at org.testng.SuiteRunner.run(SuiteRunner.java:364)
	at org.testng.SuiteRunnerWorker.runSuite(SuiteRunnerWorker.java:52)
	at org.testng.SuiteRunnerWorker.run(SuiteRunnerWorker.java:84)
	at org.testng.TestNG.runSuitesSequentially(TestNG.java:1208)
	at org.testng.TestNG.runSuitesLocally(TestNG.java:1137)
	at org.testng.TestNG.runSuites(TestNG.java:1049)
	at org.testng.TestNG.run(TestNG.java:1017)
	at org.testng.remote.AbstractRemoteTestNG.run(AbstractRemoteTestNG.java:114)
	at org.testng.remote.RemoteTestNG.initAndRun(RemoteTestNG.java:251)
	at org.testng.remote.RemoteTestNG.main(RemoteTestNG.java:77)
</pre></pre></td>
                                                    </tr>
                                        </tbody>
                                    </table>
                                </div>
                            </div>
                        </li>
                        <li class='exception displayed active'>
                            <div class='exception-heading'>
                                <span class='exception-name'>java.lang.StringIndexOutOfBoundsException</span>
                                <span class='exception-count right'><span class='label red lighten-1 white-text'>1</span></span>
                            </div>
                            <div class='exception-content hide'>
                                <div class='exception-tests'>
                                    <table class='bordered table-results'>
                                        <thead>
                                        <tr>
                                            <th>Timestamp</th>
                                            <th>TestName</th>
                                            <th>Status</th>
                                        </tr>
                                        </thead>
                                        <tbody>
                                                    <tr>
                                                        <td>Apr 21, 2021 05:24:27 PM</td>
                                                        <td class='linked' test-id='15'>postCreateAnEngagementRoleForAMethodology_status200</td>
                                                        <td><pre><pre>java.lang.StringIndexOutOfBoundsException: String index out of range: 37
	at java.lang.String.substring(Unknown Source)
	at restassured.automation.testcases.Restassured_Automation_EngagementTeamRoles.getRandomAlphaNum(Restassured_Automation_EngagementTeamRoles.java:48)
	at restassured.automation.testcases.Restassured_Automation_EngagementTeamRoles.postCreateAnEngagementRoleForAMethodology_status200(Restassured_Automation_EngagementTeamRoles.java:514)
	at sun.reflect.NativeMethodAccessorImpl.invoke0(Native Method)
	at sun.reflect.NativeMethodAccessorImpl.invoke(Unknown Source)
	at sun.reflect.DelegatingMethodAccessorImpl.invoke(Unknown Source)
	at java.lang.reflect.Method.invoke(Unknown Source)
	at org.testng.internal.MethodInvocationHelper.invokeMethod(MethodInvocationHelper.java:124)
	at org.testng.internal.Invoker.invokeMethod(Invoker.java:583)
	at org.testng.internal.Invoker.invokeTestMethod(Invoker.java:719)
	at org.testng.internal.Invoker.invokeTestMethods(Invoker.java:989)
	at org.testng.internal.TestMethodWorker.invokeTestMethods(TestMethodWorker.java:125)
	at org.testng.internal.TestMethodWorker.run(TestMethodWorker.java:109)
	at org.testng.TestRunner.privateRun(TestRunner.java:648)
	at org.testng.TestRunner.run(TestRunner.java:505)
	at org.testng.SuiteRunner.runTest(SuiteRunner.java:455)
	at org.testng.SuiteRunner.runSequentially(SuiteRunner.java:450)
	at org.testng.SuiteRunner.privateRun(SuiteRunner.java:415)
	at org.testng.SuiteRunner.run(SuiteRunner.java:364)
	at org.testng.SuiteRunnerWorker.runSuite(SuiteRunnerWorker.java:52)
	at org.testng.SuiteRunnerWorker.run(SuiteRunnerWorker.java:84)
	at org.testng.TestNG.runSuitesSequentially(TestNG.java:1208)
	at org.testng.TestNG.runSuitesLocally(TestNG.java:1137)
	at org.testng.TestNG.runSuites(TestNG.java:1049)
	at org.testng.TestNG.run(TestNG.java:1017)
	at org.testng.remote.AbstractRemoteTestNG.run(AbstractRemoteTestNG.java:114)
	at org.testng.remote.RemoteTestNG.initAndRun(RemoteTestNG.java:251)
	at org.testng.remote.RemoteTestNG.main(RemoteTestNG.java:77)
</pre></pre></td>
                                                    </tr>
                                        </tbody>
                                    </table>
                                </div>
                            </div>
                        </li>
                </ul>
        </div>
    </div>

    <div class='subview-right left'>
        <div class='view-summary'>
            <h5 class='exception-name'></h5>
        </div>
    </div>
</div>
<!-- exception view -->
<div id='dashboard-view' class='view hide'>
	<div class='card-panel transparent np-v'>
		<h5>Dashboard</h5>

		<div class='row'>
			<div class='col s2'>
				<div class='card-panel r'>
					Tests
					<div class='panel-lead'>20</div>
				</div>
			</div>
			<div class='col s2'>
				<div class='card-panel r'>
					Steps
					<div class='panel-lead'>65</div>
				</div>
			</div>
			<div class='col s2'>
				<div class='card-panel r'>
					Start
					<div class='panel-lead'>Apr 21, 2021 05:23:55 PM</div>
				</div>
			</div>
			<div class='col s2'>
				<div class='card-panel r'>
			 		End
			 		<div class='panel-lead'>Apr 21, 2021 05:24:35 PM</div>
				</div>
			</div>
			<div class='col s2'>
				<div class='card-panel r'>
					Time Taken
					<div class='panel-lead'>0h 0m 40s+324ms</div>
				</div>
			</div>
			<div class='col s4'>
				<div class='card-panel dashboard-environment'>
					<span class='right label cyan white-text'>Environment</span><p>&nbsp;</p>
					
					<table>
						<tr>
							<th>Name</th>
							<th>Value</th>
						</tr>
							<tr>
								<td>OS</td>
								<td>Windows</td>
							</tr>
							<tr>
								<td>AUT</td>
								<td>QA</td>
							</tr>
							<tr>
								<td>City</td>
								<td>Bangalore</td>
							</tr>
							<tr>
								<td>Version</td>
								<td>1.2.3</td>
							</tr>
					</table>
				</div>
			</div>
		</div>
	</div>
</div>
<!-- dashboard view -->
<!-- testrunner-logs view -->
		</div>
		<!-- container -->

		<script>
			var statusGroup = {
				passParent: 17,
				failParent: 3,
				fatalParent: 0,
				errorParent: 0,
				warningParent: 0,
				skipParent: 0,
				exceptionsParent: 3,
				
				passChild: 17,
				failChild: 3,
				fatalChild: 0,
				errorChild: 0,
				warningChild: 0,
				skipChild: 0,
				infoChild: 45,
				exceptionsChild: 3,
				
				passGrandChild: 0,
				failGrandChild: 0,
				fatalGrandChild: 0,
				errorGrandChild: 0,
				warningGrandChild: 0,
				skipGrandChild: 0,
				infoGrandChild: 0,
				exceptionsGrandChild: 0,
			};
		</script>
		
			<script src='https://cdn.rawgit.com/anshooarora/extentreports-java/fca20fb7653aade98810546ab96a2a4360e3e712/dist/js/extent.js' type='text/javascript'></script>
		
		
 		<script type='text/javascript'>
 		</script>
	</body>
	
</html>
