<?xml version="1.0" encoding="UTF-8"?>
<!-- Generated by org.testng.reporters.JUnitReportReporter -->
<testsuite hostname="LTCH-5CD105HTG9" name="restassured.automation.testcases.Restassured_Automation_OrgRoles" tests="6" failures="0" timestamp="9 Jun 2021 08:12:52 GMT" time="16.504" errors="1">
  <testcase name="OrganisationRoles_GetTheListOfRoleDefinationsForTheOrganization_status200" time="1.423" classname="restassured.automation.testcases.Restassured_Automation_OrgRoles"/>
  <testcase name="OrganisationRoles_SUPER_USE_ENDPOINT_UpdateARolePermissionWithStatus_200" time="3.022" classname="restassured.automation.testcases.Restassured_Automation_OrgRoles"/>
  <testcase name="OrganisationRoles_GetSuperUserFuntionGetAListOfAllPremissionForAUser_status200" time="3.086" classname="restassured.automation.testcases.Restassured_Automation_OrgRoles">
    <error type="java.lang.IndexOutOfBoundsException" message="Index: 1, Size: 0">
      <![CDATA[java.lang.IndexOutOfBoundsException: Index: 1, Size: 0
	at java.util.ArrayList.rangeCheck(Unknown Source)
	at java.util.ArrayList.get(Unknown Source)
	at restassured.automation.testcases.Restassured_Automation_OrgRoles.OrganisationRoles_GetSuperUserFuntionGetAListOfAllPremissionForAUser_status200(Restassured_Automation_OrgRoles.java:98)
	at sun.reflect.NativeMethodAccessorImpl.invoke0(Native Method)
	at sun.reflect.NativeMethodAccessorImpl.invoke(Unknown Source)
	at sun.reflect.DelegatingMethodAccessorImpl.invoke(Unknown Source)
	at java.lang.reflect.Method.invoke(Unknown Source)
	at org.testng.internal.MethodInvocationHelper.invokeMethod(MethodInvocationHelper.java:86)
	at org.testng.internal.Invoker.invokeMethod(Invoker.java:645)
	at org.testng.internal.Invoker.invokeTestMethod(Invoker.java:822)
	at org.testng.internal.Invoker.invokeTestMethods(Invoker.java:1130)
	at org.testng.internal.TestMethodWorker.invokeTestMethods(TestMethodWorker.java:129)
	at org.testng.internal.TestMethodWorker.run(TestMethodWorker.java:112)
	at org.testng.TestRunner.privateRun(TestRunner.java:782)
	at org.testng.TestRunner.run(TestRunner.java:632)
	at org.testng.SuiteRunner.runTest(SuiteRunner.java:366)
	at org.testng.SuiteRunner.runSequentially(SuiteRunner.java:361)
	at org.testng.SuiteRunner.privateRun(SuiteRunner.java:319)
	at org.testng.SuiteRunner.run(SuiteRunner.java:268)
	at org.testng.SuiteRunnerWorker.runSuite(SuiteRunnerWorker.java:52)
	at org.testng.SuiteRunnerWorker.run(SuiteRunnerWorker.java:86)
	at org.testng.TestNG.runSuitesSequentially(TestNG.java:1244)
	at org.testng.TestNG.runSuitesLocally(TestNG.java:1169)
	at org.testng.TestNG.run(TestNG.java:1064)
	at org.testng.remote.RemoteTestNG.run(RemoteTestNG.java:113)
	at org.testng.remote.RemoteTestNG.initAndRun(RemoteTestNG.java:206)
	at org.testng.remote.RemoteTestNG.main(RemoteTestNG.java:177)
]]>
    </error>
  </testcase> <!-- OrganisationRoles_GetSuperUserFuntionGetAListOfAllPremissionForAUser_status200 -->
  <testcase name="OrganisationRoles_LoadAllRolesInformationForAnOrganizationWithStatus_200" time="2.947" classname="restassured.automation.testcases.Restassured_Automation_OrgRoles"/>
  <testcase name="OrganisationRoles_SUPER_USE_ENDPOINT_UpdateARolePermissionWithStatus_400" time="2.909" classname="restassured.automation.testcases.Restassured_Automation_OrgRoles"/>
  <testcase name="OrganisationRoles_SUPER_USE_ENDPOINT_UpdateARolePermissionWithStatus_409" time="3.117" classname="restassured.automation.testcases.Restassured_Automation_OrgRoles"/>
</testsuite> <!-- restassured.automation.testcases.Restassured_Automation_OrgRoles -->
