<?xml version="1.0" encoding="UTF-8"?>
<!-- Generated by org.testng.reporters.JUnitReportReporter -->
<testsuite skipped="0" hostname="LT-CHN-33875" name="restassured.automation.testcases.Restassured_Automation_EngagementTeamRoles" tests="18" failures="2" timestamp="21 Apr 2021 11:54:35 GMT" time="30.182" errors="1">
  <testcase name="postCreateAnEngagementRoleForAnOrganization_status200" time="1.175" classname="restassured.automation.testcases.Restassured_Automation_EngagementTeamRoles"/>
  <testcase name="postCreateAnEngagementRoleForAMethodology_status409" time="1.825" classname="restassured.automation.testcases.Restassured_Automation_EngagementTeamRoles"/>
  <testcase name="postCreateAnEngagementRoleForAnOrganization_status400" time="0.935" classname="restassured.automation.testcases.Restassured_Automation_EngagementTeamRoles"/>
  <testcase name="deleteDeleteAnEngagementRoleForAnOrganization_status204" time="1.441" classname="restassured.automation.testcases.Restassured_Automation_EngagementTeamRoles"/>
  <testcase name="patchUpdateAnEngagementRoleForAMethodology_status204" time="2.420" classname="restassured.automation.testcases.Restassured_Automation_EngagementTeamRoles"/>
  <testcase name="postCreateAnEngagementRoleForAnOrganization_status409" time="1.005" classname="restassured.automation.testcases.Restassured_Automation_EngagementTeamRoles"/>
  <testcase name="patchUpdateAnEngagementRoleForAnOrganization_status204" time="1.401" classname="restassured.automation.testcases.Restassured_Automation_EngagementTeamRoles"/>
  <testcase name="getLoadAllEngagementRolesInformationForARevision_status200" time="1.811" classname="restassured.automation.testcases.Restassured_Automation_EngagementTeamRoles"/>
  <testcase name="patchUpdateAnEngagementRoleForAnOrganization_status409" time="1.408" classname="restassured.automation.testcases.Restassured_Automation_EngagementTeamRoles">
    <failure type="java.lang.AssertionError" message="expected [409] but found [204]">
      <![CDATA[java.lang.AssertionError: expected [409] but found [204]
at org.testng.Assert.fail(Assert.java:96)
at org.testng.Assert.failNotEquals(Assert.java:776)
at org.testng.Assert.assertEqualsImpl(Assert.java:137)
at org.testng.Assert.assertEquals(Assert.java:118)
at org.testng.Assert.assertEquals(Assert.java:652)
at org.testng.Assert.assertEquals(Assert.java:662)
at restassured.automation.testcases.Restassured_Automation_EngagementTeamRoles.patchUpdateAnEngagementRoleForAnOrganization_status409(Restassured_Automation_EngagementTeamRoles.java:297)
at sun.reflect.NativeMethodAccessorImpl.invoke0(Native Method)
at sun.reflect.NativeMethodAccessorImpl.invoke(Unknown Source)
at sun.reflect.DelegatingMethodAccessorImpl.invoke(Unknown Source)
at java.lang.reflect.Method.invoke(Unknown Source)
at org.testng.internal.MethodInvocationHelper.invokeMethod(MethodInvocationHelper.java:124)
at org.testng.internal.Invoker.invokeMethod(Invoker.java:583)
at org.testng.internal.Invoker.invokeTestMethod(Invoker.java:719)
at org.testng.internal.Invoker.invokeTestMethods(Invoker.java:989)
at org.testng.internal.TestMethodWorker.invokeTestMethods(TestMethodWorker.java:125)
at org.testng.internal.TestMethodWorker.run(TestMethodWorker.java:109)
at org.testng.TestRunner.privateRun(TestRunner.java:648)
at org.testng.TestRunner.run(TestRunner.java:505)
at org.testng.SuiteRunner.runTest(SuiteRunner.java:455)
at org.testng.SuiteRunner.runSequentially(SuiteRunner.java:450)
at org.testng.SuiteRunner.privateRun(SuiteRunner.java:415)
at org.testng.SuiteRunner.run(SuiteRunner.java:364)
at org.testng.SuiteRunnerWorker.runSuite(SuiteRunnerWorker.java:52)
at org.testng.SuiteRunnerWorker.run(SuiteRunnerWorker.java:84)
at org.testng.TestNG.runSuitesSequentially(TestNG.java:1208)
at org.testng.TestNG.runSuitesLocally(TestNG.java:1137)
at org.testng.TestNG.runSuites(TestNG.java:1049)
at org.testng.TestNG.run(TestNG.java:1017)
at org.testng.remote.AbstractRemoteTestNG.run(AbstractRemoteTestNG.java:114)
at org.testng.remote.RemoteTestNG.initAndRun(RemoteTestNG.java:251)
at org.testng.remote.RemoteTestNG.main(RemoteTestNG.java:77)
]]>
    </failure>
  </testcase> <!-- patchUpdateAnEngagementRoleForAnOrganization_status409 -->
  <testcase name="patchUpdateAnEngagementRoleForAMethodology_status400" time="2.254" classname="restassured.automation.testcases.Restassured_Automation_EngagementTeamRoles"/>
  <testcase name="postCreateAnEngagementRoleForAMethodology_status400" time="1.539" classname="restassured.automation.testcases.Restassured_Automation_EngagementTeamRoles"/>
  <testcase name="deleteAnEngagementRoleForAMethodology_status400" time="3.157" classname="restassured.automation.testcases.Restassured_Automation_EngagementTeamRoles"/>
  <testcase name="patchUpdateAnEngagementRoleForAnOrganization_status400" time="1.380" classname="restassured.automation.testcases.Restassured_Automation_EngagementTeamRoles"/>
  <testcase name="deleteDeleteAnEngagementRoleForAnOrganization_status400" time="1.443" classname="restassured.automation.testcases.Restassured_Automation_EngagementTeamRoles"/>
  <testcase name="getLoadAllEngagementRolesInformationForAnOrganization_status200" time="0.904" classname="restassured.automation.testcases.Restassured_Automation_EngagementTeamRoles"/>
  <testcase name="patchUpdateAnEngagementRoleForAMethodology_status409" time="2.470" classname="restassured.automation.testcases.Restassured_Automation_EngagementTeamRoles">
    <failure type="java.lang.AssertionError" message="expected [409] but found [204]">
      <![CDATA[java.lang.AssertionError: expected [409] but found [204]
at org.testng.Assert.fail(Assert.java:96)
at org.testng.Assert.failNotEquals(Assert.java:776)
at org.testng.Assert.assertEqualsImpl(Assert.java:137)
at org.testng.Assert.assertEquals(Assert.java:118)
at org.testng.Assert.assertEquals(Assert.java:652)
at org.testng.Assert.assertEquals(Assert.java:662)
at restassured.automation.testcases.Restassured_Automation_EngagementTeamRoles.patchUpdateAnEngagementRoleForAMethodology_status409(Restassured_Automation_EngagementTeamRoles.java:778)
at sun.reflect.NativeMethodAccessorImpl.invoke0(Native Method)
at sun.reflect.NativeMethodAccessorImpl.invoke(Unknown Source)
at sun.reflect.DelegatingMethodAccessorImpl.invoke(Unknown Source)
at java.lang.reflect.Method.invoke(Unknown Source)
at org.testng.internal.MethodInvocationHelper.invokeMethod(MethodInvocationHelper.java:124)
at org.testng.internal.Invoker.invokeMethod(Invoker.java:583)
at org.testng.internal.Invoker.invokeTestMethod(Invoker.java:719)
at org.testng.internal.Invoker.invokeTestMethods(Invoker.java:989)
at org.testng.internal.TestMethodWorker.invokeTestMethods(TestMethodWorker.java:125)
at org.testng.internal.TestMethodWorker.run(TestMethodWorker.java:109)
at org.testng.TestRunner.privateRun(TestRunner.java:648)
at org.testng.TestRunner.run(TestRunner.java:505)
at org.testng.SuiteRunner.runTest(SuiteRunner.java:455)
at org.testng.SuiteRunner.runSequentially(SuiteRunner.java:450)
at org.testng.SuiteRunner.privateRun(SuiteRunner.java:415)
at org.testng.SuiteRunner.run(SuiteRunner.java:364)
at org.testng.SuiteRunnerWorker.runSuite(SuiteRunnerWorker.java:52)
at org.testng.SuiteRunnerWorker.run(SuiteRunnerWorker.java:84)
at org.testng.TestNG.runSuitesSequentially(TestNG.java:1208)
at org.testng.TestNG.runSuitesLocally(TestNG.java:1137)
at org.testng.TestNG.runSuites(TestNG.java:1049)
at org.testng.TestNG.run(TestNG.java:1017)
at org.testng.remote.AbstractRemoteTestNG.run(AbstractRemoteTestNG.java:114)
at org.testng.remote.RemoteTestNG.initAndRun(RemoteTestNG.java:251)
at org.testng.remote.RemoteTestNG.main(RemoteTestNG.java:77)
]]>
    </failure>
  </testcase> <!-- patchUpdateAnEngagementRoleForAMethodology_status409 -->
  <testcase name="postCreateAnEngagementRoleForAMethodology_status200" time="1.116" classname="restassured.automation.testcases.Restassured_Automation_EngagementTeamRoles">
    <error type="java.lang.StringIndexOutOfBoundsException" message="String index out of range: 37">
      <![CDATA[java.lang.StringIndexOutOfBoundsException: String index out of range: 37
at java.lang.String.substring(Unknown Source)
at restassured.automation.testcases.Restassured_Automation_EngagementTeamRoles.getRandomAlphaNum(Restassured_Automation_EngagementTeamRoles.java:48)
at restassured.automation.testcases.Restassured_Automation_EngagementTeamRoles.postCreateAnEngagementRoleForAMethodology_status200(Restassured_Automation_EngagementTeamRoles.java:514)
at sun.reflect.NativeMethodAccessorImpl.invoke0(Native Method)
at sun.reflect.NativeMethodAccessorImpl.invoke(Unknown Source)
at sun.reflect.DelegatingMethodAccessorImpl.invoke(Unknown Source)
at java.lang.reflect.Method.invoke(Unknown Source)
at org.testng.internal.MethodInvocationHelper.invokeMethod(MethodInvocationHelper.java:124)
at org.testng.internal.Invoker.invokeMethod(Invoker.java:583)
at org.testng.internal.Invoker.invokeTestMethod(Invoker.java:719)
at org.testng.internal.Invoker.invokeTestMethods(Invoker.java:989)
at org.testng.internal.TestMethodWorker.invokeTestMethods(TestMethodWorker.java:125)
at org.testng.internal.TestMethodWorker.run(TestMethodWorker.java:109)
at org.testng.TestRunner.privateRun(TestRunner.java:648)
at org.testng.TestRunner.run(TestRunner.java:505)
at org.testng.SuiteRunner.runTest(SuiteRunner.java:455)
at org.testng.SuiteRunner.runSequentially(SuiteRunner.java:450)
at org.testng.SuiteRunner.privateRun(SuiteRunner.java:415)
at org.testng.SuiteRunner.run(SuiteRunner.java:364)
at org.testng.SuiteRunnerWorker.runSuite(SuiteRunnerWorker.java:52)
at org.testng.SuiteRunnerWorker.run(SuiteRunnerWorker.java:84)
at org.testng.TestNG.runSuitesSequentially(TestNG.java:1208)
at org.testng.TestNG.runSuitesLocally(TestNG.java:1137)
at org.testng.TestNG.runSuites(TestNG.java:1049)
at org.testng.TestNG.run(TestNG.java:1017)
at org.testng.remote.AbstractRemoteTestNG.run(AbstractRemoteTestNG.java:114)
at org.testng.remote.RemoteTestNG.initAndRun(RemoteTestNG.java:251)
at org.testng.remote.RemoteTestNG.main(RemoteTestNG.java:77)
]]>
    </error>
  </testcase> <!-- postCreateAnEngagementRoleForAMethodology_status200 -->
  <testcase name="deleteAnEngagementRoleForAMethodology_status204" time="2.498" classname="restassured.automation.testcases.Restassured_Automation_EngagementTeamRoles"/>
</testsuite> <!-- restassured.automation.testcases.Restassured_Automation_EngagementTeamRoles -->
