<?xml version="1.0" encoding="UTF-8"?>
<!-- Generated by org.testng.reporters.JUnitReportReporter -->
<testsuite hostname="LTCH-5CD105HTG9" name="restassured.automation.testcases.Restassured_Automation_MethodologyItemFinancialStatment" tests="13" failures="0" timestamp="9 Jun 2021 08:12:52 GMT" time="205.818" errors="1">
  <testcase name="MethodologyItem_FinancialStatement_CreateANewFinancialStatementForAWorkProgramStatus_200" time="4.955" classname="restassured.automation.testcases.Restassured_Automation_MethodologyItemFinancialStatment">
    <error type="java.lang.StringIndexOutOfBoundsException" message="String index out of range: 38">
      <![CDATA[java.lang.StringIndexOutOfBoundsException: String index out of range: 38
	at java.lang.String.substring(Unknown Source)
	at restassured.automation.testcases.Restassured_Automation_MethodologyItemFinancialStatment.getRandomAlphaNum(Restassured_Automation_MethodologyItemFinancialStatment.java:44)
	at restassured.automation.testcases.Restassured_Automation_MethodologyItemFinancialStatment.MethodologyItem_FinancialStatement_CreateANewFinancialStatementForAWorkProgramStatus_200(Restassured_Automation_MethodologyItemFinancialStatment.java:106)
	at sun.reflect.NativeMethodAccessorImpl.invoke0(Native Method)
	at sun.reflect.NativeMethodAccessorImpl.invoke(Unknown Source)
	at sun.reflect.DelegatingMethodAccessorImpl.invoke(Unknown Source)
	at java.lang.reflect.Method.invoke(Unknown Source)
	at org.testng.internal.MethodInvocationHelper.invokeMethod(MethodInvocationHelper.java:86)
	at org.testng.internal.Invoker.invokeMethod(Invoker.java:645)
	at org.testng.internal.Invoker.invokeTestMethod(Invoker.java:822)
	at org.testng.internal.Invoker.invokeTestMethods(Invoker.java:1130)
	at org.testng.internal.TestMethodWorker.invokeTestMethods(TestMethodWorker.java:129)
	at org.testng.internal.TestMethodWorker.run(TestMethodWorker.java:112)
	at org.testng.TestRunner.privateRun(TestRunner.java:782)
	at org.testng.TestRunner.run(TestRunner.java:632)
	at org.testng.SuiteRunner.runTest(SuiteRunner.java:366)
	at org.testng.SuiteRunner.runSequentially(SuiteRunner.java:361)
	at org.testng.SuiteRunner.privateRun(SuiteRunner.java:319)
	at org.testng.SuiteRunner.run(SuiteRunner.java:268)
	at org.testng.SuiteRunnerWorker.runSuite(SuiteRunnerWorker.java:52)
	at org.testng.SuiteRunnerWorker.run(SuiteRunnerWorker.java:86)
	at org.testng.TestNG.runSuitesSequentially(TestNG.java:1244)
	at org.testng.TestNG.runSuitesLocally(TestNG.java:1169)
	at org.testng.TestNG.run(TestNG.java:1064)
	at org.testng.remote.RemoteTestNG.run(RemoteTestNG.java:113)
	at org.testng.remote.RemoteTestNG.initAndRun(RemoteTestNG.java:206)
	at org.testng.remote.RemoteTestNG.main(RemoteTestNG.java:177)
]]>
    </error>
  </testcase> <!-- MethodologyItem_FinancialStatement_CreateANewFinancialStatementForAWorkProgramStatus_200 -->
  <testcase name="MethodologyItem_FinancialStatement_CreateANewFinancialStatementForAWorkProgramStatus_400" time="14.813" classname="restassured.automation.testcases.Restassured_Automation_MethodologyItemFinancialStatment"/>
  <testcase name="MethodologyItem_FinancialStatement_UpdateFinancialStatementForAWorkProgramStatus_404" time="16.892" classname="restassured.automation.testcases.Restassured_Automation_MethodologyItemFinancialStatment"/>
  <testcase name="MethodologyItem_FinancialStatement_UpdateFinancialStatementForAWorkProgramStatus_400" time="17.195" classname="restassured.automation.testcases.Restassured_Automation_MethodologyItemFinancialStatment"/>
  <testcase name="MethodologyItem_FinancialStatement_UpdateFinancialStatementForAWorkProgramStatus_409" time="17.210" classname="restassured.automation.testcases.Restassured_Automation_MethodologyItemFinancialStatment"/>
  <testcase name="MethodologyItem_FinancialStatement_CreateANewFinancialStatementForAWorkProgramStatus_404" time="15.869" classname="restassured.automation.testcases.Restassured_Automation_MethodologyItemFinancialStatment"/>
  <testcase name="MethodologyItem_FinancialStatement_DeleteFinancialStatementForAWorkProgramStatus_404" time="15.666" classname="restassured.automation.testcases.Restassured_Automation_MethodologyItemFinancialStatment"/>
  <testcase name="MethodologyItem_FinancialStatement_DeleteFinancialStatementForAWorkProgramStatus_400" time="16.896" classname="restassured.automation.testcases.Restassured_Automation_MethodologyItemFinancialStatment"/>
  <testcase name="MethodologyItem_FinancialStatement_UpdateFinancialStatementForAWorkProgramStatus_204" time="17.041" classname="restassured.automation.testcases.Restassured_Automation_MethodologyItemFinancialStatment"/>
  <testcase name="MethodologyItem_FinancialStatement_MoveFinancialStatementForAWorkProgramStatus_204" time="16.792" classname="restassured.automation.testcases.Restassured_Automation_MethodologyItemFinancialStatment"/>
  <testcase name="MethodologyItem_FinancialStatement_DeleteFinancialStatementForAWorkProgramStatus_204" time="17.611" classname="restassured.automation.testcases.Restassured_Automation_MethodologyItemFinancialStatment"/>
  <testcase name="MethodologyItem_FinancialStatement_MoveFinancialStatementForAWorkProgramStatus_404" time="17.165" classname="restassured.automation.testcases.Restassured_Automation_MethodologyItemFinancialStatment"/>
  <testcase name="MethodologyItem_FinancialStatement_MoveFinancialStatementForAWorkProgramStatus_400" time="17.713" classname="restassured.automation.testcases.Restassured_Automation_MethodologyItemFinancialStatment"/>
</testsuite> <!-- restassured.automation.testcases.Restassured_Automation_MethodologyItemFinancialStatment -->
