<?xml version="1.0" encoding="UTF-8"?>
<!-- Generated by org.testng.reporters.JUnitXMLReporter -->
<testsuite hostname="LTCH-5CD105HTG9" name="Test" tests="28" failures="14" timestamp="22 Mar 2021 11:06:40 GMT" time="170.813" errors="0">
  <testcase name="ItemSelectQuestion_CreateANewOptionGroupForAnItemSelectQuestionStatus_200" time="9.028" classname="restassured.automation.testcases.Restassured_Automation_ItemSelectQuestion">
    <failure type="java.lang.AssertionError" message="expected [200] but found [400]">
      <![CDATA[java.lang.AssertionError: expected [200] but found [400]
	at restassured.automation.testcases.Restassured_Automation_ItemSelectQuestion.ItemSelectQuestion_CreateANewOptionGroupForAnItemSelectQuestionStatus_200(Restassured_Automation_ItemSelectQuestion.java:1049)
... Removed 30 stack frames]]>
    </failure>
  </testcase> <!-- ItemSelectQuestion_CreateANewOptionGroupForAnItemSelectQuestionStatus_200 -->
  <testcase name="ItemSelectQuestion_CreateANewOptionGroupForAnItemSelectQuestionStatus_400" time="6.149" classname="restassured.automation.testcases.Restassured_Automation_ItemSelectQuestion"/>
  <testcase name="ItemSelectQuestion_CreateANewOptionGroupForAnItemSelectQuestionStatus_404" time="6.14" classname="restassured.automation.testcases.Restassured_Automation_ItemSelectQuestion"/>
  <testcase name="ItemSelectQuestion_DeleteAnOptionFromAnItemSelectQuestion_status204" time="6.22" classname="restassured.automation.testcases.Restassured_Automation_ItemSelectQuestion">
    <failure type="java.lang.AssertionError" message="expected [204] but found [400]">
      <![CDATA[java.lang.AssertionError: expected [204] but found [400]
	at restassured.automation.testcases.Restassured_Automation_ItemSelectQuestion.ItemSelectQuestion_DeleteAnOptionFromAnItemSelectQuestion_status204(Restassured_Automation_ItemSelectQuestion.java:854)
... Removed 30 stack frames]]>
    </failure>
  </testcase> <!-- ItemSelectQuestion_DeleteAnOptionFromAnItemSelectQuestion_status204 -->
  <testcase name="ItemSelectQuestion_DeleteAnOptionFromAnItemSelectQuestion_status404" time="6.055" classname="restassured.automation.testcases.Restassured_Automation_ItemSelectQuestion"/>
  <testcase name="ItemSelectQuestion_DeleteAnOptionGroupFromAnItemSelectQuestion_204" time="6.184" classname="restassured.automation.testcases.Restassured_Automation_ItemSelectQuestion">
    <failure type="java.lang.AssertionError" message="expected [200] but found [400]">
      <![CDATA[java.lang.AssertionError: expected [200] but found [400]
	at restassured.automation.testcases.Restassured_Automation_ItemSelectQuestion.ItemSelectQuestion_DeleteAnOptionGroupFromAnItemSelectQuestion_204(Restassured_Automation_ItemSelectQuestion.java:1505)
... Removed 30 stack frames]]>
    </failure>
  </testcase> <!-- ItemSelectQuestion_DeleteAnOptionGroupFromAnItemSelectQuestion_204 -->
  <testcase name="ItemSelectQuestion_DeleteAnOptionGroupFromAnItemSelectQuestion_400" time="6.131" classname="restassured.automation.testcases.Restassured_Automation_ItemSelectQuestion">
    <failure type="java.lang.AssertionError" message="expected [200] but found [400]">
      <![CDATA[java.lang.AssertionError: expected [200] but found [400]
	at restassured.automation.testcases.Restassured_Automation_ItemSelectQuestion.ItemSelectQuestion_DeleteAnOptionGroupFromAnItemSelectQuestion_400(Restassured_Automation_ItemSelectQuestion.java:1677)
... Removed 30 stack frames]]>
    </failure>
  </testcase> <!-- ItemSelectQuestion_DeleteAnOptionGroupFromAnItemSelectQuestion_400 -->
  <testcase name="ItemSelectQuestion_DeleteAnOptionGroupFromAnItemSelectQuestion_404" time="6.155" classname="restassured.automation.testcases.Restassured_Automation_ItemSelectQuestion">
    <failure type="java.lang.AssertionError" message="expected [200] but found [400]">
      <![CDATA[java.lang.AssertionError: expected [200] but found [400]
	at restassured.automation.testcases.Restassured_Automation_ItemSelectQuestion.ItemSelectQuestion_DeleteAnOptionGroupFromAnItemSelectQuestion_404(Restassured_Automation_ItemSelectQuestion.java:1591)
... Removed 30 stack frames]]>
    </failure>
  </testcase> <!-- ItemSelectQuestion_DeleteAnOptionGroupFromAnItemSelectQuestion_404 -->
  <testcase name="ItemSelectQuestion_EndToEnd_Scenario" time="5.611" classname="restassured.automation.testcases.Restassured_Automation_ItemSelectQuestion">
    <failure type="java.lang.AssertionError" message="expected [200] but found [400]">
      <![CDATA[java.lang.AssertionError: expected [200] but found [400]
	at restassured.automation.testcases.Restassured_Automation_ItemSelectQuestion.ItemSelectQuestion_EndToEnd_Scenario(Restassured_Automation_ItemSelectQuestion.java:2059)
... Removed 30 stack frames]]>
    </failure>
  </testcase> <!-- ItemSelectQuestion_EndToEnd_Scenario -->
  <testcase name="ItemSelectQuestion_GetOptionsForASpecificItemSelectQuestionMethodologyItem_status200" time="5.579" classname="restassured.automation.testcases.Restassured_Automation_ItemSelectQuestion"/>
  <testcase name="ItemSelectQuestion_GetOptionsForASpecificItemSelectQuestionMethodologyItem_status400" time="5.789" classname="restassured.automation.testcases.Restassured_Automation_ItemSelectQuestion">
    <failure type="java.lang.AssertionError" message="expected [400] but found [200]">
      <![CDATA[java.lang.AssertionError: expected [400] but found [200]
	at restassured.automation.testcases.Restassured_Automation_ItemSelectQuestion.ItemSelectQuestion_GetOptionsForASpecificItemSelectQuestionMethodologyItem_status400(Restassured_Automation_ItemSelectQuestion.java:165)
... Removed 30 stack frames]]>
    </failure>
  </testcase> <!-- ItemSelectQuestion_GetOptionsForASpecificItemSelectQuestionMethodologyItem_status400 -->
  <testcase name="ItemSelectQuestion_GetOptionsForASpecificItemSelectQuestionMethodologyItem_status404" time="5.585" classname="restassured.automation.testcases.Restassured_Automation_ItemSelectQuestion"/>
  <testcase name="ItemSelectQuestion_MoveASelectQuestionFromItemOption_status200" time="6.474" classname="restassured.automation.testcases.Restassured_Automation_ItemSelectQuestion">
    <failure type="java.lang.AssertionError" message="expected [204] but found [500]">
      <![CDATA[java.lang.AssertionError: expected [204] but found [500]
	at restassured.automation.testcases.Restassured_Automation_ItemSelectQuestion.ItemSelectQuestion_MoveASelectQuestionFromItemOption_status200(Restassured_Automation_ItemSelectQuestion.java:1833)
... Removed 30 stack frames]]>
    </failure>
  </testcase> <!-- ItemSelectQuestion_MoveASelectQuestionFromItemOption_status200 -->
  <testcase name="ItemSelectQuestion_MoveASelectQuestionFromItemOption_status400" time="6.503" classname="restassured.automation.testcases.Restassured_Automation_ItemSelectQuestion">
    <failure type="java.lang.AssertionError" message="expected [400] but found [500]">
      <![CDATA[java.lang.AssertionError: expected [400] but found [500]
	at restassured.automation.testcases.Restassured_Automation_ItemSelectQuestion.ItemSelectQuestion_MoveASelectQuestionFromItemOption_status400(Restassured_Automation_ItemSelectQuestion.java:1912)
... Removed 30 stack frames]]>
    </failure>
  </testcase> <!-- ItemSelectQuestion_MoveASelectQuestionFromItemOption_status400 -->
  <testcase name="ItemSelectQuestion_MoveASelectQuestionFromItemOption_status404" time="6.573" classname="restassured.automation.testcases.Restassured_Automation_ItemSelectQuestion"/>
  <testcase name="ItemSelectQuestion_MoveASelectQuestionItemOption_200" time="5.636" classname="restassured.automation.testcases.Restassured_Automation_ItemSelectQuestion"/>
  <testcase name="ItemSelectQuestion_PatchUpdateASelectQuestionItemOption_status200" time="6.752" classname="restassured.automation.testcases.Restassured_Automation_ItemSelectQuestion">
    <failure type="java.lang.AssertionError" message="expected [204] but found [500]">
      <![CDATA[java.lang.AssertionError: expected [204] but found [500]
	at restassured.automation.testcases.Restassured_Automation_ItemSelectQuestion.ItemSelectQuestion_PatchUpdateASelectQuestionItemOption_status200(Restassured_Automation_ItemSelectQuestion.java:647)
... Removed 30 stack frames]]>
    </failure>
  </testcase> <!-- ItemSelectQuestion_PatchUpdateASelectQuestionItemOption_status200 -->
  <testcase name="ItemSelectQuestion_PatchUpdateASelectQuestionItemOption_status400" time="6.075" classname="restassured.automation.testcases.Restassured_Automation_ItemSelectQuestion"/>
  <testcase name="ItemSelectQuestion_PatchUpdateASelectQuestionItemOption_status404" time="6.15" classname="restassured.automation.testcases.Restassured_Automation_ItemSelectQuestion"/>
  <testcase name="ItemSelectQuestion_PostCreateANewOptionForAnItemSelectQuestion_status200" time="5.64" classname="restassured.automation.testcases.Restassured_Automation_ItemSelectQuestion">
    <failure type="java.lang.AssertionError" message="expected [200] but found [400]">
      <![CDATA[java.lang.AssertionError: expected [200] but found [400]
	at restassured.automation.testcases.Restassured_Automation_ItemSelectQuestion.ItemSelectQuestion_PostCreateANewOptionForAnItemSelectQuestion_status200(Restassured_Automation_ItemSelectQuestion.java:289)
... Removed 30 stack frames]]>
    </failure>
  </testcase> <!-- ItemSelectQuestion_PostCreateANewOptionForAnItemSelectQuestion_status200 -->
  <testcase name="ItemSelectQuestion_PostCreateANewOptionForAnItemSelectQuestion_status400" time="5.599" classname="restassured.automation.testcases.Restassured_Automation_ItemSelectQuestion"/>
  <testcase name="ItemSelectQuestion_PostCreateANewOptionForAnItemSelectQuestion_status404" time="5.661" classname="restassured.automation.testcases.Restassured_Automation_ItemSelectQuestion"/>
  <testcase name="ItemSelectQuestion_PutSafelyInitializeNewOptionsForASelectQuestion_status200" time="5.645" classname="restassured.automation.testcases.Restassured_Automation_ItemSelectQuestion"/>
  <testcase name="ItemSelectQuestion_PutSafelyInitializeNewOptionsForASelectQuestion_status400" time="5.732" classname="restassured.automation.testcases.Restassured_Automation_ItemSelectQuestion"/>
  <testcase name="ItemSelectQuestion_PutSafelyInitializeNewOptionsForASelectQuestion_status404" time="5.532" classname="restassured.automation.testcases.Restassured_Automation_ItemSelectQuestion"/>
  <testcase name="ItemSelectQuestion_UpdateASelectQuestionItemOptionGroup_204" time="5.983" classname="restassured.automation.testcases.Restassured_Automation_ItemSelectQuestion">
    <failure type="java.lang.AssertionError" message="expected [200] but found [400]">
      <![CDATA[java.lang.AssertionError: expected [200] but found [400]
	at restassured.automation.testcases.Restassured_Automation_ItemSelectQuestion.ItemSelectQuestion_UpdateASelectQuestionItemOptionGroup_204(Restassured_Automation_ItemSelectQuestion.java:1238)
... Removed 30 stack frames]]>
    </failure>
  </testcase> <!-- ItemSelectQuestion_UpdateASelectQuestionItemOptionGroup_204 -->
  <testcase name="ItemSelectQuestion_UpdateASelectQuestionItemOptionGroup_400" time="5.99" classname="restassured.automation.testcases.Restassured_Automation_ItemSelectQuestion">
    <failure type="java.lang.AssertionError" message="expected [200] but found [400]">
      <![CDATA[java.lang.AssertionError: expected [200] but found [400]
	at restassured.automation.testcases.Restassured_Automation_ItemSelectQuestion.ItemSelectQuestion_UpdateASelectQuestionItemOptionGroup_400(Restassured_Automation_ItemSelectQuestion.java:1417)
... Removed 30 stack frames]]>
    </failure>
  </testcase> <!-- ItemSelectQuestion_UpdateASelectQuestionItemOptionGroup_400 -->
  <testcase name="ItemSelectQuestion_UpdateASelectQuestionItemOptionGroup_404" time="6.172" classname="restassured.automation.testcases.Restassured_Automation_ItemSelectQuestion">
    <failure type="java.lang.AssertionError" message="expected [200] but found [400]">
      <![CDATA[java.lang.AssertionError: expected [200] but found [400]
	at restassured.automation.testcases.Restassured_Automation_ItemSelectQuestion.ItemSelectQuestion_UpdateASelectQuestionItemOptionGroup_404(Restassured_Automation_ItemSelectQuestion.java:1329)
... Removed 30 stack frames]]>
    </failure>
  </testcase> <!-- ItemSelectQuestion_UpdateASelectQuestionItemOptionGroup_404 -->
</testsuite> <!-- Test -->
